- 0:0:0:0:0:0:0:1 - - [31/May/2021:14:13:02 +0800] GET /amarpack/swagger-ui.html HTTP/1.1 404 286 0.057
- 0:0:0:0:0:0:0:1 - - [31/May/2021:14:13:31 +0800] GET /amarpack/swagger-ui.html HTTP/1.1 404 286 0.004
- 0:0:0:0:0:0:0:1 - - [31/May/2021:14:13:36 +0800] GET /amarpack/ HTTP/1.1 404 286 0.003
- 0:0:0:0:0:0:0:1 - - [31/May/2021:14:14:24 +0800] GET /swagger-ui.html HTTP/1.1 404 431 0.002
- 0:0:0:0:0:0:0:1 - - [31/May/2021:14:14:29 +0800] GET /amarpack/swagger-ui.html HTTP/1.1 404 286 0.004
- 0:0:0:0:0:0:0:1 - - [31/May/2021:14:15:15 +0800] GET /amarpack/main HTTP/1.1 200 1323 0.216
- 0:0:0:0:0:0:0:1 - - [31/May/2021:14:15:15 +0800] GET /amarpack/static/layui/css/layui.css HTTP/1.1 200 79763 0.020
- 0:0:0:0:0:0:0:1 - - [31/May/2021:14:15:15 +0800] GET /amarpack/static/layui/layui.js HTTP/1.1 200 284958 0.118
- 0:0:0:0:0:0:0:1 - - [31/May/2021:14:15:15 +0800] GET /amarpack/static/layui/css/modules/laydate/default/laydate.css?v=5.2.0 HTTP/1.1 200 7125 0.007
- 0:0:0:0:0:0:0:1 - - [31/May/2021:14:15:15 +0800] GET /amarpack/static/layui/css/modules/layer/default/layer.css?v=3.3.0 HTTP/1.1 200 14345 0.008
- 0:0:0:0:0:0:0:1 - - [31/May/2021:14:15:15 +0800] GET /amarpack/static/layui/css/modules/code.css?v=1 HTTP/1.1 200 1319 0.008
- 0:0:0:0:0:0:0:1 - - [31/May/2021:14:15:20 +0800] GET /amarpack/main HTTP/1.1 200 1323 0.005
- 0:0:0:0:0:0:0:1 - - [31/May/2021:14:15:21 +0800] GET /amarpack/main HTTP/1.1 200 1323 0.004
- 0:0:0:0:0:0:0:1 - - [31/May/2021:14:16:21 +0800] GET /amarpack/swagger-ui.html HTTP/1.1 404 286 0.004
- 0:0:0:0:0:0:0:1 - - [31/May/2021:14:16:26 +0800] GET /swagger-ui.html HTTP/1.1 404 431 0.001
- 0:0:0:0:0:0:0:1 - - [31/May/2021:14:16:31 +0800] GET /amarpack/swagger-ui.html HTTP/1.1 404 286 0.003
- 0:0:0:0:0:0:0:1 - - [31/May/2021:14:17:01 +0800] GET /amarpack//swagger-ui/index.html HTTP/1.1 404 286 0.003
- 0:0:0:0:0:0:0:1 - - [31/May/2021:14:18:16 +0800] GET /amarpack//swagger-ui.html HTTP/1.1 200 3318 0.038
- 0:0:0:0:0:0:0:1 - - [31/May/2021:14:18:16 +0800] GET /amarpack//webjars/springfox-swagger-ui/springfox.css?v=2.9.2 HTTP/1.1 200 2894 0.006
- 0:0:0:0:0:0:0:1 - - [31/May/2021:14:18:16 +0800] GET /amarpack//webjars/springfox-swagger-ui/springfox.js?v=2.9.2 HTTP/1.1 200 96207 0.009
- 0:0:0:0:0:0:0:1 - - [31/May/2021:14:18:16 +0800] GET /amarpack//webjars/springfox-swagger-ui/swagger-ui.css?v=2.9.2 HTTP/1.1 200 154488 0.012
- 0:0:0:0:0:0:0:1 - - [31/May/2021:14:18:16 +0800] GET /amarpack//webjars/springfox-swagger-ui/swagger-ui-standalone-preset.js?v=2.9.2 HTTP/1.1 200 440850 0.017
- 0:0:0:0:0:0:0:1 - - [31/May/2021:14:18:16 +0800] GET /amarpack//webjars/springfox-swagger-ui/swagger-ui-bundle.js?v=2.9.2 HTTP/1.1 200 1448844 0.026
- 0:0:0:0:0:0:0:1 - - [31/May/2021:14:18:16 +0800] GET /amarpack//webjars/springfox-swagger-ui/favicon-32x32.png?v=2.9.2 HTTP/1.1 200 1141 0.004
- 0:0:0:0:0:0:0:1 - - [31/May/2021:14:18:16 +0800] GET /amarpack//swagger-resources/configuration/ui HTTP/1.1 200 462 0.037
- 0:0:0:0:0:0:0:1 - - [31/May/2021:14:18:16 +0800] GET /amarpack//swagger-resources/configuration/security HTTP/1.1 200 12 0.006
- 0:0:0:0:0:0:0:1 - - [31/May/2021:14:18:16 +0800] GET /amarpack//swagger-resources HTTP/1.1 200 101 0.009
- 0:0:0:0:0:0:0:1 - - [31/May/2021:14:18:16 +0800] GET /amarpack// HTTP/1.1 404 123 0.012
- 0:0:0:0:0:0:0:1 - - [31/May/2021:14:18:16 +0800] GET /amarpack//webjars/springfox-swagger-ui/fonts/titillium-web-v6-latin-700.woff2 HTTP/1.1 200 11640 0.003
- 0:0:0:0:0:0:0:1 - - [31/May/2021:14:18:16 +0800] GET /amarpack//csrf HTTP/1.1 404 127 0.006
- 0:0:0:0:0:0:0:1 - - [31/May/2021:14:18:17 +0800] GET /amarpack//v2/api-docs HTTP/1.1 200 6682 0.078
- 0:0:0:0:0:0:0:1 - - [31/May/2021:14:18:17 +0800] GET /amarpack//webjars/springfox-swagger-ui/fonts/open-sans-v15-latin-700.woff2 HTTP/1.1 200 14720 0.005
- 0:0:0:0:0:0:0:1 - - [31/May/2021:14:18:17 +0800] GET /amarpack//webjars/springfox-swagger-ui/fonts/source-code-pro-v7-latin-300.woff2 HTTP/1.1 200 13292 0.004
- 0:0:0:0:0:0:0:1 - - [31/May/2021:14:18:17 +0800] GET /amarpack//webjars/springfox-swagger-ui/fonts/open-sans-v15-latin-regular.woff2 HTTP/1.1 200 14048 0.004
- 0:0:0:0:0:0:0:1 - - [31/May/2021:14:18:23 +0800] GET /amarpack//webjars/springfox-swagger-ui/fonts/source-code-pro-v7-latin-600.woff2 HTTP/1.1 200 12956 0.002
- 0:0:0:0:0:0:0:1 - - [31/May/2021:14:18:28 +0800] GET /amarpack//webjars/springfox-swagger-ui/fonts/titillium-web-v6-latin-regular.woff2 HTTP/1.1 200 12264 0.002
- 0:0:0:0:0:0:0:1 - - [31/May/2021:14:19:10 +0800] GET /amarpack/download?company=dataAndcredit&fileType=doc&templateType=edsservice-icon&transcodes=R1103 HTTP/1.1 200 - 0.014
- 0:0:0:0:0:0:0:1 - - [31/May/2021:14:19:16 +0800] GET /amarpack/download?company=dataAndcredit&fileType=doc&templateType=edsservice-icon&transcodes=R1103 HTTP/1.1 200 - 0.004
- 0:0:0:0:0:0:0:1 - - [31/May/2021:14:22:05 +0800] GET /amarpack//swagger-ui.html HTTP/1.1 304 - 0.034
- 0:0:0:0:0:0:0:1 - - [31/May/2021:14:22:06 +0800] GET /amarpack//webjars/springfox-swagger-ui/favicon-32x32.png?v=2.9.2 HTTP/1.1 200 1141 0.007
- 0:0:0:0:0:0:0:1 - - [31/May/2021:14:22:06 +0800] GET /amarpack//swagger-resources/configuration/ui HTTP/1.1 200 462 0.042
- 0:0:0:0:0:0:0:1 - - [31/May/2021:14:22:06 +0800] GET /amarpack//swagger-resources/configuration/security HTTP/1.1 200 12 0.007
- 0:0:0:0:0:0:0:1 - - [31/May/2021:14:22:06 +0800] GET /amarpack//swagger-resources HTTP/1.1 200 101 0.008
- 0:0:0:0:0:0:0:1 - - [31/May/2021:14:22:06 +0800] GET /amarpack// HTTP/1.1 404 123 0.017
- 0:0:0:0:0:0:0:1 - - [31/May/2021:14:22:06 +0800] GET /amarpack//csrf HTTP/1.1 404 127 0.007
- 0:0:0:0:0:0:0:1 - - [31/May/2021:14:22:06 +0800] GET /amarpack//v2/api-docs HTTP/1.1 200 6781 0.077
- 0:0:0:0:0:0:0:1 - - [31/May/2021:14:22:49 +0800] GET /amarpack/download?company=dataAndcredit&fileType=doc&templateType=edsservice-icon&transcodes=R1103 HTTP/1.1 200 - 7.119
- 0:0:0:0:0:0:0:1 - - [31/May/2021:14:26:29 +0800] GET /amarpack/download?company=dataAndcredit&fileType=doc&templateType=edsservice-icon&transcodes=R1103 HTTP/1.1 200 - 6.166
- 0:0:0:0:0:0:0:1 - - [31/May/2021:14:37:55 +0800] GET /amarpack/download?company=dataAndcredit&fileType=doc&templateType=edsservice-icon&transcodes=R1103 HTTP/1.1 200 1318031 0.524
- 0:0:0:0:0:0:0:1 - - [31/May/2021:14:45:36 +0800] GET /amarpack//swagger-ui.html HTTP/1.1 304 - 0.032
- 0:0:0:0:0:0:0:1 - - [31/May/2021:14:45:36 +0800] GET /amarpack//webjars/springfox-swagger-ui/favicon-32x32.png?v=2.9.2 HTTP/1.1 200 1141 0.007
- 0:0:0:0:0:0:0:1 - - [31/May/2021:14:45:36 +0800] GET /amarpack//swagger-resources/configuration/ui HTTP/1.1 200 462 0.057
- 0:0:0:0:0:0:0:1 - - [31/May/2021:14:45:36 +0800] GET /amarpack//swagger-resources/configuration/security HTTP/1.1 200 12 0.009
- 0:0:0:0:0:0:0:1 - - [31/May/2021:14:45:36 +0800] GET /amarpack//swagger-resources HTTP/1.1 200 101 0.006
- 0:0:0:0:0:0:0:1 - - [31/May/2021:14:45:36 +0800] GET /amarpack// HTTP/1.1 404 123 0.014
- 0:0:0:0:0:0:0:1 - - [31/May/2021:14:45:36 +0800] GET /amarpack//csrf HTTP/1.1 404 127 0.003
- 0:0:0:0:0:0:0:1 - - [31/May/2021:14:45:36 +0800] GET /amarpack//v2/api-docs HTTP/1.1 200 5963 0.062
- 0:0:0:0:0:0:0:1 - - [31/May/2021:14:45:46 +0800] GET /amarpack/download?company=dataAndcredit&templateType=edsservice-icon&transcodes=R1103 HTTP/1.1 200 1318031 0.424
- 0:0:0:0:0:0:0:1 - - [31/May/2021:14:46:04 +0800] GET /amarpack/download?company=dataAndcredit&templateType=edsservice-icon&transcodes=R1103 HTTP/1.1 200 1318031 0.158
- 0:0:0:0:0:0:0:1 - - [31/May/2021:14:47:40 +0800] GET /amarpack/download?company=dataAndcredit&templateType=edsservice-icon&transcodes=R1103%2CR11C53%2CR1104 HTTP/1.1 200 2789204 0.469
- 0:0:0:0:0:0:0:1 - - [31/May/2021:15:07:27 +0800] GET /amarpack//swagger-ui.html HTTP/1.1 304 - 0.033
- 0:0:0:0:0:0:0:1 - - [31/May/2021:15:07:27 +0800] GET /amarpack//webjars/springfox-swagger-ui/favicon-32x32.png?v=2.9.2 HTTP/1.1 200 1141 0.006
- 0:0:0:0:0:0:0:1 - - [31/May/2021:15:07:27 +0800] GET /amarpack//swagger-resources/configuration/ui HTTP/1.1 200 462 0.053
- 0:0:0:0:0:0:0:1 - - [31/May/2021:15:07:27 +0800] GET /amarpack//swagger-resources/configuration/security HTTP/1.1 200 12 0.005
- 0:0:0:0:0:0:0:1 - - [31/May/2021:15:07:27 +0800] GET /amarpack//swagger-resources HTTP/1.1 200 101 0.007
- 0:0:0:0:0:0:0:1 - - [31/May/2021:15:07:27 +0800] GET /amarpack// HTTP/1.1 404 123 0.016
- 0:0:0:0:0:0:0:1 - - [31/May/2021:15:07:27 +0800] GET /amarpack//csrf HTTP/1.1 404 127 0.002
- 0:0:0:0:0:0:0:1 - - [31/May/2021:15:07:27 +0800] GET /amarpack//v2/api-docs HTTP/1.1 200 5963 0.065
- 0:0:0:0:0:0:0:1 - - [31/May/2021:15:07:47 +0800] GET /amarpack/download?company=dataAndcredit&templateType=edsservice-icon&transcodes=R1103 HTTP/1.1 200 1279679 0.457
- 0:0:0:0:0:0:0:1 - - [31/May/2021:15:08:18 +0800] GET /amarpack/download?company=dataAndcredit&templateType=edsservice-icon&transcodes=R1103 HTTP/1.1 200 1279679 0.181
- 0:0:0:0:0:0:0:1 - - [31/May/2021:15:10:13 +0800] GET /amarpack//swagger-ui.html HTTP/1.1 304 - 0.032
- 0:0:0:0:0:0:0:1 - - [31/May/2021:15:10:13 +0800] GET /amarpack//webjars/springfox-swagger-ui/favicon-32x32.png?v=2.9.2 HTTP/1.1 200 1141 0.006
- 0:0:0:0:0:0:0:1 - - [31/May/2021:15:10:13 +0800] GET /amarpack//swagger-resources/configuration/ui HTTP/1.1 200 462 0.058
- 0:0:0:0:0:0:0:1 - - [31/May/2021:15:10:13 +0800] GET /amarpack//swagger-resources/configuration/security HTTP/1.1 200 12 0.006
- 0:0:0:0:0:0:0:1 - - [31/May/2021:15:10:13 +0800] GET /amarpack//swagger-resources HTTP/1.1 200 101 0.006
- 0:0:0:0:0:0:0:1 - - [31/May/2021:15:10:13 +0800] GET /amarpack// HTTP/1.1 404 123 0.016
- 0:0:0:0:0:0:0:1 - - [31/May/2021:15:10:13 +0800] GET /amarpack//csrf HTTP/1.1 404 127 0.003
- 0:0:0:0:0:0:0:1 - - [31/May/2021:15:10:13 +0800] GET /amarpack//v2/api-docs HTTP/1.1 200 5963 0.065
- 0:0:0:0:0:0:0:1 - - [31/May/2021:15:10:23 +0800] GET /amarpack/download?company=dataAndcredit&templateType=edsservice-icon&transcodes=R1103 HTTP/1.1 200 1316692 0.472
- 0:0:0:0:0:0:0:1 - - [31/May/2021:15:10:53 +0800] GET /amarpack/download?company=dataAndcredit&templateType=edsservice-icon&transcodes=R1103%2CR11166 HTTP/1.1 200 113 0.126
- 0:0:0:0:0:0:0:1 - - [31/May/2021:15:12:13 +0800] GET /amarpack//swagger-ui.html HTTP/1.1 304 - 0.035
- 0:0:0:0:0:0:0:1 - - [31/May/2021:15:12:13 +0800] GET /amarpack//webjars/springfox-swagger-ui/favicon-32x32.png?v=2.9.2 HTTP/1.1 200 1141 0.007
- 0:0:0:0:0:0:0:1 - - [31/May/2021:15:12:13 +0800] GET /amarpack//swagger-resources/configuration/ui HTTP/1.1 200 462 0.060
- 0:0:0:0:0:0:0:1 - - [31/May/2021:15:12:13 +0800] GET /amarpack//swagger-resources/configuration/security HTTP/1.1 200 12 0.008
- 0:0:0:0:0:0:0:1 - - [31/May/2021:15:12:13 +0800] GET /amarpack//swagger-resources HTTP/1.1 200 101 0.006
- 0:0:0:0:0:0:0:1 - - [31/May/2021:15:12:13 +0800] GET /amarpack// HTTP/1.1 404 123 0.018
- 0:0:0:0:0:0:0:1 - - [31/May/2021:15:12:13 +0800] GET /amarpack//csrf HTTP/1.1 404 127 0.004
- 0:0:0:0:0:0:0:1 - - [31/May/2021:15:12:13 +0800] GET /amarpack//v2/api-docs HTTP/1.1 200 5963 0.073
- 0:0:0:0:0:0:0:1 - - [31/May/2021:15:12:41 +0800] GET /amarpack/download?company=dataAndcredit&templateType=edsservice-icon&transcodes=R55SA HTTP/1.1 200 112 13.941
- 0:0:0:0:0:0:0:1 - - [31/May/2021:15:12:56 +0800] GET /amarpack/download?company=dataAndcredit&templateType=edsservice-icon&transcodes=R55SA HTTP/1.1 200 112 3.095
- 0:0:0:0:0:0:0:1 - - [31/May/2021:15:13:01 +0800] GET /amarpack/download?company=dataAndcredit&templateType=edsservice-icon&transcodes=R55SA HTTP/1.1 200 112 0.282
- 0:0:0:0:0:0:0:1 - - [31/May/2021:15:15:58 +0800] GET /amarpack/home HTTP/1.1 404 286 0.054
- 0:0:0:0:0:0:0:1 - - [31/May/2021:15:16:02 +0800] GET /amarpack/view HTTP/1.1 200 2501 0.191
- 0:0:0:0:0:0:0:1 - - [31/May/2021:15:17:36 +0800] GET /amarpack/main HTTP/1.1 200 1323 0.006
- 0:0:0:0:0:0:0:1 - - [31/May/2021:15:55:46 +0800] GET /amarpack/main HTTP/1.1 200 1323 0.188
- 0:0:0:0:0:0:0:1 - - [31/May/2021:21:43:06 +0800] GET /test HTTP/1.1 404 431 0.018
- 0:0:0:0:0:0:0:1 - - [31/May/2021:21:43:06 +0800] GET /favicon.ico HTTP/1.1 404 431 0.001
- 0:0:0:0:0:0:0:1 - - [31/May/2021:21:43:11 +0800] GET /amarpack/test HTTP/1.1 404 286 0.046
- 0:0:0:0:0:0:0:1 - - [31/May/2021:21:43:20 +0800] GET /amarpack/main HTTP/1.1 200 1289 0.171
- 0:0:0:0:0:0:0:1 - - [31/May/2021:21:43:20 +0800] GET /amarpack/layui/css/layui.css HTTP/1.1 200 79763 0.015
- 0:0:0:0:0:0:0:1 - - [31/May/2021:21:43:20 +0800] GET /amarpack/layui/layui.js HTTP/1.1 200 284958 0.114
- 0:0:0:0:0:0:0:1 - - [31/May/2021:21:43:20 +0800] GET /amarpack/layui/css/modules/laydate/default/laydate.css?v=5.2.0 HTTP/1.1 200 7125 0.002
- 0:0:0:0:0:0:0:1 - - [31/May/2021:21:43:20 +0800] GET /amarpack/layui/css/modules/layer/default/layer.css?v=3.3.0 HTTP/1.1 200 14345 0.010
- 0:0:0:0:0:0:0:1 - - [31/May/2021:21:43:20 +0800] GET /amarpack/layui/css/modules/code.css?v=1 HTTP/1.1 200 1319 0.004
- 0:0:0:0:0:0:0:1 - - [31/May/2021:22:11:38 +0800] GET /test HTTP/1.1 404 431 0.018
- 0:0:0:0:0:0:0:1 - - [31/May/2021:22:11:44 +0800] GET /amarpack/main HTTP/1.1 200 1289 0.219
- 0:0:0:0:0:0:0:1 - - [31/May/2021:22:11:49 +0800] GET /amarpack/view HTTP/1.1 200 2433 0.028
- 0:0:0:0:0:0:0:1 - - [31/May/2021:22:12:08 +0800] GET /amarpack/view HTTP/1.1 200 2433 0.005
- 0:0:0:0:0:0:0:1 - - [31/May/2021:22:12:10 +0800] GET /amarpack/view HTTP/1.1 200 2433 0.007
- 0:0:0:0:0:0:0:1 - - [31/May/2021:22:12:10 +0800] GET /amarpack/view HTTP/1.1 200 2433 0.006
- 0:0:0:0:0:0:0:1 - - [31/May/2021:22:12:10 +0800] GET /amarpack/view HTTP/1.1 200 2433 0.009
- 0:0:0:0:0:0:0:1 - - [31/May/2021:22:12:11 +0800] GET /amarpack/view HTTP/1.1 200 2433 0.017
- 0:0:0:0:0:0:0:1 - - [31/May/2021:22:12:11 +0800] GET /amarpack/view HTTP/1.1 200 2433 0.007
- 0:0:0:0:0:0:0:1 - - [31/May/2021:22:12:11 +0800] GET /amarpack/view HTTP/1.1 200 2433 0.006
- 0:0:0:0:0:0:0:1 - - [31/May/2021:22:12:11 +0800] GET /amarpack/view HTTP/1.1 200 2433 0.007
- 0:0:0:0:0:0:0:1 - - [31/May/2021:22:12:11 +0800] GET /amarpack/view HTTP/1.1 200 2433 0.003
- 0:0:0:0:0:0:0:1 - - [31/May/2021:22:12:12 +0800] GET /amarpack/view HTTP/1.1 200 2433 0.005
- 0:0:0:0:0:0:0:1 - - [31/May/2021:22:12:12 +0800] GET /amarpack/view HTTP/1.1 200 2433 0.007
- 0:0:0:0:0:0:0:1 - - [31/May/2021:22:12:12 +0800] GET /amarpack/view HTTP/1.1 200 2433 0.010
- 0:0:0:0:0:0:0:1 - - [31/May/2021:22:12:13 +0800] GET /amarpack/view HTTP/1.1 200 2433 0.004
- 0:0:0:0:0:0:0:1 - - [31/May/2021:22:12:13 +0800] GET /amarpack/view HTTP/1.1 200 2433 0.005
- 0:0:0:0:0:0:0:1 - - [31/May/2021:22:12:13 +0800] GET /amarpack/view HTTP/1.1 200 2433 0.003
- 0:0:0:0:0:0:0:1 - - [31/May/2021:22:12:13 +0800] GET /amarpack/view HTTP/1.1 200 2433 0.003
- 0:0:0:0:0:0:0:1 - - [31/May/2021:22:12:13 +0800] GET /amarpack/view HTTP/1.1 200 2433 0.003
- 0:0:0:0:0:0:0:1 - - [31/May/2021:22:12:14 +0800] GET /amarpack/view HTTP/1.1 200 2433 0.003
- 0:0:0:0:0:0:0:1 - - [31/May/2021:22:12:14 +0800] GET /amarpack/view HTTP/1.1 200 2433 0.005
- 0:0:0:0:0:0:0:1 - - [31/May/2021:22:12:14 +0800] GET /amarpack/view HTTP/1.1 200 2433 0.011
- 0:0:0:0:0:0:0:1 - - [31/May/2021:22:12:15 +0800] GET /amarpack/view HTTP/1.1 200 2433 0.010
- 0:0:0:0:0:0:0:1 - - [31/May/2021:22:12:15 +0800] GET /amarpack/view HTTP/1.1 200 2433 0.006
- 0:0:0:0:0:0:0:1 - - [31/May/2021:22:12:16 +0800] GET /amarpack/view HTTP/1.1 200 2433 0.003
- 0:0:0:0:0:0:0:1 - - [31/May/2021:22:12:16 +0800] GET /amarpack/view HTTP/1.1 200 2433 0.005
- 0:0:0:0:0:0:0:1 - - [31/May/2021:22:12:16 +0800] GET /amarpack/view HTTP/1.1 200 2433 0.008
