- 0:0:0:0:0:0:0:1 - - [03/Sep/2021:09:59:54 +0800] GET /amarpack/swagger-ui.html HTTP/1.1 200 3318 0.042
- 0:0:0:0:0:0:0:1 - - [03/Sep/2021:09:59:54 +0800] GET /amarpack/webjars/springfox-swagger-ui/springfox.css?v=2.9.2 HTTP/1.1 200 2894 0.010
- 0:0:0:0:0:0:0:1 - - [03/Sep/2021:09:59:54 +0800] GET /amarpack/webjars/springfox-swagger-ui/swagger-ui.css?v=2.9.2 HTTP/1.1 200 154488 0.014
- 0:0:0:0:0:0:0:1 - - [03/Sep/2021:09:59:54 +0800] GET /amarpack/webjars/springfox-swagger-ui/springfox.js?v=2.9.2 HTTP/1.1 200 96207 0.012
- 0:0:0:0:0:0:0:1 - - [03/Sep/2021:09:59:54 +0800] GET /amarpack/webjars/springfox-swagger-ui/swagger-ui-standalone-preset.js?v=2.9.2 HTTP/1.1 200 440850 0.016
- 0:0:0:0:0:0:0:1 - - [03/Sep/2021:09:59:54 +0800] GET /amarpack/webjars/springfox-swagger-ui/swagger-ui-bundle.js?v=2.9.2 HTTP/1.1 200 1448844 0.037
- 0:0:0:0:0:0:0:1 - - [03/Sep/2021:09:59:54 +0800] GET /amarpack/webjars/springfox-swagger-ui/favicon-32x32.png?v=2.9.2 HTTP/1.1 200 1141 0.005
- 0:0:0:0:0:0:0:1 - - [03/Sep/2021:09:59:54 +0800] GET /amarpack/swagger-resources/configuration/ui HTTP/1.1 200 462 0.053
- 0:0:0:0:0:0:0:1 - - [03/Sep/2021:09:59:54 +0800] GET /amarpack/swagger-resources/configuration/security HTTP/1.1 200 12 0.006
- 0:0:0:0:0:0:0:1 - - [03/Sep/2021:09:59:54 +0800] GET /amarpack/swagger-resources HTTP/1.1 200 101 0.008
- 0:0:0:0:0:0:0:1 - - [03/Sep/2021:09:59:54 +0800] GET /amarpack/ HTTP/1.1 404 122 0.020
- 0:0:0:0:0:0:0:1 - - [03/Sep/2021:09:59:54 +0800] GET /amarpack/webjars/springfox-swagger-ui/fonts/titillium-web-v6-latin-700.woff2 HTTP/1.1 200 11640 0.004
- 0:0:0:0:0:0:0:1 - - [03/Sep/2021:09:59:54 +0800] GET /amarpack/csrf HTTP/1.1 404 126 0.004
- 0:0:0:0:0:0:0:1 - - [03/Sep/2021:09:59:54 +0800] GET /amarpack/v2/api-docs HTTP/1.1 200 31575 0.113
- 0:0:0:0:0:0:0:1 - - [03/Sep/2021:09:59:54 +0800] GET /amarpack/webjars/springfox-swagger-ui/fonts/open-sans-v15-latin-regular.woff2 HTTP/1.1 200 14048 0.003
- 0:0:0:0:0:0:0:1 - - [03/Sep/2021:09:59:54 +0800] GET /amarpack/webjars/springfox-swagger-ui/fonts/open-sans-v15-latin-700.woff2 HTTP/1.1 200 14720 0.003
- 0:0:0:0:0:0:0:1 - - [03/Sep/2021:09:59:54 +0800] GET /amarpack/webjars/springfox-swagger-ui/fonts/source-code-pro-v7-latin-300.woff2 HTTP/1.1 200 13292 0.003
- 0:0:0:0:0:0:0:1 - - [03/Sep/2021:09:59:56 +0800] GET /amarpack/webjars/springfox-swagger-ui/fonts/source-code-pro-v7-latin-600.woff2 HTTP/1.1 200 12956 0.002
- 0:0:0:0:0:0:0:1 - - [03/Sep/2021:10:00:13 +0800] GET /amarpack/webjars/springfox-swagger-ui/fonts/titillium-web-v6-latin-regular.woff2 HTTP/1.1 200 12264 0.002
- 0:0:0:0:0:0:0:1 - - [03/Sep/2021:10:05:16 +0800] GET /amarpack/swagger-ui.html HTTP/1.1 304 - 0.046
- 0:0:0:0:0:0:0:1 - - [03/Sep/2021:10:05:16 +0800] GET /amarpack/webjars/springfox-swagger-ui/favicon-32x32.png?v=2.9.2 HTTP/1.1 200 1141 0.011
- 0:0:0:0:0:0:0:1 - - [03/Sep/2021:10:05:16 +0800] GET /amarpack/swagger-resources/configuration/ui HTTP/1.1 200 462 0.040
- 0:0:0:0:0:0:0:1 - - [03/Sep/2021:10:05:16 +0800] GET /amarpack/swagger-resources/configuration/security HTTP/1.1 200 12 0.004
- 0:0:0:0:0:0:0:1 - - [03/Sep/2021:10:05:16 +0800] GET /amarpack/swagger-resources HTTP/1.1 200 101 0.006
- 0:0:0:0:0:0:0:1 - - [03/Sep/2021:10:05:16 +0800] GET /amarpack/ HTTP/1.1 404 122 0.015
- 0:0:0:0:0:0:0:1 - - [03/Sep/2021:10:05:16 +0800] GET /amarpack/csrf HTTP/1.1 404 126 0.004
- 0:0:0:0:0:0:0:1 - - [03/Sep/2021:10:05:16 +0800] GET /amarpack/v2/api-docs HTTP/1.1 200 28089 0.075
- 0:0:0:0:0:0:0:1 - - [03/Sep/2021:10:05:36 +0800] GET null HTTP/1.1 400 435 0.007
- 0:0:0:0:0:0:0:1 - - [03/Sep/2021:10:05:36 +0800] GET /favicon.ico HTTP/1.1 404 431 0.001
- 0:0:0:0:0:0:0:1 - - [03/Sep/2021:10:05:45 +0800] GET /amarpack/reqApi HTTP/1.1 200 - 0.033
- 0:0:0:0:0:0:0:1 - - [03/Sep/2021:10:06:04 +0800] GET null HTTP/1.1 400 435 0.000
- 0:0:0:0:0:0:0:1 - - [03/Sep/2021:10:06:22 +0800] GET /amarpack/reqApi?env=test&params=1&tmp=default HTTP/1.1 200 - 0.004
- 0:0:0:0:0:0:0:1 - - [03/Sep/2021:10:07:15 +0800] GET null HTTP/1.1 400 435 0.002
- 0:0:0:0:0:0:0:1 - - [03/Sep/2021:10:07:21 +0800] GET null HTTP/1.1 400 435 0.000
- 0:0:0:0:0:0:0:1 - - [03/Sep/2021:10:12:33 +0800] GET /amarpack/swagger-ui.html HTTP/1.1 304 - 0.037
- 0:0:0:0:0:0:0:1 - - [03/Sep/2021:10:12:33 +0800] GET /amarpack/webjars/springfox-swagger-ui/favicon-32x32.png?v=2.9.2 HTTP/1.1 200 1141 0.018
- 0:0:0:0:0:0:0:1 - - [03/Sep/2021:10:12:33 +0800] GET /amarpack/swagger-resources/configuration/ui HTTP/1.1 200 462 0.053
- 0:0:0:0:0:0:0:1 - - [03/Sep/2021:10:12:33 +0800] GET /amarpack/swagger-resources/configuration/security HTTP/1.1 200 12 0.005
- 0:0:0:0:0:0:0:1 - - [03/Sep/2021:10:12:33 +0800] GET /amarpack/swagger-resources HTTP/1.1 200 101 0.007
- 0:0:0:0:0:0:0:1 - - [03/Sep/2021:10:12:33 +0800] GET /amarpack/ HTTP/1.1 404 122 0.021
- 0:0:0:0:0:0:0:1 - - [03/Sep/2021:10:12:33 +0800] GET /amarpack/csrf HTTP/1.1 404 126 0.003
- 0:0:0:0:0:0:0:1 - - [03/Sep/2021:10:12:33 +0800] GET /amarpack/v2/api-docs HTTP/1.1 200 28124 0.092
- 0:0:0:0:0:0:0:1 - - [03/Sep/2021:10:13:07 +0800] GET /amarpack/swagger-ui.html HTTP/1.1 304 - 0.032
- 0:0:0:0:0:0:0:1 - - [03/Sep/2021:10:13:08 +0800] GET /amarpack/webjars/springfox-swagger-ui/favicon-32x32.png?v=2.9.2 HTTP/1.1 200 1141 0.014
- 0:0:0:0:0:0:0:1 - - [03/Sep/2021:10:13:08 +0800] GET /amarpack/swagger-resources/configuration/ui HTTP/1.1 200 462 0.040
- 0:0:0:0:0:0:0:1 - - [03/Sep/2021:10:13:08 +0800] GET /amarpack/swagger-resources/configuration/security HTTP/1.1 200 12 0.005
- 0:0:0:0:0:0:0:1 - - [03/Sep/2021:10:13:08 +0800] GET /amarpack/swagger-resources HTTP/1.1 200 101 0.005
- 0:0:0:0:0:0:0:1 - - [03/Sep/2021:10:13:08 +0800] GET /amarpack/ HTTP/1.1 404 122 0.017
- 0:0:0:0:0:0:0:1 - - [03/Sep/2021:10:13:08 +0800] GET /amarpack/csrf HTTP/1.1 404 126 0.003
- 0:0:0:0:0:0:0:1 - - [03/Sep/2021:10:13:08 +0800] GET /amarpack/v2/api-docs HTTP/1.1 200 27937 0.081
- 0:0:0:0:0:0:0:1 - - [03/Sep/2021:10:13:29 +0800] POST /amarpack/reqApi HTTP/1.1 200 - 0.772
- 0:0:0:0:0:0:0:1 - - [03/Sep/2021:10:14:27 +0800] GET /amarpack/swagger-ui.html HTTP/1.1 304 - 0.032
- 0:0:0:0:0:0:0:1 - - [03/Sep/2021:10:14:27 +0800] GET /amarpack/webjars/springfox-swagger-ui/favicon-32x32.png?v=2.9.2 HTTP/1.1 200 1141 0.011
- 0:0:0:0:0:0:0:1 - - [03/Sep/2021:10:14:27 +0800] GET /amarpack/swagger-resources/configuration/ui HTTP/1.1 200 462 0.038
- 0:0:0:0:0:0:0:1 - - [03/Sep/2021:10:14:27 +0800] GET /amarpack/swagger-resources/configuration/security HTTP/1.1 200 12 0.004
- 0:0:0:0:0:0:0:1 - - [03/Sep/2021:10:14:27 +0800] GET /amarpack/swagger-resources HTTP/1.1 200 101 0.006
- 0:0:0:0:0:0:0:1 - - [03/Sep/2021:10:14:27 +0800] GET /amarpack/ HTTP/1.1 404 122 0.018
- 0:0:0:0:0:0:0:1 - - [03/Sep/2021:10:14:27 +0800] GET /amarpack/csrf HTTP/1.1 404 126 0.003
- 0:0:0:0:0:0:0:1 - - [03/Sep/2021:10:14:27 +0800] GET /amarpack/v2/api-docs HTTP/1.1 200 27937 0.078
- 0:0:0:0:0:0:0:1 - - [03/Sep/2021:10:14:43 +0800] POST /amarpack/reqApi HTTP/1.1 200 30713 7.724
- 0:0:0:0:0:0:0:1 - - [03/Sep/2021:10:16:54 +0800] POST /amarpack/reqApi HTTP/1.1 200 28549 0.855
- 0:0:0:0:0:0:0:1 - - [03/Sep/2021:10:23:15 +0800] GET /amarpack/swagger-resources/configuration/ui HTTP/1.1 200 462 0.064
- 0:0:0:0:0:0:0:1 - - [03/Sep/2021:10:23:15 +0800] GET /amarpack/swagger-resources/configuration/security HTTP/1.1 200 12 0.004
- 0:0:0:0:0:0:0:1 - - [03/Sep/2021:10:23:15 +0800] GET /amarpack/swagger-resources HTTP/1.1 200 101 0.005
- 0:0:0:0:0:0:0:1 - - [03/Sep/2021:10:23:16 +0800] GET /amarpack/ HTTP/1.1 404 122 0.014
- 0:0:0:0:0:0:0:1 - - [03/Sep/2021:10:23:16 +0800] GET /amarpack/csrf HTTP/1.1 404 126 0.005
- 0:0:0:0:0:0:0:1 - - [03/Sep/2021:10:23:16 +0800] GET /amarpack/v2/api-docs HTTP/1.1 200 27874 0.076
- 0:0:0:0:0:0:0:1 - - [03/Sep/2021:10:23:46 +0800] POST /amarpack/reqApi HTTP/1.1 200 30725 11.618
- 0:0:0:0:0:0:0:1 - - [03/Sep/2021:10:25:17 +0800] GET /amarpack/v2/api-docs HTTP/1.1 200 27874 0.017
- 0:0:0:0:0:0:0:1 - - [03/Sep/2021:10:54:01 +0800] GET /amarpack/swagger-resources/configuration/ui HTTP/1.1 200 462 0.066
- 0:0:0:0:0:0:0:1 - - [03/Sep/2021:10:54:01 +0800] GET /amarpack/swagger-resources/configuration/security HTTP/1.1 200 12 0.004
- 0:0:0:0:0:0:0:1 - - [03/Sep/2021:10:54:01 +0800] GET /amarpack/swagger-resources HTTP/1.1 200 101 0.004
- 0:0:0:0:0:0:0:1 - - [03/Sep/2021:10:54:01 +0800] GET /amarpack/ HTTP/1.1 404 122 0.013
- 0:0:0:0:0:0:0:1 - - [03/Sep/2021:10:54:01 +0800] GET /amarpack/csrf HTTP/1.1 404 126 0.004
- 0:0:0:0:0:0:0:1 - - [03/Sep/2021:10:54:01 +0800] GET /amarpack/v2/api-docs HTTP/1.1 200 27868 0.078
- 0:0:0:0:0:0:0:1 - - [03/Sep/2021:10:54:53 +0800] GET /amarpack/swagger-ui.html HTTP/1.1 304 - 0.038
- 0:0:0:0:0:0:0:1 - - [03/Sep/2021:10:54:53 +0800] GET /amarpack/webjars/springfox-swagger-ui/favicon-32x32.png?v=2.9.2 HTTP/1.1 200 1141 0.015
- 0:0:0:0:0:0:0:1 - - [03/Sep/2021:10:54:53 +0800] GET /amarpack/swagger-resources/configuration/ui HTTP/1.1 200 462 0.046
- 0:0:0:0:0:0:0:1 - - [03/Sep/2021:10:54:53 +0800] GET /amarpack/swagger-resources/configuration/security HTTP/1.1 200 12 0.004
- 0:0:0:0:0:0:0:1 - - [03/Sep/2021:10:54:53 +0800] GET /amarpack/swagger-resources HTTP/1.1 200 101 0.008
- 0:0:0:0:0:0:0:1 - - [03/Sep/2021:10:54:53 +0800] GET /amarpack/ HTTP/1.1 404 122 0.017
- 0:0:0:0:0:0:0:1 - - [03/Sep/2021:10:54:53 +0800] GET /amarpack/csrf HTTP/1.1 404 126 0.005
- 0:0:0:0:0:0:0:1 - - [03/Sep/2021:10:54:53 +0800] GET /amarpack/v2/api-docs HTTP/1.1 200 27868 0.096
- 0:0:0:0:0:0:0:1 - - [03/Sep/2021:10:55:21 +0800] GET /amarpack/swagger-ui.html HTTP/1.1 304 - 0.034
- 0:0:0:0:0:0:0:1 - - [03/Sep/2021:10:55:21 +0800] GET /amarpack/webjars/springfox-swagger-ui/favicon-32x32.png?v=2.9.2 HTTP/1.1 200 1141 0.010
- 0:0:0:0:0:0:0:1 - - [03/Sep/2021:10:55:21 +0800] GET /amarpack/swagger-resources/configuration/ui HTTP/1.1 200 462 0.040
- 0:0:0:0:0:0:0:1 - - [03/Sep/2021:10:55:21 +0800] GET /amarpack/swagger-resources/configuration/security HTTP/1.1 200 12 0.004
- 0:0:0:0:0:0:0:1 - - [03/Sep/2021:10:55:21 +0800] GET /amarpack/swagger-resources HTTP/1.1 200 101 0.006
- 0:0:0:0:0:0:0:1 - - [03/Sep/2021:10:55:21 +0800] GET /amarpack/ HTTP/1.1 404 122 0.018
- 0:0:0:0:0:0:0:1 - - [03/Sep/2021:10:55:21 +0800] GET /amarpack/csrf HTTP/1.1 404 126 0.002
- 0:0:0:0:0:0:0:1 - - [03/Sep/2021:10:55:21 +0800] GET /amarpack/v2/api-docs HTTP/1.1 200 27868 0.081
- 0:0:0:0:0:0:0:1 - - [03/Sep/2021:11:00:51 +0800] GET /amarpack/swagger-ui.html HTTP/1.1 304 - 0.033
- 0:0:0:0:0:0:0:1 - - [03/Sep/2021:11:00:51 +0800] GET /amarpack/webjars/springfox-swagger-ui/favicon-32x32.png?v=2.9.2 HTTP/1.1 200 1141 0.011
- 0:0:0:0:0:0:0:1 - - [03/Sep/2021:11:00:51 +0800] GET /amarpack/swagger-resources/configuration/ui HTTP/1.1 200 462 0.049
- 0:0:0:0:0:0:0:1 - - [03/Sep/2021:11:00:51 +0800] GET /amarpack/swagger-resources/configuration/security HTTP/1.1 200 12 0.004
- 0:0:0:0:0:0:0:1 - - [03/Sep/2021:11:00:51 +0800] GET /amarpack/swagger-resources HTTP/1.1 200 101 0.005
- 0:0:0:0:0:0:0:1 - - [03/Sep/2021:11:00:51 +0800] GET /amarpack/ HTTP/1.1 404 122 0.016
- 0:0:0:0:0:0:0:1 - - [03/Sep/2021:11:00:51 +0800] GET /amarpack/csrf HTTP/1.1 404 126 0.006
- 0:0:0:0:0:0:0:1 - - [03/Sep/2021:11:00:51 +0800] GET /amarpack/v2/api-docs HTTP/1.1 200 27890 0.077
- 0:0:0:0:0:0:0:1 - - [03/Sep/2021:11:02:33 +0800] GET /amarpack/swagger-ui.html HTTP/1.1 304 - 0.035
- 127.0.0.1 - - [03/Sep/2021:11:02:33 +0800] GET /amarpack/webjars/springfox-swagger-ui/favicon-32x32.png?v=2.9.2 HTTP/1.1 200 1141 0.012
- 0:0:0:0:0:0:0:1 - - [03/Sep/2021:11:02:33 +0800] GET /amarpack/swagger-resources/configuration/ui HTTP/1.1 200 462 0.043
- 0:0:0:0:0:0:0:1 - - [03/Sep/2021:11:02:33 +0800] GET /amarpack/swagger-resources/configuration/security HTTP/1.1 200 12 0.004
- 0:0:0:0:0:0:0:1 - - [03/Sep/2021:11:02:33 +0800] GET /amarpack/swagger-resources HTTP/1.1 200 101 0.004
- 127.0.0.1 - - [03/Sep/2021:11:02:33 +0800] GET /amarpack/ HTTP/1.1 404 122 0.010
- 127.0.0.1 - - [03/Sep/2021:11:02:33 +0800] GET /amarpack/csrf HTTP/1.1 404 126 0.005
- 0:0:0:0:0:0:0:1 - - [03/Sep/2021:11:02:33 +0800] GET /amarpack/v2/api-docs HTTP/1.1 200 27890 0.076
- 0:0:0:0:0:0:0:1 - - [03/Sep/2021:11:03:05 +0800] GET /amarpack/swagger-ui.html HTTP/1.1 304 - 0.034
- 0:0:0:0:0:0:0:1 - - [03/Sep/2021:11:03:05 +0800] GET /amarpack/webjars/springfox-swagger-ui/favicon-32x32.png?v=2.9.2 HTTP/1.1 200 1141 0.011
- 0:0:0:0:0:0:0:1 - - [03/Sep/2021:11:03:05 +0800] GET /amarpack/swagger-resources/configuration/ui HTTP/1.1 200 462 0.038
- 0:0:0:0:0:0:0:1 - - [03/Sep/2021:11:03:05 +0800] GET /amarpack/swagger-resources/configuration/security HTTP/1.1 200 12 0.006
- 0:0:0:0:0:0:0:1 - - [03/Sep/2021:11:03:05 +0800] GET /amarpack/swagger-resources HTTP/1.1 200 101 0.006
- 0:0:0:0:0:0:0:1 - - [03/Sep/2021:11:03:05 +0800] GET /amarpack/ HTTP/1.1 404 122 0.012
- 0:0:0:0:0:0:0:1 - - [03/Sep/2021:11:03:05 +0800] GET /amarpack/csrf HTTP/1.1 404 126 0.003
- 0:0:0:0:0:0:0:1 - - [03/Sep/2021:11:03:05 +0800] GET /amarpack/v2/api-docs HTTP/1.1 200 27890 0.077
- 0:0:0:0:0:0:0:1 - - [03/Sep/2021:11:03:23 +0800] GET /amarpack/swagger-ui.html HTTP/1.1 304 - 0.002
- 0:0:0:0:0:0:0:1 - - [03/Sep/2021:11:03:23 +0800] GET /amarpack/swagger-resources/configuration/ui HTTP/1.1 200 462 0.002
- 0:0:0:0:0:0:0:1 - - [03/Sep/2021:11:03:23 +0800] GET /amarpack/webjars/springfox-swagger-ui/favicon-32x32.png?v=2.9.2 HTTP/1.1 200 1141 0.003
- 0:0:0:0:0:0:0:1 - - [03/Sep/2021:11:03:23 +0800] GET /amarpack/swagger-resources/configuration/security HTTP/1.1 200 12 0.003
- 0:0:0:0:0:0:0:1 - - [03/Sep/2021:11:03:23 +0800] GET /amarpack/swagger-resources HTTP/1.1 200 101 0.001
- 0:0:0:0:0:0:0:1 - - [03/Sep/2021:11:03:23 +0800] GET /amarpack/ HTTP/1.1 404 122 0.002
- 0:0:0:0:0:0:0:1 - - [03/Sep/2021:11:03:23 +0800] GET /amarpack/csrf HTTP/1.1 404 126 0.004
- 0:0:0:0:0:0:0:1 - - [03/Sep/2021:11:03:23 +0800] GET /amarpack/v2/api-docs HTTP/1.1 200 27890 0.009
- 0:0:0:0:0:0:0:1 - - [03/Sep/2021:11:03:34 +0800] GET /amarpack/swagger-ui.html HTTP/1.1 304 - 0.035
- 0:0:0:0:0:0:0:1 - - [03/Sep/2021:11:03:34 +0800] GET /amarpack/webjars/springfox-swagger-ui/favicon-32x32.png?v=2.9.2 HTTP/1.1 200 1141 0.012
- 0:0:0:0:0:0:0:1 - - [03/Sep/2021:11:03:34 +0800] GET /amarpack/swagger-resources/configuration/ui HTTP/1.1 200 462 0.038
- 0:0:0:0:0:0:0:1 - - [03/Sep/2021:11:03:34 +0800] GET /amarpack/swagger-resources/configuration/security HTTP/1.1 200 12 0.004
- 0:0:0:0:0:0:0:1 - - [03/Sep/2021:11:03:34 +0800] GET /amarpack/swagger-resources HTTP/1.1 200 101 0.005
- 0:0:0:0:0:0:0:1 - - [03/Sep/2021:11:03:34 +0800] GET /amarpack/ HTTP/1.1 404 122 0.018
- 0:0:0:0:0:0:0:1 - - [03/Sep/2021:11:03:34 +0800] GET /amarpack/csrf HTTP/1.1 404 126 0.003
- 0:0:0:0:0:0:0:1 - - [03/Sep/2021:11:03:34 +0800] GET /amarpack/v2/api-docs HTTP/1.1 200 27890 0.084
- 0:0:0:0:0:0:0:1 - - [03/Sep/2021:11:05:16 +0800] GET /amarpack/swagger-ui.html HTTP/1.1 304 - 0.032
- 0:0:0:0:0:0:0:1 - - [03/Sep/2021:11:05:16 +0800] GET /amarpack/webjars/springfox-swagger-ui/favicon-32x32.png?v=2.9.2 HTTP/1.1 200 1141 0.011
- 0:0:0:0:0:0:0:1 - - [03/Sep/2021:11:05:16 +0800] GET /amarpack/swagger-resources/configuration/ui HTTP/1.1 200 462 0.037
- 0:0:0:0:0:0:0:1 - - [03/Sep/2021:11:05:16 +0800] GET /amarpack/swagger-resources/configuration/security HTTP/1.1 200 12 0.004
- 0:0:0:0:0:0:0:1 - - [03/Sep/2021:11:05:16 +0800] GET /amarpack/swagger-resources HTTP/1.1 200 101 0.005
- 0:0:0:0:0:0:0:1 - - [03/Sep/2021:11:05:16 +0800] GET /amarpack/ HTTP/1.1 404 122 0.016
- 0:0:0:0:0:0:0:1 - - [03/Sep/2021:11:05:16 +0800] GET /amarpack/csrf HTTP/1.1 404 126 0.003
- 0:0:0:0:0:0:0:1 - - [03/Sep/2021:11:05:16 +0800] GET /amarpack/v2/api-docs HTTP/1.1 200 28055 0.080
- 0:0:0:0:0:0:0:1 - - [03/Sep/2021:11:06:19 +0800] GET /amarpack/swagger-ui.html HTTP/1.1 304 - 0.036
- 0:0:0:0:0:0:0:1 - - [03/Sep/2021:11:06:20 +0800] GET /amarpack/webjars/springfox-swagger-ui/favicon-32x32.png?v=2.9.2 HTTP/1.1 200 1141 0.013
- 0:0:0:0:0:0:0:1 - - [03/Sep/2021:11:06:20 +0800] GET /amarpack/swagger-resources/configuration/ui HTTP/1.1 200 462 0.041
- 0:0:0:0:0:0:0:1 - - [03/Sep/2021:11:06:20 +0800] GET /amarpack/swagger-resources/configuration/security HTTP/1.1 200 12 0.005
- 0:0:0:0:0:0:0:1 - - [03/Sep/2021:11:06:20 +0800] GET /amarpack/swagger-resources HTTP/1.1 200 101 0.006
- 0:0:0:0:0:0:0:1 - - [03/Sep/2021:11:06:20 +0800] GET /amarpack/ HTTP/1.1 404 122 0.023
- 0:0:0:0:0:0:0:1 - - [03/Sep/2021:11:06:20 +0800] GET /amarpack/csrf HTTP/1.1 404 126 0.004
- 0:0:0:0:0:0:0:1 - - [03/Sep/2021:11:06:20 +0800] GET /amarpack/v2/api-docs HTTP/1.1 200 27917 0.095
- 127.0.0.1 - - [03/Sep/2021:11:06:48 +0800] GET /amarpack/swagger-ui.html HTTP/1.1 304 - 0.033
- 127.0.0.1 - - [03/Sep/2021:11:06:48 +0800] GET /amarpack/swagger-resources/configuration/ui HTTP/1.1 200 462 0.046
- 127.0.0.1 - - [03/Sep/2021:11:06:48 +0800] GET /amarpack/webjars/springfox-swagger-ui/favicon-32x32.png?v=2.9.2 HTTP/1.1 200 1141 0.003
- 0:0:0:0:0:0:0:1 - - [03/Sep/2021:11:06:48 +0800] GET /amarpack/swagger-resources/configuration/security HTTP/1.1 200 12 0.004
- 0:0:0:0:0:0:0:1 - - [03/Sep/2021:11:06:48 +0800] GET /amarpack/swagger-resources HTTP/1.1 200 101 0.005
- 127.0.0.1 - - [03/Sep/2021:11:06:48 +0800] GET /amarpack/ HTTP/1.1 404 122 0.015
- 127.0.0.1 - - [03/Sep/2021:11:06:48 +0800] GET /amarpack/csrf HTTP/1.1 404 126 0.002
- 0:0:0:0:0:0:0:1 - - [03/Sep/2021:11:06:48 +0800] GET /amarpack/v2/api-docs HTTP/1.1 200 27788 0.079
- 0:0:0:0:0:0:0:1 - - [03/Sep/2021:11:07:34 +0800] GET /amarpack/swagger-ui.html HTTP/1.1 304 - 0.035
- 0:0:0:0:0:0:0:1 - - [03/Sep/2021:11:07:34 +0800] GET /amarpack/webjars/springfox-swagger-ui/favicon-32x32.png?v=2.9.2 HTTP/1.1 200 1141 0.011
- 0:0:0:0:0:0:0:1 - - [03/Sep/2021:11:07:34 +0800] GET /amarpack/swagger-resources/configuration/ui HTTP/1.1 200 462 0.043
- 0:0:0:0:0:0:0:1 - - [03/Sep/2021:11:07:34 +0800] GET /amarpack/swagger-resources/configuration/security HTTP/1.1 200 12 0.005
- 0:0:0:0:0:0:0:1 - - [03/Sep/2021:11:07:34 +0800] GET /amarpack/swagger-resources HTTP/1.1 200 101 0.005
- 0:0:0:0:0:0:0:1 - - [03/Sep/2021:11:07:34 +0800] GET /amarpack/ HTTP/1.1 404 122 0.020
- 0:0:0:0:0:0:0:1 - - [03/Sep/2021:11:07:34 +0800] GET /amarpack/csrf HTTP/1.1 404 126 0.003
- 0:0:0:0:0:0:0:1 - - [03/Sep/2021:11:07:34 +0800] GET /amarpack/v2/api-docs HTTP/1.1 200 28481 0.089
- 0:0:0:0:0:0:0:1 - - [03/Sep/2021:11:08:11 +0800] GET /amarpack/swagger-ui.html HTTP/1.1 304 - 0.033
- 0:0:0:0:0:0:0:1 - - [03/Sep/2021:11:08:11 +0800] GET /amarpack/webjars/springfox-swagger-ui/favicon-32x32.png?v=2.9.2 HTTP/1.1 200 1141 0.011
- 0:0:0:0:0:0:0:1 - - [03/Sep/2021:11:08:11 +0800] GET /amarpack/swagger-resources/configuration/ui HTTP/1.1 200 462 0.039
- 0:0:0:0:0:0:0:1 - - [03/Sep/2021:11:08:11 +0800] GET /amarpack/swagger-resources/configuration/security HTTP/1.1 200 12 0.004
- 0:0:0:0:0:0:0:1 - - [03/Sep/2021:11:08:11 +0800] GET /amarpack/swagger-resources HTTP/1.1 200 101 0.005
- 0:0:0:0:0:0:0:1 - - [03/Sep/2021:11:08:11 +0800] GET /amarpack/ HTTP/1.1 404 122 0.016
- 0:0:0:0:0:0:0:1 - - [03/Sep/2021:11:08:11 +0800] GET /amarpack/csrf HTTP/1.1 404 126 0.003
- 0:0:0:0:0:0:0:1 - - [03/Sep/2021:11:08:11 +0800] GET /amarpack/v2/api-docs HTTP/1.1 200 28481 0.083
- 0:0:0:0:0:0:0:1 - - [03/Sep/2021:11:09:46 +0800] GET /amarpack/swagger-ui.html HTTP/1.1 304 - 0.035
- 0:0:0:0:0:0:0:1 - - [03/Sep/2021:11:09:46 +0800] GET /amarpack/webjars/springfox-swagger-ui/favicon-32x32.png?v=2.9.2 HTTP/1.1 200 1141 0.012
- 0:0:0:0:0:0:0:1 - - [03/Sep/2021:11:09:46 +0800] GET /amarpack/swagger-resources/configuration/ui HTTP/1.1 200 462 0.044
- 0:0:0:0:0:0:0:1 - - [03/Sep/2021:11:09:46 +0800] GET /amarpack/swagger-resources/configuration/security HTTP/1.1 200 12 0.004
- 0:0:0:0:0:0:0:1 - - [03/Sep/2021:11:09:46 +0800] GET /amarpack/swagger-resources HTTP/1.1 200 101 0.006
- 0:0:0:0:0:0:0:1 - - [03/Sep/2021:11:09:46 +0800] GET /amarpack/ HTTP/1.1 404 122 0.017
- 0:0:0:0:0:0:0:1 - - [03/Sep/2021:11:09:46 +0800] GET /amarpack/csrf HTTP/1.1 404 126 0.002
- 0:0:0:0:0:0:0:1 - - [03/Sep/2021:11:09:47 +0800] GET /amarpack/v2/api-docs HTTP/1.1 200 28478 0.081
- 0:0:0:0:0:0:0:1 - - [03/Sep/2021:11:11:42 +0800] GET /amarpack/swagger-ui.html HTTP/1.1 304 - 0.036
- 0:0:0:0:0:0:0:1 - - [03/Sep/2021:11:11:43 +0800] GET /amarpack/webjars/springfox-swagger-ui/favicon-32x32.png?v=2.9.2 HTTP/1.1 200 1141 0.013
- 0:0:0:0:0:0:0:1 - - [03/Sep/2021:11:11:43 +0800] GET /amarpack/swagger-resources/configuration/ui HTTP/1.1 200 462 0.045
- 0:0:0:0:0:0:0:1 - - [03/Sep/2021:11:11:43 +0800] GET /amarpack/swagger-resources/configuration/security HTTP/1.1 200 12 0.004
- 0:0:0:0:0:0:0:1 - - [03/Sep/2021:11:11:43 +0800] GET /amarpack/swagger-resources HTTP/1.1 200 101 0.007
- 0:0:0:0:0:0:0:1 - - [03/Sep/2021:11:11:43 +0800] GET /amarpack/ HTTP/1.1 404 122 0.020
- 0:0:0:0:0:0:0:1 - - [03/Sep/2021:11:11:43 +0800] GET /amarpack/csrf HTTP/1.1 404 126 0.003
- 0:0:0:0:0:0:0:1 - - [03/Sep/2021:11:11:43 +0800] GET /amarpack/v2/api-docs HTTP/1.1 200 28481 0.087
- 0:0:0:0:0:0:0:1 - - [03/Sep/2021:11:11:51 +0800] POST /amarpack/reqApi?params=%7B%0A%20%20%20%20%20%20%22env%22%3A%20%22test%22%2C%0A%20%20%20%20%20%20%22tmp%22%3A%20%22default%22%2C%0A%20%20%20%20%20%20%22params%22%3A%20%7B%0A%20%20%20%20%20%20%22transcode%22%3A%20%22R11C53%22%2C%0A%20%20%20%20%20%20%22userid%22%3A%20%2211%22%2C%0A%20%20%20%20%20%20%22orgid%22%3A%20%22EDS%22%2C%0A%20%20%20%20%20%20%22account%22%3A%20%22EDS%22%2C%0A%20%20%20%20%20%20%22source%22%3A%20%22EDS%22%2C%0A%20%20%20%20%20%20%22params%22%3A%20%7B%0A%20%20%20%20%20%20%22Name%22%3A%20%22%E8%8E%B1%E8%8A%9C%E6%B3%B0%E4%B8%B0%E9%A3%9F%E5%93%81%E6%9C%89%E9%99%90%E5%85%AC%E5%8F%B82%22%2C%0A%20%20%20%20%20%20%22nametype%22%3A%20%221%22%0A%20%20%20%20%20%20%7D%0A%20%20%20%20%20%20%7D%0A%20%20%20%20%20%20%7D HTTP/1.1 400 130 0.008
- 0:0:0:0:0:0:0:1 - - [03/Sep/2021:11:11:51 +0800] GET /amarpack/webjars/springfox-swagger-ui/fonts/titillium-web-v6-latin-600.woff2 HTTP/1.1 200 12148 0.003
- 0:0:0:0:0:0:0:1 - - [03/Sep/2021:11:11:57 +0800] POST /amarpack/reqApi?params=%7B%0A%20%20%20%20%20%20%22env%22%3A%20%22test%22%2C%0A%20%20%20%20%20%20%22tmp%22%3A%20%22default%22%2C%0A%20%20%20%20%20%20%22params%22%3A%20%7B%0A%20%20%20%20%20%20%22transcode%22%3A%20%22R11C53%22%2C%0A%20%20%20%20%20%20%22userid%22%3A%20%2211%22%2C%0A%20%20%20%20%20%20%22orgid%22%3A%20%22EDS%22%2C%0A%20%20%20%20%20%20%22account%22%3A%20%22EDS%22%2C%0A%20%20%20%20%20%20%22source%22%3A%20%22EDS%22%2C%0A%20%20%20%20%20%20%22params%22%3A%20%7B%0A%20%20%20%20%20%20%22Name%22%3A%20%22%E8%8E%B1%E8%8A%9C%E6%B3%B0%E4%B8%B0%E9%A3%9F%E5%93%81%E6%9C%89%E9%99%90%E5%85%AC%E5%8F%B82%22%2C%0A%20%20%20%20%20%20%22nametype%22%3A%20%221%22%0A%20%20%20%20%20%20%7D%0A%20%20%20%20%20%20%7D%0A%20%20%20%20%20%20%7D HTTP/1.1 400 130 0.003
- 0:0:0:0:0:0:0:1 - - [03/Sep/2021:11:14:06 +0800] POST /amarpack/reqApi?params=%7B%0A%20%20%20%20%20%20%22env%22%3A%20%22test%22%2C%0A%20%20%20%20%20%20%22tmp%22%3A%20%22default%22%2C%0A%20%20%20%20%20%20%22params%22%3A%20%7B%0A%20%20%20%20%20%20%22transcode%22%3A%20%22R11C53%22%2C%0A%20%20%20%20%20%20%22userid%22%3A%20%2211%22%2C%0A%20%20%20%20%20%20%22orgid%22%3A%20%22EDS%22%2C%0A%20%20%20%20%20%20%22account%22%3A%20%22EDS%22%2C%0A%20%20%20%20%20%20%22source%22%3A%20%22EDS%22%2C%0A%20%20%20%20%20%20%22params%22%3A%20%7B%0A%20%20%20%20%20%20%22Name%22%3A%20%22%E8%8E%B1%E8%8A%9C%E6%B3%B0%E4%B8%B0%E9%A3%9F%E5%93%81%E6%9C%89%E9%99%90%E5%85%AC%E5%8F%B82%22%2C%0A%20%20%20%20%20%20%22nametype%22%3A%20%221%22%0A%20%20%20%20%20%20%7D%0A%20%20%20%20%20%20%7D%0A%20%20%20%20%20%20%7D HTTP/1.1 400 130 0.003
- 0:0:0:0:0:0:0:1 - - [03/Sep/2021:11:14:47 +0800] GET /amarpack/swagger-ui.html HTTP/1.1 304 - 0.035
- 0:0:0:0:0:0:0:1 - - [03/Sep/2021:11:14:47 +0800] GET /amarpack/webjars/springfox-swagger-ui/favicon-32x32.png?v=2.9.2 HTTP/1.1 200 1141 0.012
- 0:0:0:0:0:0:0:1 - - [03/Sep/2021:11:14:47 +0800] GET /amarpack/swagger-resources/configuration/ui HTTP/1.1 200 462 0.042
- 0:0:0:0:0:0:0:1 - - [03/Sep/2021:11:14:47 +0800] GET /amarpack/swagger-resources/configuration/security HTTP/1.1 200 12 0.007
- 0:0:0:0:0:0:0:1 - - [03/Sep/2021:11:14:47 +0800] GET /amarpack/swagger-resources HTTP/1.1 200 101 0.005
- 0:0:0:0:0:0:0:1 - - [03/Sep/2021:11:14:47 +0800] GET /amarpack/ HTTP/1.1 404 122 0.019
- 0:0:0:0:0:0:0:1 - - [03/Sep/2021:11:14:47 +0800] GET /amarpack/csrf HTTP/1.1 404 126 0.002
- 0:0:0:0:0:0:0:1 - - [03/Sep/2021:11:14:47 +0800] GET /amarpack/v2/api-docs HTTP/1.1 200 27761 0.090
- 0:0:0:0:0:0:0:1 - - [03/Sep/2021:11:16:54 +0800] GET /amarpack/swagger-ui.html HTTP/1.1 304 - 0.033
- 0:0:0:0:0:0:0:1 - - [03/Sep/2021:11:16:54 +0800] GET /amarpack/webjars/springfox-swagger-ui/favicon-32x32.png?v=2.9.2 HTTP/1.1 200 1141 0.012
- 0:0:0:0:0:0:0:1 - - [03/Sep/2021:11:16:54 +0800] GET /amarpack/swagger-resources/configuration/ui HTTP/1.1 200 462 0.041
- 0:0:0:0:0:0:0:1 - - [03/Sep/2021:11:16:54 +0800] GET /amarpack/swagger-resources/configuration/security HTTP/1.1 200 12 0.004
- 0:0:0:0:0:0:0:1 - - [03/Sep/2021:11:16:54 +0800] GET /amarpack/swagger-resources HTTP/1.1 200 101 0.005
- 0:0:0:0:0:0:0:1 - - [03/Sep/2021:11:16:54 +0800] GET /amarpack/ HTTP/1.1 404 122 0.015
- 0:0:0:0:0:0:0:1 - - [03/Sep/2021:11:16:54 +0800] GET /amarpack/csrf HTTP/1.1 404 126 0.006
- 0:0:0:0:0:0:0:1 - - [03/Sep/2021:11:16:54 +0800] GET /amarpack/v2/api-docs HTTP/1.1 200 27761 0.083
- 0:0:0:0:0:0:0:1 - - [03/Sep/2021:11:22:56 +0800] GET /amarpack/swagger-ui.html HTTP/1.1 304 - 0.032
- 0:0:0:0:0:0:0:1 - - [03/Sep/2021:11:22:56 +0800] GET /amarpack/webjars/springfox-swagger-ui/favicon-32x32.png?v=2.9.2 HTTP/1.1 200 1141 0.012
- 0:0:0:0:0:0:0:1 - - [03/Sep/2021:11:22:56 +0800] GET /amarpack/swagger-resources/configuration/ui HTTP/1.1 200 462 0.039
- 0:0:0:0:0:0:0:1 - - [03/Sep/2021:11:22:56 +0800] GET /amarpack/swagger-resources/configuration/security HTTP/1.1 200 12 0.004
- 0:0:0:0:0:0:0:1 - - [03/Sep/2021:11:22:56 +0800] GET /amarpack/swagger-resources HTTP/1.1 200 101 0.006
- 0:0:0:0:0:0:0:1 - - [03/Sep/2021:11:22:56 +0800] GET /amarpack/ HTTP/1.1 404 122 0.016
- 0:0:0:0:0:0:0:1 - - [03/Sep/2021:11:22:56 +0800] GET /amarpack/csrf HTTP/1.1 404 126 0.005
- 0:0:0:0:0:0:0:1 - - [03/Sep/2021:11:22:57 +0800] GET /amarpack/v2/api-docs HTTP/1.1 200 28589 0.081
- 0:0:0:0:0:0:0:1 - - [03/Sep/2021:11:23:28 +0800] POST /amarpack/reqApi?params-demo=%7B%0A%20%20%20%20%20%20%22env%22%3A%20%22test%22%2C%0A%20%20%20%20%20%20%22tmp%22%3A%20%22default%22%2C%0A%20%20%20%20%20%20%22params%22%3A%20%7B%0A%20%20%20%20%20%20%22transcode%22%3A%20%22R11C53%22%2C%0A%20%20%20%20%20%20%22userid%22%3A%20%2211%22%2C%0A%20%20%20%20%20%20%22orgid%22%3A%20%22EDS%22%2C%0A%20%20%20%20%20%20%22account%22%3A%20%22EDS%22%2C%0A%20%20%20%20%20%20%22source%22%3A%20%22EDS%22%2C%0A%20%20%20%20%20%20%22params%22%3A%20%7B%0A%20%20%20%20%20%20%22Name%22%3A%20%22%E8%8E%B1%E8%8A%9C%E6%B3%B0%E4%B8%B0%E9%A3%9F%E5%93%81%E6%9C%89%E9%99%90%E5%85%AC%E5%8F%B82%22%2C%0A%20%20%20%20%20%20%22nametype%22%3A%20%221%22%0A%20%20%20%20%20%20%7D%0A%20%20%20%20%20%20%7D%0A%20%20%20%20%20%20%7D HTTP/1.1 200 30725 8.480
