- 0:0:0:0:0:0:0:1 - - [02/Jun/2021:09:15:33 +0800] GET /amarpack/main HTTP/1.1 200 1358 0.189
- 0:0:0:0:0:0:0:1 - - [02/Jun/2021:09:15:33 +0800] GET /amarpack/layui/css/layui.css HTTP/1.1 304 - 0.006
- 0:0:0:0:0:0:0:1 - - [02/Jun/2021:09:15:33 +0800] GET /amarpack/layui/layui.js HTTP/1.1 304 - 0.005
- 0:0:0:0:0:0:0:1 - - [02/Jun/2021:09:15:36 +0800] GET /amarpack/getData HTTP/1.1 200 6273 0.046
- 0:0:0:0:0:0:0:1 - - [02/Jun/2021:09:15:36 +0800] GET /amarpack/layui/css/modules/laydate/default/laydate.css?v=5.2.0 HTTP/1.1 304 - 0.001
- 0:0:0:0:0:0:0:1 - - [02/Jun/2021:09:15:36 +0800] GET /amarpack/layui/css/modules/layer/default/layer.css?v=3.3.0 HTTP/1.1 304 - 0.001
- 0:0:0:0:0:0:0:1 - - [02/Jun/2021:09:15:36 +0800] GET /amarpack/layui/css/modules/code.css?v=1 HTTP/1.1 304 - 0.002
- 0:0:0:0:0:0:0:1 - - [02/Jun/2021:09:15:37 +0800] GET /amarpack/query HTTP/1.1 200 125 0.023
- 0:0:0:0:0:0:0:1 - - [02/Jun/2021:09:15:37 +0800] GET /amarpack/query2?page=1&limit=10 HTTP/1.1 200 161 0.002
- 0:0:0:0:0:0:0:1 - - [02/Jun/2021:09:15:37 +0800] GET /amarpack/layui/font/iconfont.woff2?v=256 HTTP/1.1 200 25964 0.010
- 0:0:0:0:0:0:0:1 - - [02/Jun/2021:09:18:36 +0800] GET /amarpack/getData HTTP/1.1 200 6273 0.204
- 0:0:0:0:0:0:0:1 - - [02/Jun/2021:09:18:36 +0800] GET /amarpack/query HTTP/1.1 200 42 0.024
- 0:0:0:0:0:0:0:1 - - [02/Jun/2021:09:18:58 +0800] GET /amarpack/getData HTTP/1.1 200 6273 0.008
- 0:0:0:0:0:0:0:1 - - [02/Jun/2021:09:18:58 +0800] GET /amarpack/query HTTP/1.1 200 42 0.001
- 0:0:0:0:0:0:0:1 - - [02/Jun/2021:09:19:00 +0800] GET /amarpack/getData HTTP/1.1 200 6273 0.007
- 0:0:0:0:0:0:0:1 - - [02/Jun/2021:09:19:00 +0800] GET /amarpack/query HTTP/1.1 200 42 0.001
- 0:0:0:0:0:0:0:1 - - [02/Jun/2021:09:22:16 +0800] GET /amarpack/getData HTTP/1.1 200 6308 0.206
- 0:0:0:0:0:0:0:1 - - [02/Jun/2021:09:22:16 +0800] GET /amarpack/query HTTP/1.1 200 81 0.027
- 0:0:0:0:0:0:0:1 - - [02/Jun/2021:09:22:16 +0800] GET /amarpack/query2?page=1&limit=10 HTTP/1.1 200 161 0.002
- 0:0:0:0:0:0:0:1 - - [02/Jun/2021:09:22:33 +0800] GET /amarpack/getData HTTP/1.1 200 6308 0.007
- 0:0:0:0:0:0:0:1 - - [02/Jun/2021:09:22:33 +0800] GET /amarpack/query HTTP/1.1 200 81 0.001
- 0:0:0:0:0:0:0:1 - - [02/Jun/2021:09:22:33 +0800] GET /amarpack/query2?page=1&limit=10 HTTP/1.1 200 161 0.002
- 0:0:0:0:0:0:0:1 - - [02/Jun/2021:09:23:00 +0800] GET /amarpack/getData HTTP/1.1 200 6308 0.007
- 0:0:0:0:0:0:0:1 - - [02/Jun/2021:09:23:00 +0800] GET /amarpack/query HTTP/1.1 200 81 0.002
- 0:0:0:0:0:0:0:1 - - [02/Jun/2021:09:23:00 +0800] GET /amarpack/query2?page=1&limit=10 HTTP/1.1 200 161 0.002
- 0:0:0:0:0:0:0:1 - - [02/Jun/2021:09:23:04 +0800] GET /amarpack/getData HTTP/1.1 200 6308 0.009
- 0:0:0:0:0:0:0:1 - - [02/Jun/2021:09:23:04 +0800] GET /amarpack/query HTTP/1.1 200 81 0.001
- 0:0:0:0:0:0:0:1 - - [02/Jun/2021:09:23:04 +0800] GET /amarpack/query2?page=1&limit=10 HTTP/1.1 200 161 0.001
- 0:0:0:0:0:0:0:1 - - [02/Jun/2021:09:23:05 +0800] GET /amarpack/getData HTTP/1.1 200 6308 0.005
- 0:0:0:0:0:0:0:1 - - [02/Jun/2021:09:23:05 +0800] GET /amarpack/query HTTP/1.1 200 81 0.001
- 0:0:0:0:0:0:0:1 - - [02/Jun/2021:09:23:05 +0800] GET /amarpack/query2?page=1&limit=10 HTTP/1.1 200 161 0.001
- 0:0:0:0:0:0:0:1 - - [02/Jun/2021:09:27:45 +0800] GET /amarpack/getData HTTP/1.1 200 6308 0.007
- 0:0:0:0:0:0:0:1 - - [02/Jun/2021:09:27:45 +0800] GET /amarpack/query HTTP/1.1 200 81 0.002
- 0:0:0:0:0:0:0:1 - - [02/Jun/2021:09:27:45 +0800] GET /amarpack/query2?page=1&limit=10 HTTP/1.1 200 161 0.002
- 0:0:0:0:0:0:0:1 - - [02/Jun/2021:09:28:13 +0800] GET /amarpack/getData HTTP/1.1 200 6373 0.204
- 0:0:0:0:0:0:0:1 - - [02/Jun/2021:09:28:13 +0800] GET /amarpack/query HTTP/1.1 200 81 0.026
- 0:0:0:0:0:0:0:1 - - [02/Jun/2021:09:28:13 +0800] GET /amarpack/query2?page=1&limit=10 HTTP/1.1 200 161 0.002
- 0:0:0:0:0:0:0:1 - - [02/Jun/2021:09:52:11 +0800] GET /amarpack/getData HTTP/1.1 200 5773 0.202
- 0:0:0:0:0:0:0:1 - - [02/Jun/2021:09:52:11 +0800] GET /amarpack/query HTTP/1.1 200 81 0.025
- 0:0:0:0:0:0:0:1 - - [02/Jun/2021:09:52:13 +0800] GET /amarpack/getData HTTP/1.1 200 5773 0.007
- 0:0:0:0:0:0:0:1 - - [02/Jun/2021:09:52:13 +0800] GET /amarpack/query HTTP/1.1 200 81 0.002
- 0:0:0:0:0:0:0:1 - - [02/Jun/2021:09:53:04 +0800] GET /amarpack/getData HTTP/1.1 200 5778 0.202
- 0:0:0:0:0:0:0:1 - - [02/Jun/2021:09:53:04 +0800] GET /amarpack/query HTTP/1.1 200 81 0.030
- 0:0:0:0:0:0:0:1 - - [02/Jun/2021:09:53:04 +0800] GET /amarpack/query2?page=1&limit=10 HTTP/1.1 200 161 0.002
- 0:0:0:0:0:0:0:1 - - [02/Jun/2021:10:00:46 +0800] GET /amarpack/getData HTTP/1.1 200 5941 0.212
- 0:0:0:0:0:0:0:1 - - [02/Jun/2021:10:00:46 +0800] GET null HTTP/1.1 400 435 0.007
- 0:0:0:0:0:0:0:1 - - [02/Jun/2021:10:08:02 +0800] GET /amarpack/getData HTTP/1.1 200 5978 0.204
- 0:0:0:0:0:0:0:1 - - [02/Jun/2021:10:08:02 +0800] GET /amarpack/query?reqparam=%7B%22tableName%22:%22eds_query_history2%22,%22sql%22:%22select%20*%20from%20eds_query_history2%22,%22database%22:%22crservice_ws%22%7D HTTP/1.1 500 139 0.037
- 0:0:0:0:0:0:0:1 - - [02/Jun/2021:10:08:55 +0800] GET /amarpack/query?reqparam=%7B%22tableName%22:%22eds_query_history2%22,%22sql%22:%22select%20*%20from%20eds_query_history2%22,%22database%22:%22crservice_ws%22%7D HTTP/1.1 500 298 0.013
- 0:0:0:0:0:0:0:1 - - [02/Jun/2021:10:14:40 +0800] GET /amarpack/query?reqparam=%7B%22tableName%22:%22eds_query_history2%22,%22sql%22:%22select%20*%20from%20eds_query_history2%22,%22database%22:%22crservice_ws%22%7D HTTP/1.1 200 81 0.064
- 0:0:0:0:0:0:0:1 - - [02/Jun/2021:10:14:59 +0800] GET /amarpack/getData HTTP/1.1 200 5978 0.171
- 0:0:0:0:0:0:0:1 - - [02/Jun/2021:10:14:59 +0800] GET /amarpack/query?reqparam=%7B%22tableName%22:%22eds_query_history2%22,%22sql%22:%22select%20*%20from%20eds_query_history2%22,%22database%22:%22crservice_ws%22%7D HTTP/1.1 200 81 0.004
- 0:0:0:0:0:0:0:1 - - [02/Jun/2021:10:14:59 +0800] GET /amarpack/query2?page=1&limit=10 HTTP/1.1 400 130 0.016
- 0:0:0:0:0:0:0:1 - - [02/Jun/2021:10:15:12 +0800] GET /amarpack/getData HTTP/1.1 200 5978 0.005
- 0:0:0:0:0:0:0:1 - - [02/Jun/2021:10:15:12 +0800] GET /amarpack/query?reqparam=%7B%22tableName%22:%22eds_query_history2%22,%22sql%22:%22select%20*%20from%20eds_query_history2%22,%22database%22:%22crservice_ws%22%7D HTTP/1.1 200 81 0.001
- 0:0:0:0:0:0:0:1 - - [02/Jun/2021:10:15:12 +0800] GET /amarpack/query2?page=1&limit=10 HTTP/1.1 400 130 0.003
- 0:0:0:0:0:0:0:1 - - [02/Jun/2021:10:15:16 +0800] GET /amarpack/query?reqparam=%7B%22tableName%22:%22eds_query_history2%22,%22sql%22:%22select%20*%20from%20eds_query_history2%22,%22database%22:%22crservice_ws%22%7D HTTP/1.1 200 81 0.002
- 0:0:0:0:0:0:0:1 - - [02/Jun/2021:10:15:17 +0800] GET /amarpack/query?reqparam=%7B%22tableName%22:%22eds_query_history2%22,%22sql%22:%22select%20*%20from%20eds_query_history2%22,%22database%22:%22crservice_ws%22%7D HTTP/1.1 200 81 0.003
- 0:0:0:0:0:0:0:1 - - [02/Jun/2021:10:15:25 +0800] GET /amarpack/query2?page=1&limit=10 HTTP/1.1 400 288 0.018
- 0:0:0:0:0:0:0:1 - - [02/Jun/2021:10:16:26 +0800] GET /amarpack/getData HTTP/1.1 200 5997 0.205
- 0:0:0:0:0:0:0:1 - - [02/Jun/2021:10:16:26 +0800] GET /amarpack/query?reqparam=%7B%22tableName%22:%22eds_query_history2%22,%22sql%22:%22select%20*%20from%20eds_query_history2%22,%22database%22:%22crservice_ws%22%7D HTTP/1.1 200 81 0.029
- 0:0:0:0:0:0:0:1 - - [02/Jun/2021:10:16:26 +0800] GET /amarpack/query2?reqparam=%7B%22tableName%22:%22eds_query_history2%22,%22sql%22:%22select%20*%20from%20eds_query_history2%22,%22database%22:%22crservice_ws%22%7D&page=1&limit=10 HTTP/1.1 200 161 0.003
- 0:0:0:0:0:0:0:1 - - [02/Jun/2021:20:33:20 +0800] GET /amarpack/main HTTP/1.1 200 1358 0.216
- 0:0:0:0:0:0:0:1 - - [02/Jun/2021:20:33:23 +0800] GET /amarpack/getData HTTP/1.1 200 5997 0.047
- 0:0:0:0:0:0:0:1 - - [02/Jun/2021:20:33:23 +0800] GET /amarpack/query?reqparam=%7B%22tableName%22:%22eds_query_history2%22,%22sql%22:%22select%20*%20from%20eds_query_history2%22,%22database%22:%22crservice_ws%22%7D HTTP/1.1 500 139 0.064
- 0:0:0:0:0:0:0:1 - - [02/Jun/2021:20:33:23 +0800] GET /favicon.ico HTTP/1.1 404 431 0.001
- 0:0:0:0:0:0:0:1 - - [02/Jun/2021:20:34:52 +0800] GET /amarpack/getData HTTP/1.1 200 6001 0.239
- 0:0:0:0:0:0:0:1 - - [02/Jun/2021:20:34:53 +0800] GET /amarpack/query?reqparam=%7B%22tableName%22:%22eds_query_history2%22,%22sql%22:%22select%20*%20from%20eds_query_history2%22,%22database%22:%22hubserviceapilog%22%7D HTTP/1.1 500 139 0.070
- 0:0:0:0:0:0:0:1 - - [02/Jun/2021:20:35:12 +0800] GET /amarpack/getData HTTP/1.1 200 6001 0.306
- 0:0:0:0:0:0:0:1 - - [02/Jun/2021:20:35:50 +0800] GET /amarpack/query?reqparam=%7B%22tableName%22:%22eds_query_history2%22,%22sql%22:%22select%20*%20from%20eds_query_history2%22,%22database%22:%22hubserviceapilog%22%7D HTTP/1.1 500 139 37.933
- 0:0:0:0:0:0:0:1 - - [02/Jun/2021:20:35:59 +0800] GET /amarpack/getData HTTP/1.1 200 6001 0.253
- 0:0:0:0:0:0:0:1 - - [02/Jun/2021:20:36:02 +0800] GET /amarpack/query?reqparam=%7B%22tableName%22:%22eds_query_history2%22,%22sql%22:%22select%20*%20from%20eds_query_history2%22,%22database%22:%22hubserviceapilog%22%7D HTTP/1.1 500 139 3.195
- 0:0:0:0:0:0:0:1 - - [02/Jun/2021:20:36:27 +0800] GET /amarpack/getData HTTP/1.1 200 6001 0.006
- 0:0:0:0:0:0:0:1 - - [02/Jun/2021:20:36:52 +0800] GET /amarpack/query?reqparam=%7B%22tableName%22:%22eds_query_history2%22,%22sql%22:%22select%20*%20from%20eds_query_history2%22,%22database%22:%22hubserviceapilog%22%7D HTTP/1.1 500 139 25.934
- 0:0:0:0:0:0:0:1 - - [02/Jun/2021:20:36:57 +0800] GET /amarpack/getData HTTP/1.1 200 6001 0.006
- 0:0:0:0:0:0:0:1 - - [02/Jun/2021:20:38:45 +0800] GET /amarpack/query?reqparam=%7B%22tableName%22:%22eds_query_history2%22,%22sql%22:%22select%20*%20from%20eds_query_history2%22,%22database%22:%22hubserviceapilog%22%7D HTTP/1.1 500 139 107.302
- 0:0:0:0:0:0:0:1 - - [02/Jun/2021:20:39:00 +0800] GET /amarpack/getData HTTP/1.1 200 6001 0.259
- 0:0:0:0:0:0:0:1 - - [02/Jun/2021:20:39:00 +0800] GET /amarpack/query?reqparam=%7B%22tableName%22:%22eds_query_history2%22,%22sql%22:%22select%20*%20from%20eds_query_history2%22,%22database%22:%22hubserviceapilog%22%7D HTTP/1.1 200 52 0.118
- 0:0:0:0:0:0:0:1 - - [02/Jun/2021:20:39:30 +0800] GET /amarpack/getData HTTP/1.1 200 6001 0.280
- 0:0:0:0:0:0:0:1 - - [02/Jun/2021:20:39:30 +0800] GET /amarpack/query?reqparam=%7B%22tableName%22:%22eds_query_history2%22,%22sql%22:%22select%20*%20from%20eds_query_history2%22,%22database%22:%22hubserviceapilog%22%7D HTTP/1.1 200 384 0.146
- 0:0:0:0:0:0:0:1 - - [02/Jun/2021:20:39:31 +0800] GET /amarpack/query2?reqparam=%7B%22tableName%22:%22eds_query_history2%22,%22sql%22:%22select%20*%20from%20eds_query_history2%22,%22database%22:%22hubserviceapilog%22%7D&page=1&limit=10 HTTP/1.1 200 62 0.663
- 0:0:0:0:0:0:0:1 - - [02/Jun/2021:20:40:42 +0800] GET /amarpack/getData HTTP/1.1 200 6001 0.293
- 0:0:0:0:0:0:0:1 - - [02/Jun/2021:20:40:42 +0800] GET /amarpack/query?reqparam=%7B%22tableName%22:%22eds_query_history2%22,%22sql%22:%22select%20*%20from%20eds_query_history2%22,%22database%22:%22hubserviceapilog%22%7D HTTP/1.1 200 384 0.180
- 0:0:0:0:0:0:0:1 - - [02/Jun/2021:20:40:42 +0800] GET /amarpack/query2?reqparam=%7B%22tableName%22:%22eds_query_history2%22,%22sql%22:%22select%20*%20from%20eds_query_history2%22,%22database%22:%22hubserviceapilog%22%7D&page=1&limit=10 HTTP/1.1 200 1277282 0.101
- 0:0:0:0:0:0:0:1 - - [02/Jun/2021:21:20:46 +0800] GET /amarpack/getData HTTP/1.1 200 6001 0.290
- 0:0:0:0:0:0:0:1 - - [02/Jun/2021:21:20:47 +0800] GET /amarpack/query?reqparam=%7B%22tableName%22:%22eds_query_history2%22,%22sql%22:%22select%20*%20from%20eds_query_history2%22,%22database%22:%22hubserviceapilog%22%7D HTTP/1.1 200 384 0.170
- 0:0:0:0:0:0:0:1 - - [02/Jun/2021:21:20:47 +0800] GET /amarpack/query2?reqparam=%7B%22tableName%22:%22eds_query_history2%22,%22sql%22:%22select%20*%20from%20eds_query_history2%22,%22database%22:%22hubserviceapilog%22%7D&page=1&limit=10 HTTP/1.1 200 62 0.091
- 0:0:0:0:0:0:0:1 - - [02/Jun/2021:21:21:17 +0800] GET /amarpack/getData HTTP/1.1 200 6001 0.306
- 0:0:0:0:0:0:0:1 - - [02/Jun/2021:21:21:17 +0800] GET /amarpack/query?reqparam=%7B%22tableName%22:%22eds_query_history2%22,%22sql%22:%22select%20*%20from%20eds_query_history2%22,%22database%22:%22hubserviceapilog%22%7D HTTP/1.1 200 384 0.203
- 0:0:0:0:0:0:0:1 - - [02/Jun/2021:21:21:18 +0800] GET /amarpack/query2?reqparam=%7B%22tableName%22:%22eds_query_history2%22,%22sql%22:%22select%20*%20from%20eds_query_history2%22,%22database%22:%22hubserviceapilog%22%7D&page=1&limit=10 HTTP/1.1 200 1277282 0.102
- 0:0:0:0:0:0:0:1 - - [02/Jun/2021:21:21:37 +0800] GET /amarpack/query2?reqparam=%7B%22tableName%22:%22eds_query_history2%22,%22sql%22:%22select%20*%20from%20eds_query_history2%22,%22database%22:%22hubserviceapilog%22%7D&page=3&limit=10 HTTP/1.1 200 1277282 0.094
- 0:0:0:0:0:0:0:1 - - [02/Jun/2021:21:21:39 +0800] GET /amarpack/query2?reqparam=%7B%22tableName%22:%22eds_query_history2%22,%22sql%22:%22select%20*%20from%20eds_query_history2%22,%22database%22:%22hubserviceapilog%22%7D&page=2&limit=10 HTTP/1.1 200 1277282 0.088
- 0:0:0:0:0:0:0:1 - - [02/Jun/2021:21:21:41 +0800] GET /amarpack/query2?reqparam=%7B%22tableName%22:%22eds_query_history2%22,%22sql%22:%22select%20*%20from%20eds_query_history2%22,%22database%22:%22hubserviceapilog%22%7D&page=3&limit=10 HTTP/1.1 200 1277282 0.090
- 0:0:0:0:0:0:0:1 - - [02/Jun/2021:21:21:44 +0800] GET /amarpack/query2?reqparam=%7B%22tableName%22:%22eds_query_history2%22,%22sql%22:%22select%20*%20from%20eds_query_history2%22,%22database%22:%22hubserviceapilog%22%7D&page=200&limit=10 HTTP/1.1 200 1277282 0.096
- 0:0:0:0:0:0:0:1 - - [02/Jun/2021:21:22:44 +0800] GET /amarpack/getData HTTP/1.1 200 6001 0.426
- 0:0:0:0:0:0:0:1 - - [02/Jun/2021:21:22:45 +0800] GET /amarpack/query?reqparam=%7B%22tableName%22:%22eds_query_history2%22,%22sql%22:%22select%20*%20from%20eds_query_history2%22,%22database%22:%22hubserviceapilog%22%7D HTTP/1.1 200 384 0.149
- 0:0:0:0:0:0:0:1 - - [02/Jun/2021:21:24:53 +0800] GET /amarpack/query2?reqparam=%7B%22tableName%22:%22eds_query_history2%22,%22sql%22:%22select%20*%20from%20eds_query_history2%22,%22database%22:%22hubserviceapilog%22%7D&page=1&limit=10 HTTP/1.1 200 127563 128.182
- 0:0:0:0:0:0:0:1 - - [02/Jun/2021:21:25:14 +0800] GET /amarpack/getData HTTP/1.1 200 6001 0.514
- 0:0:0:0:0:0:0:1 - - [02/Jun/2021:21:25:58 +0800] GET /amarpack/query?reqparam=%7B%22tableName%22:%22eds_query_history2%22,%22sql%22:%22select%20*%20from%20eds_query_history2%22,%22database%22:%22hubserviceapilog%22%7D HTTP/1.1 200 384 43.787
- 0:0:0:0:0:0:0:1 - - [02/Jun/2021:21:25:58 +0800] GET /amarpack/query2?reqparam=%7B%22tableName%22:%22eds_query_history2%22,%22sql%22:%22select%20*%20from%20eds_query_history2%22,%22database%22:%22hubserviceapilog%22%7D&page=1&limit=10 HTTP/1.1 200 127163 0.022
- 0:0:0:0:0:0:0:1 - - [02/Jun/2021:21:27:22 +0800] GET /amarpack/getData HTTP/1.1 200 6001 0.006
- 0:0:0:0:0:0:0:1 - - [02/Jun/2021:21:27:22 +0800] GET /amarpack/query?reqparam=%7B%22tableName%22:%22eds_query_history2%22,%22sql%22:%22select%20*%20from%20eds_query_history2%22,%22database%22:%22hubserviceapilog%22%7D HTTP/1.1 200 384 0.027
- 0:0:0:0:0:0:0:1 - - [02/Jun/2021:21:28:52 +0800] GET /amarpack/query2?reqparam=%7B%22tableName%22:%22eds_query_history2%22,%22sql%22:%22select%20*%20from%20eds_query_history2%22,%22database%22:%22hubserviceapilog%22%7D&page=1&limit=10 HTTP/1.1 200 127163 89.814
- 0:0:0:0:0:0:0:1 - - [02/Jun/2021:21:31:19 +0800] GET /amarpack/getData HTTP/1.1 200 6051 0.298
- 0:0:0:0:0:0:0:1 - - [02/Jun/2021:21:31:19 +0800] GET /amarpack/query?reqparam=%7B%22tableName%22:%22eds_query_history2%22,%22sql%22:%22select%20*%20from%20eds_query_history2%22,%22database%22:%22hubserviceapilog%22%7D HTTP/1.1 200 384 0.294
- 0:0:0:0:0:0:0:1 - - [02/Jun/2021:21:31:19 +0800] GET /amarpack/queryData?reqparam=%7B%22tableName%22:%22eds_query_history2%22,%22sql%22:%22select%20*%20from%20eds_query_history2%22,%22database%22:%22hubserviceapilog%22%7D&page=1&limit=10 HTTP/1.1 200 1294 0.008
- 0:0:0:0:0:0:0:1 - - [02/Jun/2021:21:33:00 +0800] GET /amarpack/getData HTTP/1.1 200 6051 0.275
- 0:0:0:0:0:0:0:1 - - [02/Jun/2021:21:33:00 +0800] GET /amarpack/query?reqparam=%7B%22tableName%22:%22eds_query_history2%22,%22sql%22:%22select%20*%20from%20eds_query_history2%22,%22database%22:%22hubserviceapilog%22%7D HTTP/1.1 200 384 0.202
- 0:0:0:0:0:0:0:1 - - [02/Jun/2021:21:33:00 +0800] GET /amarpack/queryData?reqparam=%7B%22tableName%22:%22eds_query_history2%22,%22sql%22:%22select%20*%20from%20eds_query_history2%22,%22database%22:%22hubserviceapilog%22%7D&page=1&limit=10 HTTP/1.1 200 1294 0.010
- 0:0:0:0:0:0:0:1 - - [02/Jun/2021:21:35:26 +0800] GET /amarpack/getData HTTP/1.1 200 6051 0.009
- 0:0:0:0:0:0:0:1 - - [02/Jun/2021:21:35:26 +0800] GET /amarpack/query?reqparam=%7B%22tableName%22:%22eds_query_history2%22,%22sql%22:%22select%20*%20from%20eds_query_history2%22,%22database%22:%22hubserviceapilog%22%7D HTTP/1.1 200 384 0.039
- 0:0:0:0:0:0:0:1 - - [02/Jun/2021:21:35:26 +0800] GET /amarpack/queryData?reqparam=%7B%22tableName%22:%22eds_query_history2%22,%22sql%22:%22select%20*%20from%20eds_query_history2%22,%22database%22:%22hubserviceapilog%22%7D&page=1&limit=10 HTTP/1.1 200 1294 0.020
- 0:0:0:0:0:0:0:1 - - [02/Jun/2021:21:39:36 +0800] GET /amarpack/getData HTTP/1.1 200 6051 0.270
- 0:0:0:0:0:0:0:1 - - [02/Jun/2021:21:39:36 +0800] GET /amarpack/query?reqparam=%7B%22tableName%22:%22eds_query_history2%22,%22sql%22:%22select%20*%20from%20eds_query_history2%22,%22database%22:%22hubserviceapilog%22%7D HTTP/1.1 200 384 0.180
- 0:0:0:0:0:0:0:1 - - [02/Jun/2021:21:39:36 +0800] GET /amarpack/queryData?reqparam=%7B%22tableName%22:%22eds_query_history2%22,%22sql%22:%22select%20*%20from%20eds_query_history2%22,%22database%22:%22hubserviceapilog%22%7D&page=1&limit=10 HTTP/1.1 500 143 0.042
- 0:0:0:0:0:0:0:1 - - [02/Jun/2021:21:44:08 +0800] GET /amarpack/getData HTTP/1.1 200 6051 0.010
- 0:0:0:0:0:0:0:1 - - [02/Jun/2021:21:44:08 +0800] GET /amarpack/query?reqparam=%7B%22tableName%22:%22eds_query_history2%22,%22sql%22:%22select%20*%20from%20eds_query_history2%22,%22database%22:%22hubserviceapilog%22%7D HTTP/1.1 200 384 0.044
- 0:0:0:0:0:0:0:1 - - [02/Jun/2021:21:44:31 +0800] GET /amarpack/queryData?reqparam=%7B%22tableName%22:%22eds_query_history2%22,%22sql%22:%22select%20*%20from%20eds_query_history2%22,%22database%22:%22hubserviceapilog%22%7D&page=1&limit=10 HTTP/1.1 500 143 22.397
- 0:0:0:0:0:0:0:1 - - [02/Jun/2021:21:47:03 +0800] GET /amarpack/getData HTTP/1.1 200 6051 0.317
- 0:0:0:0:0:0:0:1 - - [02/Jun/2021:21:47:03 +0800] GET /amarpack/query?reqparam=%7B%22tableName%22:%22eds_query_history2%22,%22sql%22:%22select%20*%20from%20eds_query_history2%22,%22database%22:%22hubserviceapilog%22%7D HTTP/1.1 200 384 0.207
- 0:0:0:0:0:0:0:1 - - [02/Jun/2021:21:47:15 +0800] GET /amarpack/queryData?reqparam=%7B%22tableName%22:%22eds_query_history2%22,%22sql%22:%22select%20*%20from%20eds_query_history2%22,%22database%22:%22hubserviceapilog%22%7D&page=1&limit=10 HTTP/1.1 500 143 11.913
- 0:0:0:0:0:0:0:1 - - [02/Jun/2021:21:47:43 +0800] GET /amarpack/getData HTTP/1.1 200 6051 0.010
- 0:0:0:0:0:0:0:1 - - [02/Jun/2021:21:47:43 +0800] GET /amarpack/query?reqparam=%7B%22tableName%22:%22eds_query_history2%22,%22sql%22:%22select%20*%20from%20eds_query_history2%22,%22database%22:%22hubserviceapilog%22%7D HTTP/1.1 200 384 0.005
- 0:0:0:0:0:0:0:1 - - [02/Jun/2021:21:47:58 +0800] GET /amarpack/queryData?reqparam=%7B%22tableName%22:%22eds_query_history2%22,%22sql%22:%22select%20*%20from%20eds_query_history2%22,%22database%22:%22hubserviceapilog%22%7D&page=1&limit=10 HTTP/1.1 500 143 14.856
- 0:0:0:0:0:0:0:1 - - [02/Jun/2021:21:50:12 +0800] GET /amarpack/getData HTTP/1.1 200 6051 0.296
- 0:0:0:0:0:0:0:1 - - [02/Jun/2021:21:50:13 +0800] GET /amarpack/query?reqparam=%7B%22tableName%22:%22eds_query_history2%22,%22sql%22:%22select%20*%20from%20eds_query_history2%22,%22database%22:%22hubserviceapilog%22%7D HTTP/1.1 200 384 0.231
- 0:0:0:0:0:0:0:1 - - [02/Jun/2021:21:50:13 +0800] GET /amarpack/queryData?reqparam=%7B%22tableName%22:%22eds_query_history2%22,%22sql%22:%22select%20*%20from%20eds_query_history2%22,%22database%22:%22hubserviceapilog%22%7D&page=1&limit=10 HTTP/1.1 200 9789 0.013
- 0:0:0:0:0:0:0:1 - - [02/Jun/2021:21:50:27 +0800] GET /amarpack/queryData?reqparam=%7B%22tableName%22:%22eds_query_history2%22,%22sql%22:%22select%20*%20from%20eds_query_history2%22,%22database%22:%22hubserviceapilog%22%7D&page=1&limit=10 HTTP/1.1 200 9789 0.007
- 0:0:0:0:0:0:0:1 - - [02/Jun/2021:21:50:29 +0800] GET /amarpack/queryData?reqparam=%7B%22tableName%22:%22eds_query_history2%22,%22sql%22:%22select%20*%20from%20eds_query_history2%22,%22database%22:%22hubserviceapilog%22%7D&page=1&limit=10 HTTP/1.1 200 9789 0.007
- 0:0:0:0:0:0:0:1 - - [02/Jun/2021:21:50:32 +0800] GET /amarpack/queryData?reqparam=%7B%22tableName%22:%22eds_query_history2%22,%22sql%22:%22select%20*%20from%20eds_query_history2%22,%22database%22:%22hubserviceapilog%22%7D&page=1&limit=20 HTTP/1.1 200 16119 0.008
- 0:0:0:0:0:0:0:1 - - [02/Jun/2021:21:50:41 +0800] GET /amarpack/queryData?reqparam=%7B%22tableName%22:%22eds_query_history2%22,%22sql%22:%22select%20*%20from%20eds_query_history2%22,%22database%22:%22hubserviceapilog%22%7D&page=1&limit=30 HTTP/1.1 200 22634 0.018
- 0:0:0:0:0:0:0:1 - - [02/Jun/2021:21:51:33 +0800] GET /amarpack/%E6%89%93%E5%8D%B0%E7%AA%97%E5%8F%A3 HTTP/1.1 404 286 0.022
- 0:0:0:0:0:0:0:1 - - [02/Jun/2021:21:57:37 +0800] GET /amarpack/getData HTTP/1.1 200 6051 0.010
- 0:0:0:0:0:0:0:1 - - [02/Jun/2021:21:57:37 +0800] GET /amarpack/query?reqparam=%7B%22tableName%22:%22eds_query_history2%22,%22sql%22:%22select%20*%20from%20eds_query_history2%22,%22database%22:%22hubserviceapilog%22%7D HTTP/1.1 200 384 0.014
- 0:0:0:0:0:0:0:1 - - [02/Jun/2021:21:57:37 +0800] GET /amarpack/queryData?reqparam=%7B%22tableName%22:%22eds_query_history2%22,%22sql%22:%22select%20*%20from%20eds_query_history2%22,%22database%22:%22hubserviceapilog%22%7D&page=1&limit=10 HTTP/1.1 200 9789 0.014
- 0:0:0:0:0:0:0:1 - - [02/Jun/2021:21:57:54 +0800] GET /amarpack/getData HTTP/1.1 200 7151 0.268
- 0:0:0:0:0:0:0:1 - - [02/Jun/2021:21:57:54 +0800] GET /amarpack/query?reqparam=%7B%22tableName%22:%22eds_query_history2%22,%22sql%22:%22select%20*%20from%20eds_query_history2%22,%22database%22:%22hubserviceapilog%22%7D HTTP/1.1 200 384 0.156
- 0:0:0:0:0:0:0:1 - - [02/Jun/2021:21:57:54 +0800] GET /amarpack/queryData?reqparam=%7B%22tableName%22:%22eds_query_history2%22,%22sql%22:%22select%20*%20from%20eds_query_history2%22,%22database%22:%22hubserviceapilog%22%7D&page=1&limit=10 HTTP/1.1 200 9789 0.009
- 0:0:0:0:0:0:0:1 - - [02/Jun/2021:21:59:49 +0800] GET /amarpack/getData HTTP/1.1 200 7483 0.273
- 0:0:0:0:0:0:0:1 - - [02/Jun/2021:21:59:50 +0800] GET /amarpack/query?reqparam=%7B%22tableName%22:%22eds_query_history2%22,%22sql%22:%22select%20*%20from%20eds_query_history2%22,%22database%22:%22hubserviceapilog%22%7D HTTP/1.1 200 384 0.158
- 0:0:0:0:0:0:0:1 - - [02/Jun/2021:21:59:50 +0800] GET /amarpack/queryData?reqparam=%7B%22tableName%22:%22eds_query_history2%22,%22sql%22:%22select%20*%20from%20eds_query_history2%22,%22database%22:%22hubserviceapilog%22%7D&page=1&limit=10 HTTP/1.1 200 9789 0.010
- 0:0:0:0:0:0:0:1 - - [02/Jun/2021:21:59:52 +0800] GET /amarpack/getData HTTP/1.1 200 7483 0.009
- 0:0:0:0:0:0:0:1 - - [02/Jun/2021:21:59:52 +0800] GET /amarpack/query?reqparam=%7B%22tableName%22:%22eds_query_history2%22,%22sql%22:%22select%20*%20from%20eds_query_history2%22,%22database%22:%22hubserviceapilog%22%7D HTTP/1.1 200 384 0.005
- 0:0:0:0:0:0:0:1 - - [02/Jun/2021:21:59:52 +0800] GET /amarpack/queryData?reqparam=%7B%22tableName%22:%22eds_query_history2%22,%22sql%22:%22select%20*%20from%20eds_query_history2%22,%22database%22:%22hubserviceapilog%22%7D&page=1&limit=10 HTTP/1.1 200 9789 0.012
- 0:0:0:0:0:0:0:1 - - [02/Jun/2021:22:02:02 +0800] GET /amarpack/getData HTTP/1.1 200 7448 0.328
- 0:0:0:0:0:0:0:1 - - [02/Jun/2021:22:02:03 +0800] GET /amarpack/query?reqparam=%7B%22tableName%22:%22eds_query_history2%22,%22sql%22:%22select%20*%20from%20eds_query_history2%22,%22database%22:%22hubserviceapilog%22%7D HTTP/1.1 200 384 0.299
- 0:0:0:0:0:0:0:1 - - [02/Jun/2021:22:02:03 +0800] GET /amarpack/queryData?reqparam=%7B%22tableName%22:%22eds_query_history2%22,%22sql%22:%22select%20*%20from%20eds_query_history2%22,%22database%22:%22hubserviceapilog%22%7D&page=1&limit=10 HTTP/1.1 200 9789 0.009
- 0:0:0:0:0:0:0:1 - - [02/Jun/2021:22:07:07 +0800] GET /amarpack/getData HTTP/1.1 200 6539 0.283
- 0:0:0:0:0:0:0:1 - - [02/Jun/2021:22:07:07 +0800] GET /amarpack/query?reqparam=%7B%22tableName%22:%22eds_query_history2%22,%22sql%22:%22select%20*%20from%20eds_query_history2%22,%22database%22:%22hubserviceapilog%22%7D HTTP/1.1 200 384 0.176
- 0:0:0:0:0:0:0:1 - - [02/Jun/2021:22:07:07 +0800] GET /amarpack/queryData?reqparam=%7B%22tableName%22:%22eds_query_history2%22,%22sql%22:%22select%20*%20from%20eds_query_history2%22,%22database%22:%22hubserviceapilog%22%7D&page=1&limit=10 HTTP/1.1 200 9789 0.010
- 0:0:0:0:0:0:0:1 - - [02/Jun/2021:22:07:10 +0800] GET /amarpack/queryData?reqparam=%7B%22tableName%22:%22eds_query_history2%22,%22sql%22:%22select%20*%20from%20eds_query_history2%22,%22database%22:%22hubserviceapilog%22%7D&page=1&limit=20 HTTP/1.1 200 16119 0.008
- 0:0:0:0:0:0:0:1 - - [02/Jun/2021:22:07:15 +0800] GET /amarpack/queryData?reqparam=%7B%22tableName%22:%22eds_query_history2%22,%22sql%22:%22select%20*%20from%20eds_query_history2%22,%22database%22:%22hubserviceapilog%22%7D&page=1&limit=10 HTTP/1.1 200 9789 0.008
- 0:0:0:0:0:0:0:1 - - [02/Jun/2021:22:12:52 +0800] GET /amarpack/getData HTTP/1.1 200 6539 0.263
- 0:0:0:0:0:0:0:1 - - [02/Jun/2021:22:12:52 +0800] GET /amarpack/query?reqparam=%7B%22tableName%22:%22eds_query_history2%22,%22sql%22:%22select%20*%20from%20eds_query_history2%22,%22database%22:%22hubserviceapilog%22%7D HTTP/1.1 200 384 0.136
- 0:0:0:0:0:0:0:1 - - [02/Jun/2021:22:12:52 +0800] GET /amarpack/queryData?reqparam=%7B%22tableName%22:%22eds_query_history2%22,%22sql%22:%22select%20*%20from%20eds_query_history2%22,%22database%22:%22hubserviceapilog%22%7D&page=1&limit=10 HTTP/1.1 500 143 0.033
- 0:0:0:0:0:0:0:1 - - [02/Jun/2021:22:14:38 +0800] GET /amarpack/getData HTTP/1.1 200 6539 0.344
- 0:0:0:0:0:0:0:1 - - [02/Jun/2021:22:14:38 +0800] GET /amarpack/query?reqparam=%7B%22tableName%22:%22eds_query_history2%22,%22sql%22:%22select%20*%20from%20eds_query_history2%22,%22database%22:%22hubserviceapilog%22%7D HTTP/1.1 200 384 0.155
- 0:0:0:0:0:0:0:1 - - [02/Jun/2021:22:14:38 +0800] GET /amarpack/queryData?reqparam=%7B%22tableName%22:%22eds_query_history2%22,%22sql%22:%22select%20*%20from%20eds_query_history2%22,%22database%22:%22hubserviceapilog%22%7D&page=1&limit=10 HTTP/1.1 500 143 0.034
- 0:0:0:0:0:0:0:1 - - [02/Jun/2021:22:16:47 +0800] GET /amarpack/getData HTTP/1.1 200 6539 0.006
- 0:0:0:0:0:0:0:1 - - [02/Jun/2021:22:16:47 +0800] GET /amarpack/query?reqparam=%7B%22tableName%22:%22eds_query_history2%22,%22sql%22:%22select%20*%20from%20eds_query_history2%22,%22database%22:%22hubserviceapilog%22%7D HTTP/1.1 200 384 0.072
- 0:0:0:0:0:0:0:1 - - [02/Jun/2021:22:16:47 +0800] GET /amarpack/queryData?reqparam=%7B%22tableName%22:%22eds_query_history2%22,%22sql%22:%22select%20*%20from%20eds_query_history2%22,%22database%22:%22hubserviceapilog%22%7D&page=1&limit=10 HTTP/1.1 500 143 0.030
- 0:0:0:0:0:0:0:1 - - [02/Jun/2021:22:17:14 +0800] GET /amarpack/getData HTTP/1.1 200 6539 0.459
- 0:0:0:0:0:0:0:1 - - [02/Jun/2021:22:17:14 +0800] GET /amarpack/query?reqparam=%7B%22tableName%22:%22eds_query_history2%22,%22sql%22:%22select%20*%20from%20eds_query_history2%22,%22database%22:%22hubserviceapilog%22%7D HTTP/1.1 200 384 0.181
- 0:0:0:0:0:0:0:1 - - [02/Jun/2021:22:18:38 +0800] GET /amarpack/getData HTTP/1.1 200 6570 0.309
- 0:0:0:0:0:0:0:1 - - [02/Jun/2021:22:18:38 +0800] GET /amarpack/query?reqparam=%7B%22tableName%22:%22eds_query_history2%22,%22sql%22:%22select%20*%20from%20eds_query_history2%20where%20begintime%3E%272021/06/01%27%22,%22database%22:%22hubserviceapilog%22%7D HTTP/1.1 200 384 0.155
- 0:0:0:0:0:0:0:1 - - [02/Jun/2021:22:18:47 +0800] GET /amarpack/queryData?reqparam=%7B%22tableName%22:%22eds_query_history2%22,%22sql%22:%22select%20*%20from%20eds_query_history2%20where%20begintime%3E%272021/06/01%27%22,%22database%22:%22hubserviceapilog%22%7D&page=1&limit=10 HTTP/1.1 200 7011 8.734
- 0:0:0:0:0:0:0:1 - - [02/Jun/2021:22:19:02 +0800] GET /amarpack/queryData?reqparam=%7B%22tableName%22:%22eds_query_history2%22,%22sql%22:%22select%20*%20from%20eds_query_history2%20where%20begintime%3E%272021/06/01%27%22,%22database%22:%22hubserviceapilog%22%7D&page=2&limit=10 HTTP/1.1 200 6974 0.573
- 0:0:0:0:0:0:0:1 - - [02/Jun/2021:22:19:04 +0800] GET /amarpack/queryData?reqparam=%7B%22tableName%22:%22eds_query_history2%22,%22sql%22:%22select%20*%20from%20eds_query_history2%20where%20begintime%3E%272021/06/01%27%22,%22database%22:%22hubserviceapilog%22%7D&page=3&limit=10 HTTP/1.1 200 7014 0.584
- 0:0:0:0:0:0:0:1 - - [02/Jun/2021:22:19:06 +0800] GET /amarpack/queryData?reqparam=%7B%22tableName%22:%22eds_query_history2%22,%22sql%22:%22select%20*%20from%20eds_query_history2%20where%20begintime%3E%272021/06/01%27%22,%22database%22:%22hubserviceapilog%22%7D&page=4&limit=10 HTTP/1.1 200 7061 0.768
- 0:0:0:0:0:0:0:1 - - [02/Jun/2021:22:19:07 +0800] GET /amarpack/queryData?reqparam=%7B%22tableName%22:%22eds_query_history2%22,%22sql%22:%22select%20*%20from%20eds_query_history2%20where%20begintime%3E%272021/06/01%27%22,%22database%22:%22hubserviceapilog%22%7D&page=5&limit=10 HTTP/1.1 200 6950 0.652
- 0:0:0:0:0:0:0:1 - - [02/Jun/2021:22:19:07 +0800] GET /amarpack/queryData?reqparam=%7B%22tableName%22:%22eds_query_history2%22,%22sql%22:%22select%20*%20from%20eds_query_history2%20where%20begintime%3E%272021/06/01%27%22,%22database%22:%22hubserviceapilog%22%7D&page=6&limit=10 HTTP/1.1 200 6974 0.607
- 0:0:0:0:0:0:0:1 - - [02/Jun/2021:22:19:07 +0800] GET /amarpack/queryData?reqparam=%7B%22tableName%22:%22eds_query_history2%22,%22sql%22:%22select%20*%20from%20eds_query_history2%20where%20begintime%3E%272021/06/01%27%22,%22database%22:%22hubserviceapilog%22%7D&page=7&limit=10 HTTP/1.1 200 7039 0.614
- 0:0:0:0:0:0:0:1 - - [02/Jun/2021:22:19:08 +0800] GET /amarpack/queryData?reqparam=%7B%22tableName%22:%22eds_query_history2%22,%22sql%22:%22select%20*%20from%20eds_query_history2%20where%20begintime%3E%272021/06/01%27%22,%22database%22:%22hubserviceapilog%22%7D&page=8&limit=10 HTTP/1.1 200 6929 0.612
- 0:0:0:0:0:0:0:1 - - [02/Jun/2021:22:19:08 +0800] GET /amarpack/queryData?reqparam=%7B%22tableName%22:%22eds_query_history2%22,%22sql%22:%22select%20*%20from%20eds_query_history2%20where%20begintime%3E%272021/06/01%27%22,%22database%22:%22hubserviceapilog%22%7D&page=9&limit=10 HTTP/1.1 200 6991 0.572
- 0:0:0:0:0:0:0:1 - - [02/Jun/2021:22:19:08 +0800] GET /amarpack/queryData?reqparam=%7B%22tableName%22:%22eds_query_history2%22,%22sql%22:%22select%20*%20from%20eds_query_history2%20where%20begintime%3E%272021/06/01%27%22,%22database%22:%22hubserviceapilog%22%7D&page=10&limit=10 HTTP/1.1 200 7029 0.542
- 0:0:0:0:0:0:0:1 - - [02/Jun/2021:22:19:09 +0800] GET /amarpack/queryData?reqparam=%7B%22tableName%22:%22eds_query_history2%22,%22sql%22:%22select%20*%20from%20eds_query_history2%20where%20begintime%3E%272021/06/01%27%22,%22database%22:%22hubserviceapilog%22%7D&page=11&limit=10 HTTP/1.1 200 7060 0.553
- 0:0:0:0:0:0:0:1 - - [02/Jun/2021:22:19:10 +0800] GET /amarpack/queryData?reqparam=%7B%22tableName%22:%22eds_query_history2%22,%22sql%22:%22select%20*%20from%20eds_query_history2%20where%20begintime%3E%272021/06/01%27%22,%22database%22:%22hubserviceapilog%22%7D&page=12&limit=10 HTTP/1.1 200 6950 0.615
- 0:0:0:0:0:0:0:1 - - [02/Jun/2021:22:19:10 +0800] GET /amarpack/queryData?reqparam=%7B%22tableName%22:%22eds_query_history2%22,%22sql%22:%22select%20*%20from%20eds_query_history2%20where%20begintime%3E%272021/06/01%27%22,%22database%22:%22hubserviceapilog%22%7D&page=13&limit=10 HTTP/1.1 200 9577 0.604
- 0:0:0:0:0:0:0:1 - - [02/Jun/2021:22:19:10 +0800] GET /amarpack/queryData?reqparam=%7B%22tableName%22:%22eds_query_history2%22,%22sql%22:%22select%20*%20from%20eds_query_history2%20where%20begintime%3E%272021/06/01%27%22,%22database%22:%22hubserviceapilog%22%7D&page=14&limit=10 HTTP/1.1 200 7016 0.542
- 0:0:0:0:0:0:0:1 - - [02/Jun/2021:22:19:10 +0800] GET /amarpack/queryData?reqparam=%7B%22tableName%22:%22eds_query_history2%22,%22sql%22:%22select%20*%20from%20eds_query_history2%20where%20begintime%3E%272021/06/01%27%22,%22database%22:%22hubserviceapilog%22%7D&page=15&limit=10 HTTP/1.1 200 6998 0.577
- 0:0:0:0:0:0:0:1 - - [02/Jun/2021:22:19:12 +0800] GET /amarpack/queryData?reqparam=%7B%22tableName%22:%22eds_query_history2%22,%22sql%22:%22select%20*%20from%20eds_query_history2%20where%20begintime%3E%272021/06/01%27%22,%22database%22:%22hubserviceapilog%22%7D&page=16&limit=10 HTTP/1.1 200 6950 0.553
- 0:0:0:0:0:0:0:1 - - [02/Jun/2021:22:19:12 +0800] GET /amarpack/queryData?reqparam=%7B%22tableName%22:%22eds_query_history2%22,%22sql%22:%22select%20*%20from%20eds_query_history2%20where%20begintime%3E%272021/06/01%27%22,%22database%22:%22hubserviceapilog%22%7D&page=17&limit=10 HTTP/1.1 200 7061 0.583
- 0:0:0:0:0:0:0:1 - - [02/Jun/2021:22:19:12 +0800] GET /amarpack/queryData?reqparam=%7B%22tableName%22:%22eds_query_history2%22,%22sql%22:%22select%20*%20from%20eds_query_history2%20where%20begintime%3E%272021/06/01%27%22,%22database%22:%22hubserviceapilog%22%7D&page=18&limit=10 HTTP/1.1 200 6988 0.594
- 0:0:0:0:0:0:0:1 - - [02/Jun/2021:22:19:13 +0800] GET /amarpack/queryData?reqparam=%7B%22tableName%22:%22eds_query_history2%22,%22sql%22:%22select%20*%20from%20eds_query_history2%20where%20begintime%3E%272021/06/01%27%22,%22database%22:%22hubserviceapilog%22%7D&page=19&limit=10 HTTP/1.1 200 6918 0.543
- 0:0:0:0:0:0:0:1 - - [02/Jun/2021:22:20:13 +0800] GET /amarpack/queryData?reqparam=%7B%22tableName%22:%22eds_query_history2%22,%22sql%22:%22select%20*%20from%20eds_query_history2%20where%20begintime%3E%272021/06/01%27%22,%22database%22:%22hubserviceapilog%22%7D&page=20&limit=10 HTTP/1.1 200 63 60.012
- 0:0:0:0:0:0:0:1 - - [02/Jun/2021:22:20:14 +0800] GET /amarpack/queryData?reqparam=%7B%22tableName%22:%22eds_query_history2%22,%22sql%22:%22select%20*%20from%20eds_query_history2%20where%20begintime%3E%272021/06/01%27%22,%22database%22:%22hubserviceapilog%22%7D&page=21&limit=10 HTTP/1.1 200 63 60.005
- 0:0:0:0:0:0:0:1 - - [02/Jun/2021:22:20:15 +0800] GET /amarpack/queryData?reqparam=%7B%22tableName%22:%22eds_query_history2%22,%22sql%22:%22select%20*%20from%20eds_query_history2%20where%20begintime%3E%272021/06/01%27%22,%22database%22:%22hubserviceapilog%22%7D&page=22&limit=10 HTTP/1.1 200 63 60.015
- 0:0:0:0:0:0:0:1 - - [02/Jun/2021:22:20:18 +0800] GET /amarpack/queryData?reqparam=%7B%22tableName%22:%22eds_query_history2%22,%22sql%22:%22select%20*%20from%20eds_query_history2%20where%20begintime%3E%272021/06/01%27%22,%22database%22:%22hubserviceapilog%22%7D&page=23&limit=10 HTTP/1.1 200 63 60.006
- 0:0:0:0:0:0:0:1 - - [02/Jun/2021:22:21:10 +0800] GET /amarpack/queryData?reqparam=%7B%22tableName%22:%22eds_query_history2%22,%22sql%22:%22select%20*%20from%20eds_query_history2%20where%20begintime%3E%272021/06/01%27%22,%22database%22:%22hubserviceapilog%22%7D&page=23&limit=20 HTTP/1.1 200 63 60.018
- 0:0:0:0:0:0:0:1 - - [02/Jun/2021:22:22:03 +0800] GET /amarpack/getData HTTP/1.1 200 6570 0.015
- 0:0:0:0:0:0:0:1 - - [02/Jun/2021:22:22:32 +0800] GET /amarpack/getData HTTP/1.1 200 6570 0.408
- 0:0:0:0:0:0:0:1 - - [02/Jun/2021:22:22:32 +0800] GET /amarpack/query?reqparam=%7B%22tableName%22:%22eds_query_history2%22,%22sql%22:%22select%20*%20from%20eds_query_history2%20where%20begintime%3E%272021/06/02%27%22,%22database%22:%22hubserviceapilog%22%7D HTTP/1.1 200 384 0.159
- 0:0:0:0:0:0:0:1 - - [02/Jun/2021:22:22:33 +0800] GET /amarpack/queryData?reqparam=%7B%22tableName%22:%22eds_query_history2%22,%22sql%22:%22select%20*%20from%20eds_query_history2%20where%20begintime%3E%272021/06/02%27%22,%22database%22:%22hubserviceapilog%22%7D&page=1&limit=10 HTTP/1.1 200 7053 0.463
- 0:0:0:0:0:0:0:1 - - [02/Jun/2021:22:22:38 +0800] GET /amarpack/queryData?reqparam=%7B%22tableName%22:%22eds_query_history2%22,%22sql%22:%22select%20*%20from%20eds_query_history2%20where%20begintime%3E%272021/06/02%27%22,%22database%22:%22hubserviceapilog%22%7D&page=2&limit=10 HTTP/1.1 200 6982 0.439
- 0:0:0:0:0:0:0:1 - - [02/Jun/2021:22:24:51 +0800] GET /amarpack/queryData?reqparam=%7B%22tableName%22:%22eds_query_history2%22,%22sql%22:%22select%20*%20from%20eds_query_history2%20where%20begintime%3E%272021/06/02%27%22,%22database%22:%22hubserviceapilog%22%7D&page=3&limit=10 HTTP/1.1 200 6911 0.418
- 0:0:0:0:0:0:0:1 - - [02/Jun/2021:22:24:52 +0800] GET /amarpack/queryData?reqparam=%7B%22tableName%22:%22eds_query_history2%22,%22sql%22:%22select%20*%20from%20eds_query_history2%20where%20begintime%3E%272021/06/02%27%22,%22database%22:%22hubserviceapilog%22%7D&page=4&limit=10 HTTP/1.1 200 6992 0.348
- 0:0:0:0:0:0:0:1 - - [02/Jun/2021:22:24:53 +0800] GET /amarpack/queryData?reqparam=%7B%22tableName%22:%22eds_query_history2%22,%22sql%22:%22select%20*%20from%20eds_query_history2%20where%20begintime%3E%272021/06/02%27%22,%22database%22:%22hubserviceapilog%22%7D&page=5&limit=10 HTTP/1.1 200 7010 0.382
- 0:0:0:0:0:0:0:1 - - [02/Jun/2021:22:25:00 +0800] GET /amarpack/queryData?reqparam=%7B%22tableName%22:%22eds_query_history2%22,%22sql%22:%22select%20*%20from%20eds_query_history2%20where%20begintime%3E%272021/06/02%27%22,%22database%22:%22hubserviceapilog%22%7D&page=6&limit=10 HTTP/1.1 200 7009 0.483
- 0:0:0:0:0:0:0:1 - - [02/Jun/2021:22:26:01 +0800] GET /amarpack/queryData?reqparam=%7B%22tableName%22:%22eds_query_history2%22,%22sql%22:%22select%20*%20from%20eds_query_history2%20where%20begintime%3E%272021/06/02%27%22,%22database%22:%22hubserviceapilog%22%7D&page=7&limit=10 HTTP/1.1 200 7017 0.355
- 0:0:0:0:0:0:0:1 - - [02/Jun/2021:22:26:02 +0800] GET /amarpack/queryData?reqparam=%7B%22tableName%22:%22eds_query_history2%22,%22sql%22:%22select%20*%20from%20eds_query_history2%20where%20begintime%3E%272021/06/02%27%22,%22database%22:%22hubserviceapilog%22%7D&page=8&limit=10 HTTP/1.1 200 6993 0.338
- 0:0:0:0:0:0:0:1 - - [02/Jun/2021:22:30:36 +0800] GET /amarpack/getData HTTP/1.1 200 6564 0.008
- 0:0:0:0:0:0:0:1 - - [02/Jun/2021:22:30:36 +0800] GET /amarpack/query?reqparam=%7B%22tableName%22:%22eds_query_history2%22,%22sql%22:%22select%20*%20from%20eds_query_history2%20where%20begintime%3E%272021/06/02%27%22,%22database%22:%22hubserviceapilog%22%7D HTTP/1.1 200 384 0.013
- 0:0:0:0:0:0:0:1 - - [02/Jun/2021:22:30:36 +0800] GET /amarpack/queryData?reqparam=%7B%22tableName%22:%22eds_query_history2%22,%22sql%22:%22select%20*%20from%20eds_query_history2%20where%20begintime%3E%272021/06/02%27%22,%22database%22:%22hubserviceapilog%22%7D&page=1&limit=10 HTTP/1.1 200 7053 0.312
- 0:0:0:0:0:0:0:1 - - [02/Jun/2021:22:30:39 +0800] GET /amarpack/queryData?reqparam=%7B%22tableName%22:%22eds_query_history2%22,%22sql%22:%22select%20*%20from%20eds_query_history2%20where%20begintime%3E%272021/06/02%27%22,%22database%22:%22hubserviceapilog%22%7D&page=2&limit=10 HTTP/1.1 200 6985 0.311
- 0:0:0:0:0:0:0:1 - - [02/Jun/2021:22:30:41 +0800] GET /amarpack/queryData?reqparam=%7B%22tableName%22:%22eds_query_history2%22,%22sql%22:%22select%20*%20from%20eds_query_history2%20where%20begintime%3E%272021/06/02%27%22,%22database%22:%22hubserviceapilog%22%7D&page=1&limit=10&key%5Bid%5D=1 HTTP/1.1 200 7053 0.321
- 0:0:0:0:0:0:0:1 - - [02/Jun/2021:22:30:45 +0800] GET /amarpack/queryData?reqparam=%7B%22tableName%22:%22eds_query_history2%22,%22sql%22:%22select%20*%20from%20eds_query_history2%20where%20begintime%3E%272021/06/02%27%22,%22database%22:%22hubserviceapilog%22%7D&page=3&limit=10&key%5Bid%5D=1 HTTP/1.1 200 6911 0.327
- 0:0:0:0:0:0:0:1 - - [02/Jun/2021:22:30:47 +0800] GET /amarpack/queryData?reqparam=%7B%22tableName%22:%22eds_query_history2%22,%22sql%22:%22select%20*%20from%20eds_query_history2%20where%20begintime%3E%272021/06/02%27%22,%22database%22:%22hubserviceapilog%22%7D&page=1&limit=10&key%5Bid%5D=3 HTTP/1.1 200 7053 0.306
- 0:0:0:0:0:0:0:1 - - [02/Jun/2021:22:31:40 +0800] GET /amarpack/queryData?reqparam=%7B%22tableName%22:%22eds_query_history2%22,%22sql%22:%22select%20*%20from%20eds_query_history2%20where%20begintime%3E%272021/06/02%27%22,%22database%22:%22hubserviceapilog%22%7D&page=1&limit=10&key%5Bid%5D=32 HTTP/1.1 200 7053 0.326
- 0:0:0:0:0:0:0:1 - - [02/Jun/2021:22:32:02 +0800] GET /amarpack/queryData?reqparam=%7B%22tableName%22:%22eds_query_history2%22,%22sql%22:%22select%20*%20from%20eds_query_history2%20where%20begintime%3E%272021/06/02%27%22,%22database%22:%22hubserviceapilog%22%7D&page=1&limit=10&key%5Bid%5D=32 HTTP/1.1 200 7053 0.487
- 127.0.0.1 - - [02/Jun/2021:22:34:14 +0800] GET /amarpack/getData HTTP/1.1 200 6564 0.284
- 127.0.0.1 - - [02/Jun/2021:22:34:14 +0800] GET /amarpack/query?reqparam=%7B%22tableName%22:%22eds_query_history2%22,%22sql%22:%22select%20*%20from%20eds_query_history2%20where%20begintime%3E%272021/06/02%27%22,%22database%22:%22hubserviceapilog%22%7D HTTP/1.1 200 384 0.221
- 127.0.0.1 - - [02/Jun/2021:22:34:14 +0800] GET /amarpack/queryData?reqparam=%7B%22tableName%22:%22eds_query_history2%22,%22sql%22:%22select%20*%20from%20eds_query_history2%20where%20begintime%3E%272021/06/02%27%22,%22database%22:%22hubserviceapilog%22%7D&page=1&limit=10 HTTP/1.1 400 133 0.050
- 127.0.0.1 - - [02/Jun/2021:22:34:28 +0800] GET /amarpack/queryData?reqparam=%7B%22tableName%22:%22eds_query_history2%22,%22sql%22:%22select%20*%20from%20eds_query_history2%20where%20begintime%3E%272021/06/02%27%22,%22database%22:%22hubserviceapilog%22%7D&page=1&limit=10&key%5Bid%5D=32 HTTP/1.1 400 288 0.042
- 0:0:0:0:0:0:0:1 - - [02/Jun/2021:22:36:02 +0800] GET /amarpack/queryData?reqparam=%7B%22tableName%22:%22eds_query_history2%22,%22sql%22:%22select%20*%20from%20eds_query_history2%20where%20begintime%3E%272021/06/02%27%22,%22database%22:%22hubserviceapilog%22%7D&page=1&limit=10&key%5Bid%5D=32 HTTP/1.1 400 288 0.009
- 0:0:0:0:0:0:0:1 - - [02/Jun/2021:22:36:11 +0800] GET /amarpack/queryData?reqparam=%7B%22tableName%22:%22eds_query_history2%22,%22sql%22:%22select%20*%20from%20eds_query_history2%20where%20begintime%3E%272021/06/02%27%22,%22database%22:%22hubserviceapilog%22%7D&page=1&limit=10&key%5Bid%5D=32 HTTP/1.1 400 288 0.010
- 0:0:0:0:0:0:0:1 - - [02/Jun/2021:22:36:28 +0800] GET /amarpack/queryData?reqparam=%7B%22tableName%22:%22eds_query_history2%22,%22sql%22:%22select%20*%20from%20eds_query_history2%20where%20begintime%3E%272021/06/02%27%22,%22database%22:%22hubserviceapilog%22%7D&page=1&limit=10&key%5Bid%5D=32 HTTP/1.1 400 288 0.004
- 0:0:0:0:0:0:0:1 - - [02/Jun/2021:22:36:39 +0800] GET /amarpack/queryData?reqparam=%7B%22tableName%22:%22eds_query_history2%22,%22sql%22:%22select%20*%20from%20eds_query_history2%20where%20begintime%3E%272021/06/02%27%22,%22database%22:%22hubserviceapilog%22%7D&page=1&limit=10&key%5Bid%5D=32 HTTP/1.1 500 298 0.214
- 0:0:0:0:0:0:0:1 - - [02/Jun/2021:22:36:56 +0800] GET /amarpack/getData HTTP/1.1 200 6564 0.236
- 0:0:0:0:0:0:0:1 - - [02/Jun/2021:22:36:56 +0800] GET /amarpack/query?reqparam=%7B%22tableName%22:%22eds_query_history2%22,%22sql%22:%22select%20*%20from%20eds_query_history2%20where%20begintime%3E%272021/06/02%27%22,%22database%22:%22hubserviceapilog%22%7D HTTP/1.1 200 384 0.123
- 0:0:0:0:0:0:0:1 - - [02/Jun/2021:22:36:56 +0800] GET /amarpack/queryData?reqparam=%7B%22tableName%22:%22eds_query_history2%22,%22sql%22:%22select%20*%20from%20eds_query_history2%20where%20begintime%3E%272021/06/02%27%22,%22database%22:%22hubserviceapilog%22%7D&page=1&limit=10 HTTP/1.1 500 143 0.011
- 0:0:0:0:0:0:0:1 - - [02/Jun/2021:22:37:05 +0800] GET /amarpack/getData HTTP/1.1 200 6564 0.013
- 0:0:0:0:0:0:0:1 - - [02/Jun/2021:22:37:05 +0800] GET /amarpack/query?reqparam=%7B%22tableName%22:%22eds_query_history2%22,%22sql%22:%22select%20*%20from%20eds_query_history2%20where%20begintime%3E%272021/06/02%27%22,%22database%22:%22hubserviceapilog%22%7D HTTP/1.1 200 384 0.010
- 0:0:0:0:0:0:0:1 - - [02/Jun/2021:22:38:01 +0800] GET /amarpack/queryData?reqparam=%7B%22tableName%22:%22eds_query_history2%22,%22sql%22:%22select%20*%20from%20eds_query_history2%20where%20begintime%3E%272021/06/02%27%22,%22database%22:%22hubserviceapilog%22%7D&page=1&limit=10 HTTP/1.1 500 143 55.752
