- 0:0:0:0:0:0:0:1 - - [01/Jun/2021:16:59:58 +0800] GET /amarpack/main HTTP/1.1 200 1358 0.069
- 0:0:0:0:0:0:0:1 - - [01/Jun/2021:17:00:04 +0800] GET /amarpack//swagger-ui.html HTTP/1.1 304 - 0.024
- 0:0:0:0:0:0:0:1 - - [01/Jun/2021:17:00:05 +0800] GET /amarpack//webjars/springfox-swagger-ui/springfox.css?v=2.9.2 HTTP/1.1 304 - 0.003
- 0:0:0:0:0:0:0:1 - - [01/Jun/2021:17:00:05 +0800] GET /amarpack//webjars/springfox-swagger-ui/swagger-ui.css?v=2.9.2 HTTP/1.1 304 - 0.005
- 0:0:0:0:0:0:0:1 - - [01/Jun/2021:17:00:05 +0800] GET /amarpack//webjars/springfox-swagger-ui/springfox.js?v=2.9.2 HTTP/1.1 200 96207 0.030
- 0:0:0:0:0:0:0:1 - - [01/Jun/2021:17:00:05 +0800] GET /amarpack//webjars/springfox-swagger-ui/swagger-ui-standalone-preset.js?v=2.9.2 HTTP/1.1 200 440850 0.034
- 0:0:0:0:0:0:0:1 - - [01/Jun/2021:17:00:05 +0800] GET /amarpack//webjars/springfox-swagger-ui/swagger-ui-bundle.js?v=2.9.2 HTTP/1.1 200 1448844 0.051
- 0:0:0:0:0:0:0:1 - - [01/Jun/2021:17:00:05 +0800] GET /amarpack//swagger-resources/configuration/ui HTTP/1.1 200 462 0.069
- 0:0:0:0:0:0:0:1 - - [01/Jun/2021:17:00:05 +0800] GET /amarpack//swagger-resources/configuration/security HTTP/1.1 200 12 0.008
- 0:0:0:0:0:0:0:1 - - [01/Jun/2021:17:00:05 +0800] GET /amarpack//swagger-resources HTTP/1.1 200 101 0.005
- 0:0:0:0:0:0:0:1 - - [01/Jun/2021:17:00:05 +0800] GET /amarpack// HTTP/1.1 404 123 0.016
- 0:0:0:0:0:0:0:1 - - [01/Jun/2021:17:00:05 +0800] GET /amarpack//webjars/springfox-swagger-ui/fonts/titillium-web-v6-latin-700.woff2 HTTP/1.1 200 11640 0.005
- 0:0:0:0:0:0:0:1 - - [01/Jun/2021:17:00:05 +0800] GET /amarpack//csrf HTTP/1.1 404 127 0.005
- 0:0:0:0:0:0:0:1 - - [01/Jun/2021:17:00:05 +0800] GET /amarpack//v2/api-docs HTTP/1.1 200 5937 0.081
- 0:0:0:0:0:0:0:1 - - [01/Jun/2021:17:00:05 +0800] GET /amarpack//webjars/springfox-swagger-ui/fonts/open-sans-v15-latin-regular.woff2 HTTP/1.1 200 14048 0.002
- 0:0:0:0:0:0:0:1 - - [01/Jun/2021:17:00:05 +0800] GET /amarpack//webjars/springfox-swagger-ui/fonts/open-sans-v15-latin-700.woff2 HTTP/1.1 200 14720 0.003
- 0:0:0:0:0:0:0:1 - - [01/Jun/2021:17:00:05 +0800] GET /amarpack//webjars/springfox-swagger-ui/fonts/source-code-pro-v7-latin-300.woff2 HTTP/1.1 200 13292 0.003
- 0:0:0:0:0:0:0:1 - - [01/Jun/2021:17:00:39 +0800] GET /baffle//swagger-ui.html HTTP/1.1 404 431 0.001
- 0:0:0:0:0:0:0:1 - - [01/Jun/2021:17:00:44 +0800] GET /amarpack//swagger-resources/configuration/ui HTTP/1.1 200 462 0.002
- 0:0:0:0:0:0:0:1 - - [01/Jun/2021:17:00:44 +0800] GET /amarpack//swagger-resources/configuration/security HTTP/1.1 200 12 0.001
- 0:0:0:0:0:0:0:1 - - [01/Jun/2021:17:00:44 +0800] GET /amarpack//swagger-resources HTTP/1.1 200 101 0.001
- 0:0:0:0:0:0:0:1 - - [01/Jun/2021:17:00:44 +0800] GET /amarpack// HTTP/1.1 404 123 0.004
- 0:0:0:0:0:0:0:1 - - [01/Jun/2021:17:00:45 +0800] GET /amarpack//v2/api-docs HTTP/1.1 200 5937 0.008
- 0:0:0:0:0:0:0:1 - - [01/Jun/2021:17:00:45 +0800] GET /amarpack//csrf HTTP/1.1 404 127 0.004
- 0:0:0:0:0:0:0:1 - - [01/Jun/2021:17:00:46 +0800] GET /amarpack//webjars/springfox-swagger-ui/fonts/source-code-pro-v7-latin-600.woff2 HTTP/1.1 200 12956 0.003
- 0:0:0:0:0:0:0:1 - - [01/Jun/2021:17:00:48 +0800] GET /amarpack//webjars/springfox-swagger-ui/fonts/titillium-web-v6-latin-regular.woff2 HTTP/1.1 200 12264 0.002
