2021-06-24 19:14:06.530 [main] INFO  com.amarsoft.AmarPackTest.TestExportDoc - Starting TestExportDoc using Java 1.8.0_60 on DESKTOP-1M6TEO7 with PID 27068 (started by mjwang in H:\github\ApiDoc)
2021-06-24 19:14:06.556 [main] INFO  com.amarsoft.AmarPackTest.TestExportDoc - The following profiles are active: dev
2021-06-24 19:14:08.069 [main] WARN  org.mybatis.spring.SqlSessionFactoryBean - Property 'mapperLocations' was specified but matching resources are not found.
2021-06-24 19:14:08.570 [main] INFO  s.d.s.w.PropertySourcedRequestMappingHandlerMapping - Mapped URL path [/v2/api-docs] onto method [springfox.documentation.swagger2.web.Swagger2Controller#getDocumentation(String, HttpServletRequest)]
2021-06-24 19:14:08.823 [main] INFO  o.s.scheduling.concurrent.ThreadPoolTaskExecutor - Initializing ExecutorService 'applicationTaskExecutor'
2021-06-24 19:14:09.010 [main] WARN  org.thymeleaf.templatemode.TemplateMode - [THYMELEAF][main] Template Mode 'HTML5' is deprecated. Using Template Mode 'HTML' instead.
2021-06-24 19:14:09.173 [main] INFO  s.d.s.web.plugins.DocumentationPluginsBootstrapper - Context refreshed
2021-06-24 19:14:09.196 [main] INFO  s.d.s.web.plugins.DocumentationPluginsBootstrapper - Found 1 custom documentation plugin(s)
2021-06-24 19:14:09.220 [main] INFO  s.d.spring.web.scanners.ApiListingReferenceScanner - Scanning for api listing references
2021-06-24 19:14:09.420 [main] INFO  com.amarsoft.AmarPackTest.TestExportDoc - Started TestExportDoc in 3.245 seconds (JVM running for 4.273)
2021-06-24 19:14:09.421 [main] INFO  com.amarsoft.config.DataBaseConfig - ----开始加载数据源-----，当前环境为：dev
2021-06-24 19:14:09.441 [main] INFO  com.zaxxer.hikari.HikariDataSource - HikariPool-1 - Starting...
2021-06-24 19:14:09.724 [main] INFO  com.zaxxer.hikari.HikariDataSource - HikariPool-1 - Start completed.
2021-06-24 19:14:09.990 [main] INFO  com.amarsoft.config.DataBaseConfig - 加载数据源：amar_cr完成...
2021-06-24 19:14:09.990 [main] INFO  com.amarsoft.config.DataBaseConfig - 加载数据源：amar_data完成...
2021-06-24 19:14:09.990 [main] INFO  com.amarsoft.config.DataBaseConfig - 加载数据源：bdfin完成...
2021-06-24 19:14:09.990 [main] INFO  com.amarsoft.config.DataBaseConfig - 加载数据源：crsbjt完成...
2021-06-24 19:14:09.990 [main] INFO  com.amarsoft.config.DataBaseConfig - 加载数据源：crservice完成...
2021-06-24 19:14:09.990 [main] INFO  com.amarsoft.config.DataBaseConfig - 加载数据源：cr_hub完成...
2021-06-24 19:14:09.991 [main] INFO  com.amarsoft.config.DataBaseConfig - 加载数据源：hubserviceapilog完成...
2021-06-24 19:14:09.991 [main] INFO  com.amarsoft.config.DataBaseConfig - 加载数据源：impala_findw完成...
2021-06-24 19:14:09.991 [main] INFO  com.amarsoft.config.DataBaseConfig - 加载数据源：jlfinance完成...
2021-06-24 19:14:09.991 [main] WARN  com.alibaba.druid.pool.DruidAbstractDataSource - oracle.jdbc.driver.OracleDriver is deprecated.Having use oracle.jdbc.OracleDriver.
2021-06-24 19:14:09.991 [main] INFO  com.amarsoft.config.DataBaseConfig - 加载数据源：RTRP完成...
2021-06-24 19:14:10.209 [main] INFO  com.zaxxer.hikari.HikariDataSource - HikariPool-2 - Starting...
2021-06-24 19:14:10.217 [main] INFO  com.zaxxer.hikari.HikariDataSource - HikariPool-2 - Start completed.
2021-06-24 19:14:10.877 [main] INFO  com.amarsoft.exportpdf.PdfCore - 开始转换...
2021-06-24 19:14:12.996 [main] INFO  com.amarsoft.exportpdf.PdfCore - 打开文件: F:\R1104.doc
2021-06-24 19:14:14.340 [main] INFO  com.amarsoft.exportpdf.PdfCore - 另存为: F://R1104.pdf
2021-06-24 19:14:16.292 [main] INFO  com.amarsoft.exportpdf.PdfCore - 转换成功，用时：5415ms
2021-06-24 19:14:16.295 [main] INFO  com.amarsoft.exportpdf.PdfCore - 导出pdf成功！！!!!!
2021-06-24 19:14:16.313 [SpringContextShutdownHook] INFO  o.s.scheduling.concurrent.ThreadPoolTaskExecutor - Shutting down ExecutorService 'applicationTaskExecutor'
2021-06-24 19:14:16.315 [SpringContextShutdownHook] INFO  com.zaxxer.hikari.HikariDataSource - HikariPool-2 - Shutdown initiated...
2021-06-24 19:14:16.328 [SpringContextShutdownHook] INFO  com.zaxxer.hikari.HikariDataSource - HikariPool-2 - Shutdown completed.
2021-06-24 19:14:16.329 [SpringContextShutdownHook] INFO  com.zaxxer.hikari.HikariDataSource - HikariPool-1 - Shutdown initiated...
2021-06-24 19:14:16.336 [SpringContextShutdownHook] INFO  com.zaxxer.hikari.HikariDataSource - HikariPool-1 - Shutdown completed.
2021-06-24 20:11:28.070 [main] INFO  com.amarsoft.AmarPackTest.TestExportDoc - Starting TestExportDoc using Java 1.8.0_60 on DESKTOP-1M6TEO7 with PID 27076 (started by mjwang in H:\github\ApiDoc)
2021-06-24 20:11:28.071 [main] INFO  com.amarsoft.AmarPackTest.TestExportDoc - The following profiles are active: dev
2021-06-24 20:11:29.277 [main] WARN  org.mybatis.spring.SqlSessionFactoryBean - Property 'mapperLocations' was specified but matching resources are not found.
2021-06-24 20:11:29.750 [main] INFO  s.d.s.w.PropertySourcedRequestMappingHandlerMapping - Mapped URL path [/v2/api-docs] onto method [springfox.documentation.swagger2.web.Swagger2Controller#getDocumentation(String, HttpServletRequest)]
2021-06-24 20:11:29.965 [main] INFO  o.s.scheduling.concurrent.ThreadPoolTaskExecutor - Initializing ExecutorService 'applicationTaskExecutor'
2021-06-24 20:11:30.114 [main] WARN  org.thymeleaf.templatemode.TemplateMode - [THYMELEAF][main] Template Mode 'HTML5' is deprecated. Using Template Mode 'HTML' instead.
2021-06-24 20:11:30.253 [main] INFO  s.d.s.web.plugins.DocumentationPluginsBootstrapper - Context refreshed
2021-06-24 20:11:30.272 [main] INFO  s.d.s.web.plugins.DocumentationPluginsBootstrapper - Found 1 custom documentation plugin(s)
2021-06-24 20:11:30.293 [main] INFO  s.d.spring.web.scanners.ApiListingReferenceScanner - Scanning for api listing references
2021-06-24 20:11:30.483 [main] INFO  com.amarsoft.AmarPackTest.TestExportDoc - Started TestExportDoc in 2.757 seconds (JVM running for 3.651)
2021-06-24 20:11:30.484 [main] INFO  com.amarsoft.config.DataBaseConfig - ----开始加载数据源-----，当前环境为：dev
2021-06-24 20:11:30.503 [main] INFO  com.zaxxer.hikari.HikariDataSource - HikariPool-1 - Starting...
2021-06-24 20:11:30.684 [main] INFO  com.zaxxer.hikari.HikariDataSource - HikariPool-1 - Start completed.
2021-06-24 20:11:30.746 [main] INFO  com.amarsoft.config.DataBaseConfig - 加载数据源：amar_cr完成...
2021-06-24 20:11:30.746 [main] INFO  com.amarsoft.config.DataBaseConfig - 加载数据源：amar_data完成...
2021-06-24 20:11:30.746 [main] INFO  com.amarsoft.config.DataBaseConfig - 加载数据源：bdfin完成...
2021-06-24 20:11:30.746 [main] INFO  com.amarsoft.config.DataBaseConfig - 加载数据源：crsbjt完成...
2021-06-24 20:11:30.746 [main] INFO  com.amarsoft.config.DataBaseConfig - 加载数据源：crservice完成...
2021-06-24 20:11:30.746 [main] INFO  com.amarsoft.config.DataBaseConfig - 加载数据源：cr_hub完成...
2021-06-24 20:11:30.746 [main] INFO  com.amarsoft.config.DataBaseConfig - 加载数据源：hubserviceapilog完成...
2021-06-24 20:11:30.746 [main] INFO  com.amarsoft.config.DataBaseConfig - 加载数据源：impala_findw完成...
2021-06-24 20:11:30.746 [main] INFO  com.amarsoft.config.DataBaseConfig - 加载数据源：jlfinance完成...
2021-06-24 20:11:30.747 [main] WARN  com.alibaba.druid.pool.DruidAbstractDataSource - oracle.jdbc.driver.OracleDriver is deprecated.Having use oracle.jdbc.OracleDriver.
2021-06-24 20:11:30.747 [main] INFO  com.amarsoft.config.DataBaseConfig - 加载数据源：RTRP完成...
2021-06-24 20:11:30.905 [main] INFO  com.zaxxer.hikari.HikariDataSource - HikariPool-2 - Starting...
2021-06-24 20:11:30.912 [main] INFO  com.zaxxer.hikari.HikariDataSource - HikariPool-2 - Start completed.
2021-06-24 20:11:31.199 [main] INFO  com.amarsoft.exportpdf.PdfCore - 开始转换...
2021-06-24 20:11:33.242 [main] INFO  com.amarsoft.exportpdf.PdfCore - 打开文件: F:\R1104.doc
2021-06-24 20:11:34.054 [main] INFO  com.amarsoft.exportpdf.PdfCore - 另存为: F://R1104.pdf
2021-06-24 20:11:35.550 [main] INFO  com.amarsoft.exportpdf.PdfCore - 转换成功，用时：4351ms
2021-06-24 20:11:35.553 [main] INFO  com.amarsoft.exportpdf.PdfCore - 导出pdf成功！！!!!!
2021-06-24 20:11:35.568 [SpringContextShutdownHook] INFO  o.s.scheduling.concurrent.ThreadPoolTaskExecutor - Shutting down ExecutorService 'applicationTaskExecutor'
2021-06-24 20:11:35.570 [SpringContextShutdownHook] INFO  com.zaxxer.hikari.HikariDataSource - HikariPool-2 - Shutdown initiated...
2021-06-24 20:11:35.581 [SpringContextShutdownHook] INFO  com.zaxxer.hikari.HikariDataSource - HikariPool-2 - Shutdown completed.
2021-06-24 20:11:35.582 [SpringContextShutdownHook] INFO  com.zaxxer.hikari.HikariDataSource - HikariPool-1 - Shutdown initiated...
2021-06-24 20:11:35.585 [SpringContextShutdownHook] INFO  com.zaxxer.hikari.HikariDataSource - HikariPool-1 - Shutdown completed.
