2021-05-30 09:03:47.961 [main] INFO  com.amarsoft.AmarPackTest.TestExportDoc - Starting TestExportDoc using Java 15.0.2 on wangminjie151 with PID 11636 (started by mjwang in D:\workspace\ApiDoc)
2021-05-30 09:03:47.961 [main] INFO  com.amarsoft.AmarPackTest.TestExportDoc - The following profiles are active: test
2021-05-30 09:03:49.855 [main] WARN  org.mybatis.spring.SqlSessionFactoryBean - Property 'mapperLocations' was specified but matching resources are not found.
2021-05-30 09:03:49.924 [main] WARN  org.mybatis.spring.SqlSessionFactoryBean - Property 'mapperLocations' was specified but matching resources are not found.
2021-05-30 09:03:50.558 [main] INFO  s.d.s.w.PropertySourcedRequestMappingHandlerMapping - Mapped URL path [/v2/api-docs] onto method [springfox.documentation.swagger2.web.Swagger2Controller#getDocumentation(String, HttpServletRequest)]
2021-05-30 09:03:50.888 [main] INFO  o.s.scheduling.concurrent.ThreadPoolTaskExecutor - Initializing ExecutorService 'applicationTaskExecutor'
2021-05-30 09:03:51.093 [main] WARN  org.thymeleaf.templatemode.TemplateMode - [THYMELEAF][main] Template Mode 'HTML5' is deprecated. Using Template Mode 'HTML' instead.
2021-05-30 09:03:51.390 [main] INFO  s.d.s.web.plugins.DocumentationPluginsBootstrapper - Context refreshed
2021-05-30 09:03:51.422 [main] INFO  s.d.s.web.plugins.DocumentationPluginsBootstrapper - Found 1 custom documentation plugin(s)
2021-05-30 09:03:51.453 [main] INFO  s.d.spring.web.scanners.ApiListingReferenceScanner - Scanning for api listing references
2021-05-30 09:03:51.671 [main] INFO  com.amarsoft.AmarPackTest.TestExportDoc - Started TestExportDoc in 4.376 seconds (JVM running for 6.859)
2021-05-30 09:03:52.361 [main] INFO  com.zaxxer.hikari.HikariDataSource - HikariPool-1 - Starting...
2021-05-30 09:04:14.759 [main] ERROR com.zaxxer.hikari.pool.HikariPool - HikariPool-1 - Exception during pool initialization.
com.mysql.cj.jdbc.exceptions.CommunicationsException: Communications link failure

The last packet sent successfully to the server was 0 milliseconds ago. The driver has not received any packets from the server.
	at com.mysql.cj.jdbc.exceptions.SQLError.createCommunicationsException(SQLError.java:174)
	at com.mysql.cj.jdbc.exceptions.SQLExceptionsMapping.translateException(SQLExceptionsMapping.java:64)
	at com.mysql.cj.jdbc.ConnectionImpl.createNewIO(ConnectionImpl.java:836)
	at com.mysql.cj.jdbc.ConnectionImpl.<init>(ConnectionImpl.java:456)
	at com.mysql.cj.jdbc.ConnectionImpl.getInstance(ConnectionImpl.java:246)
	at com.mysql.cj.jdbc.NonRegisteringDriver.connect(NonRegisteringDriver.java:198)
	at com.zaxxer.hikari.util.DriverDataSource.getConnection(DriverDataSource.java:138)
	at com.zaxxer.hikari.pool.PoolBase.newConnection(PoolBase.java:358)
	at com.zaxxer.hikari.pool.PoolBase.newPoolEntry(PoolBase.java:206)
	at com.zaxxer.hikari.pool.HikariPool.createPoolEntry(HikariPool.java:477)
	at com.zaxxer.hikari.pool.HikariPool.checkFailFast(HikariPool.java:560)
	at com.zaxxer.hikari.pool.HikariPool.<init>(HikariPool.java:115)
	at com.zaxxer.hikari.HikariDataSource.getConnection(HikariDataSource.java:112)
	at org.springframework.jdbc.datasource.DataSourceUtils.fetchConnection(DataSourceUtils.java:158)
	at org.springframework.jdbc.datasource.DataSourceUtils.doGetConnection(DataSourceUtils.java:116)
	at org.springframework.jdbc.datasource.DataSourceUtils.getConnection(DataSourceUtils.java:79)
	at org.mybatis.spring.transaction.SpringManagedTransaction.openConnection(SpringManagedTransaction.java:80)
	at org.mybatis.spring.transaction.SpringManagedTransaction.getConnection(SpringManagedTransaction.java:67)
	at org.apache.ibatis.executor.BaseExecutor.getConnection(BaseExecutor.java:336)
	at org.apache.ibatis.executor.SimpleExecutor.prepareStatement(SimpleExecutor.java:86)
	at org.apache.ibatis.executor.SimpleExecutor.doQuery(SimpleExecutor.java:62)
	at org.apache.ibatis.executor.BaseExecutor.queryFromDatabase(BaseExecutor.java:324)
	at org.apache.ibatis.executor.BaseExecutor.query(BaseExecutor.java:156)
	at org.apache.ibatis.executor.CachingExecutor.query(CachingExecutor.java:109)
	at org.apache.ibatis.executor.CachingExecutor.query(CachingExecutor.java:83)
	at org.apache.ibatis.session.defaults.DefaultSqlSession.selectList(DefaultSqlSession.java:147)
	at org.apache.ibatis.session.defaults.DefaultSqlSession.selectList(DefaultSqlSession.java:140)
	at org.apache.ibatis.session.defaults.DefaultSqlSession.selectOne(DefaultSqlSession.java:76)
	at java.base/jdk.internal.reflect.NativeMethodAccessorImpl.invoke0(Native Method)
	at java.base/jdk.internal.reflect.NativeMethodAccessorImpl.invoke(NativeMethodAccessorImpl.java:64)
	at java.base/jdk.internal.reflect.DelegatingMethodAccessorImpl.invoke(DelegatingMethodAccessorImpl.java:43)
	at java.base/java.lang.reflect.Method.invoke(Method.java:564)
	at org.mybatis.spring.SqlSessionTemplate$SqlSessionInterceptor.invoke(SqlSessionTemplate.java:426)
	at com.sun.proxy.$Proxy79.selectOne(Unknown Source)
	at org.mybatis.spring.SqlSessionTemplate.selectOne(SqlSessionTemplate.java:159)
	at org.apache.ibatis.binding.MapperMethod.execute(MapperMethod.java:87)
	at org.apache.ibatis.binding.MapperProxy$PlainMethodInvoker.invoke(MapperProxy.java:144)
	at org.apache.ibatis.binding.MapperProxy.invoke(MapperProxy.java:85)
	at com.sun.proxy.$Proxy82.findApi(Unknown Source)
	at java.base/jdk.internal.reflect.NativeMethodAccessorImpl.invoke0(Native Method)
	at java.base/jdk.internal.reflect.NativeMethodAccessorImpl.invoke(NativeMethodAccessorImpl.java:64)
	at java.base/jdk.internal.reflect.DelegatingMethodAccessorImpl.invoke(DelegatingMethodAccessorImpl.java:43)
	at java.base/java.lang.reflect.Method.invoke(Method.java:564)
	at org.springframework.aop.support.AopUtils.invokeJoinpointUsingReflection(AopUtils.java:344)
	at org.springframework.aop.framework.ReflectiveMethodInvocation.invokeJoinpoint(ReflectiveMethodInvocation.java:198)
	at org.springframework.aop.framework.ReflectiveMethodInvocation.proceed(ReflectiveMethodInvocation.java:163)
	at org.springframework.dao.support.PersistenceExceptionTranslationInterceptor.invoke(PersistenceExceptionTranslationInterceptor.java:137)
	at org.springframework.aop.framework.ReflectiveMethodInvocation.proceed(ReflectiveMethodInvocation.java:186)
	at org.springframework.aop.framework.JdkDynamicAopProxy.invoke(JdkDynamicAopProxy.java:215)
	at com.sun.proxy.$Proxy83.findApi(Unknown Source)
	at com.amarsoft.service.impl.EdsDocServiceImpl.findApi(EdsDocServiceImpl.java:21)
	at com.amarsoft.exportdoc.inner.InnerMessageUtil.demoMessage(InnerMessageUtil.java:116)
	at com.amarsoft.exportdoc.ApiDocBuilder.buildApiDef(ApiDocBuilder.java:50)
	at com.amarsoft.exportdoc.ApiDocBuilder.build(ApiDocBuilder.java:36)
	at com.amarsoft.AmarPackTest.TestExportDoc.test(TestExportDoc.java:37)
	at java.base/jdk.internal.reflect.NativeMethodAccessorImpl.invoke0(Native Method)
	at java.base/jdk.internal.reflect.NativeMethodAccessorImpl.invoke(NativeMethodAccessorImpl.java:64)
	at java.base/jdk.internal.reflect.DelegatingMethodAccessorImpl.invoke(DelegatingMethodAccessorImpl.java:43)
	at java.base/java.lang.reflect.Method.invoke(Method.java:564)
	at org.junit.platform.commons.util.ReflectionUtils.invokeMethod(ReflectionUtils.java:688)
	at org.junit.jupiter.engine.execution.MethodInvocation.proceed(MethodInvocation.java:60)
	at org.junit.jupiter.engine.execution.InvocationInterceptorChain$ValidatingInvocation.proceed(InvocationInterceptorChain.java:131)
	at org.junit.jupiter.engine.extension.TimeoutExtension.intercept(TimeoutExtension.java:149)
	at org.junit.jupiter.engine.extension.TimeoutExtension.interceptTestableMethod(TimeoutExtension.java:140)
	at org.junit.jupiter.engine.extension.TimeoutExtension.interceptTestMethod(TimeoutExtension.java:84)
	at org.junit.jupiter.engine.execution.ExecutableInvoker$ReflectiveInterceptorCall.lambda$ofVoidMethod$0(ExecutableInvoker.java:115)
	at org.junit.jupiter.engine.execution.ExecutableInvoker.lambda$invoke$0(ExecutableInvoker.java:105)
	at org.junit.jupiter.engine.execution.InvocationInterceptorChain$InterceptedInvocation.proceed(InvocationInterceptorChain.java:106)
	at org.junit.jupiter.engine.execution.InvocationInterceptorChain.proceed(InvocationInterceptorChain.java:64)
	at org.junit.jupiter.engine.execution.InvocationInterceptorChain.chainAndInvoke(InvocationInterceptorChain.java:45)
	at org.junit.jupiter.engine.execution.InvocationInterceptorChain.invoke(InvocationInterceptorChain.java:37)
	at org.junit.jupiter.engine.execution.ExecutableInvoker.invoke(ExecutableInvoker.java:104)
	at org.junit.jupiter.engine.execution.ExecutableInvoker.invoke(ExecutableInvoker.java:98)
	at org.junit.jupiter.engine.descriptor.TestMethodTestDescriptor.lambda$invokeTestMethod$6(TestMethodTestDescriptor.java:210)
	at org.junit.platform.engine.support.hierarchical.ThrowableCollector.execute(ThrowableCollector.java:73)
	at org.junit.jupiter.engine.descriptor.TestMethodTestDescriptor.invokeTestMethod(TestMethodTestDescriptor.java:206)
	at org.junit.jupiter.engine.descriptor.TestMethodTestDescriptor.execute(TestMethodTestDescriptor.java:131)
	at org.junit.jupiter.engine.descriptor.TestMethodTestDescriptor.execute(TestMethodTestDescriptor.java:65)
	at org.junit.platform.engine.support.hierarchical.NodeTestTask.lambda$executeRecursively$5(NodeTestTask.java:139)
	at org.junit.platform.engine.support.hierarchical.ThrowableCollector.execute(ThrowableCollector.java:73)
	at org.junit.platform.engine.support.hierarchical.NodeTestTask.lambda$executeRecursively$7(NodeTestTask.java:129)
	at org.junit.platform.engine.support.hierarchical.Node.around(Node.java:137)
	at org.junit.platform.engine.support.hierarchical.NodeTestTask.lambda$executeRecursively$8(NodeTestTask.java:127)
	at org.junit.platform.engine.support.hierarchical.ThrowableCollector.execute(ThrowableCollector.java:73)
	at org.junit.platform.engine.support.hierarchical.NodeTestTask.executeRecursively(NodeTestTask.java:126)
	at org.junit.platform.engine.support.hierarchical.NodeTestTask.execute(NodeTestTask.java:84)
	at java.base/java.util.ArrayList.forEach(ArrayList.java:1511)
	at org.junit.platform.engine.support.hierarchical.SameThreadHierarchicalTestExecutorService.invokeAll(SameThreadHierarchicalTestExecutorService.java:38)
	at org.junit.platform.engine.support.hierarchical.NodeTestTask.lambda$executeRecursively$5(NodeTestTask.java:143)
	at org.junit.platform.engine.support.hierarchical.ThrowableCollector.execute(ThrowableCollector.java:73)
	at org.junit.platform.engine.support.hierarchical.NodeTestTask.lambda$executeRecursively$7(NodeTestTask.java:129)
	at org.junit.platform.engine.support.hierarchical.Node.around(Node.java:137)
	at org.junit.platform.engine.support.hierarchical.NodeTestTask.lambda$executeRecursively$8(NodeTestTask.java:127)
	at org.junit.platform.engine.support.hierarchical.ThrowableCollector.execute(ThrowableCollector.java:73)
	at org.junit.platform.engine.support.hierarchical.NodeTestTask.executeRecursively(NodeTestTask.java:126)
	at org.junit.platform.engine.support.hierarchical.NodeTestTask.execute(NodeTestTask.java:84)
	at java.base/java.util.ArrayList.forEach(ArrayList.java:1511)
	at org.junit.platform.engine.support.hierarchical.SameThreadHierarchicalTestExecutorService.invokeAll(SameThreadHierarchicalTestExecutorService.java:38)
	at org.junit.platform.engine.support.hierarchical.NodeTestTask.lambda$executeRecursively$5(NodeTestTask.java:143)
	at org.junit.platform.engine.support.hierarchical.ThrowableCollector.execute(ThrowableCollector.java:73)
	at org.junit.platform.engine.support.hierarchical.NodeTestTask.lambda$executeRecursively$7(NodeTestTask.java:129)
	at org.junit.platform.engine.support.hierarchical.Node.around(Node.java:137)
	at org.junit.platform.engine.support.hierarchical.NodeTestTask.lambda$executeRecursively$8(NodeTestTask.java:127)
	at org.junit.platform.engine.support.hierarchical.ThrowableCollector.execute(ThrowableCollector.java:73)
	at org.junit.platform.engine.support.hierarchical.NodeTestTask.executeRecursively(NodeTestTask.java:126)
	at org.junit.platform.engine.support.hierarchical.NodeTestTask.execute(NodeTestTask.java:84)
	at org.junit.platform.engine.support.hierarchical.SameThreadHierarchicalTestExecutorService.submit(SameThreadHierarchicalTestExecutorService.java:32)
	at org.junit.platform.engine.support.hierarchical.HierarchicalTestExecutor.execute(HierarchicalTestExecutor.java:57)
	at org.junit.platform.engine.support.hierarchical.HierarchicalTestEngine.execute(HierarchicalTestEngine.java:51)
	at org.junit.platform.launcher.core.EngineExecutionOrchestrator.execute(EngineExecutionOrchestrator.java:108)
	at org.junit.platform.launcher.core.EngineExecutionOrchestrator.execute(EngineExecutionOrchestrator.java:88)
	at org.junit.platform.launcher.core.EngineExecutionOrchestrator.lambda$execute$0(EngineExecutionOrchestrator.java:54)
	at org.junit.platform.launcher.core.EngineExecutionOrchestrator.withInterceptedStreams(EngineExecutionOrchestrator.java:67)
	at org.junit.platform.launcher.core.EngineExecutionOrchestrator.execute(EngineExecutionOrchestrator.java:52)
	at org.junit.platform.launcher.core.DefaultLauncher.execute(DefaultLauncher.java:96)
	at org.junit.platform.launcher.core.DefaultLauncher.execute(DefaultLauncher.java:75)
	at com.intellij.junit5.JUnit5IdeaTestRunner.startRunnerWithArgs(JUnit5IdeaTestRunner.java:69)
	at com.intellij.rt.junit.IdeaTestRunner$Repeater.startRunnerWithArgs(IdeaTestRunner.java:33)
	at com.intellij.rt.junit.JUnitStarter.prepareStreamsAndStart(JUnitStarter.java:230)
	at com.intellij.rt.junit.JUnitStarter.main(JUnitStarter.java:58)
Caused by: com.mysql.cj.exceptions.CJCommunicationsException: Communications link failure

The last packet sent successfully to the server was 0 milliseconds ago. The driver has not received any packets from the server.
	at java.base/jdk.internal.reflect.NativeConstructorAccessorImpl.newInstance0(Native Method)
	at java.base/jdk.internal.reflect.NativeConstructorAccessorImpl.newInstance(NativeConstructorAccessorImpl.java:64)
	at java.base/jdk.internal.reflect.DelegatingConstructorAccessorImpl.newInstance(DelegatingConstructorAccessorImpl.java:45)
	at java.base/java.lang.reflect.Constructor.newInstanceWithCaller(Constructor.java:500)
	at java.base/java.lang.reflect.Constructor.newInstance(Constructor.java:481)
	at com.mysql.cj.exceptions.ExceptionFactory.createException(ExceptionFactory.java:61)
	at com.mysql.cj.exceptions.ExceptionFactory.createException(ExceptionFactory.java:105)
	at com.mysql.cj.exceptions.ExceptionFactory.createException(ExceptionFactory.java:151)
	at com.mysql.cj.exceptions.ExceptionFactory.createCommunicationsException(ExceptionFactory.java:167)
	at com.mysql.cj.protocol.a.NativeSocketConnection.connect(NativeSocketConnection.java:89)
	at com.mysql.cj.NativeSession.connect(NativeSession.java:144)
	at com.mysql.cj.jdbc.ConnectionImpl.connectOneTryOnly(ConnectionImpl.java:956)
	at com.mysql.cj.jdbc.ConnectionImpl.createNewIO(ConnectionImpl.java:826)
	... 117 common frames omitted
Caused by: java.net.ConnectException: Connection timed out: no further information
	at java.base/sun.nio.ch.Net.pollConnect(Native Method)
	at java.base/sun.nio.ch.Net.pollConnectNow(Net.java:660)
	at java.base/sun.nio.ch.NioSocketImpl.timedFinishConnect(NioSocketImpl.java:549)
	at java.base/sun.nio.ch.NioSocketImpl.connect(NioSocketImpl.java:597)
	at java.base/java.net.SocksSocketImpl.connect(SocksSocketImpl.java:333)
	at java.base/java.net.Socket.connect(Socket.java:648)
	at com.mysql.cj.protocol.StandardSocketFactory.connect(StandardSocketFactory.java:155)
	at com.mysql.cj.protocol.a.NativeSocketConnection.connect(NativeSocketConnection.java:63)
	... 120 common frames omitted
2021-05-30 09:04:14.837 [SpringContextShutdownHook] INFO  o.s.scheduling.concurrent.ThreadPoolTaskExecutor - Shutting down ExecutorService 'applicationTaskExecutor'
2021-05-30 09:39:21.663 [main] INFO  com.amarsoft.App - Starting App using Java 15.0.2 on wangminjie151 with PID 1420 (D:\workspace\ApiDoc\target\classes started by mjwang in D:\workspace\ApiDoc)
2021-05-30 09:39:21.665 [main] INFO  com.amarsoft.App - The following profiles are active: test
2021-05-30 09:39:22.840 [main] INFO  o.s.boot.web.embedded.tomcat.TomcatWebServer - Tomcat initialized with port(s): 8080 (http)
2021-05-30 09:39:22.853 [main] INFO  org.apache.coyote.http11.Http11NioProtocol - Initializing ProtocolHandler ["http-nio-8080"]
2021-05-30 09:39:22.853 [main] INFO  org.apache.catalina.core.StandardService - Starting service [Tomcat]
2021-05-30 09:39:22.853 [main] INFO  org.apache.catalina.core.StandardEngine - Starting Servlet engine: [Apache Tomcat/9.0.41]
2021-05-30 09:39:22.942 [main] INFO  o.a.c.c.C.[Tomcat].[localhost].[/amarpack] - Initializing Spring embedded WebApplicationContext
2021-05-30 09:39:22.942 [main] INFO  o.s.b.w.s.c.ServletWebServerApplicationContext - Root WebApplicationContext: initialization completed in 1226 ms
2021-05-30 09:39:23.127 [main] WARN  org.mybatis.spring.SqlSessionFactoryBean - Property 'mapperLocations' was specified but matching resources are not found.
2021-05-30 09:39:23.162 [main] WARN  org.mybatis.spring.SqlSessionFactoryBean - Property 'mapperLocations' was specified but matching resources are not found.
2021-05-30 09:39:23.409 [main] INFO  s.d.s.w.PropertySourcedRequestMappingHandlerMapping - Mapped URL path [/v2/api-docs] onto method [springfox.documentation.swagger2.web.Swagger2Controller#getDocumentation(String, HttpServletRequest)]
2021-05-30 09:39:23.462 [main] INFO  o.s.scheduling.concurrent.ThreadPoolTaskExecutor - Initializing ExecutorService 'applicationTaskExecutor'
2021-05-30 09:39:23.563 [main] WARN  org.thymeleaf.templatemode.TemplateMode - [THYMELEAF][main] Template Mode 'HTML5' is deprecated. Using Template Mode 'HTML' instead.
2021-05-30 09:39:23.682 [main] INFO  org.apache.coyote.http11.Http11NioProtocol - Starting ProtocolHandler ["http-nio-8080"]
2021-05-30 09:39:23.711 [main] INFO  o.s.boot.web.embedded.tomcat.TomcatWebServer - Tomcat started on port(s): 8080 (http) with context path '/amarpack'
2021-05-30 09:39:23.712 [main] INFO  s.d.s.web.plugins.DocumentationPluginsBootstrapper - Context refreshed
2021-05-30 09:39:23.723 [main] INFO  s.d.s.web.plugins.DocumentationPluginsBootstrapper - Found 1 custom documentation plugin(s)
2021-05-30 09:39:23.740 [main] INFO  s.d.spring.web.scanners.ApiListingReferenceScanner - Scanning for api listing references
2021-05-30 09:39:23.863 [main] INFO  com.amarsoft.App - Started App in 3.079 seconds (JVM running for 4.552)
2021-05-30 09:57:13.724 [main] INFO  com.amarsoft.App - Starting App using Java 15.0.2 on wangminjie151 with PID 12260 (D:\workspace\ApiDoc\target\classes started by mjwang in D:\workspace\ApiDoc)
2021-05-30 09:57:13.725 [main] INFO  com.amarsoft.App - The following profiles are active: test
2021-05-30 09:57:14.560 [main] INFO  o.s.boot.web.embedded.tomcat.TomcatWebServer - Tomcat initialized with port(s): 8080 (http)
2021-05-30 09:57:14.565 [main] INFO  org.apache.coyote.http11.Http11NioProtocol - Initializing ProtocolHandler ["http-nio-8080"]
2021-05-30 09:57:14.565 [main] INFO  org.apache.catalina.core.StandardService - Starting service [Tomcat]
2021-05-30 09:57:14.566 [main] INFO  org.apache.catalina.core.StandardEngine - Starting Servlet engine: [Apache Tomcat/9.0.41]
2021-05-30 09:57:14.622 [main] INFO  o.a.c.c.C.[Tomcat].[localhost].[/amarpack] - Initializing Spring embedded WebApplicationContext
2021-05-30 09:57:14.622 [main] INFO  o.s.b.w.s.c.ServletWebServerApplicationContext - Root WebApplicationContext: initialization completed in 863 ms
2021-05-30 09:57:14.717 [main] WARN  org.mybatis.spring.SqlSessionFactoryBean - Property 'mapperLocations' was specified but matching resources are not found.
2021-05-30 09:57:14.738 [main] WARN  org.mybatis.spring.SqlSessionFactoryBean - Property 'mapperLocations' was specified but matching resources are not found.
2021-05-30 09:57:14.908 [main] INFO  s.d.s.w.PropertySourcedRequestMappingHandlerMapping - Mapped URL path [/v2/api-docs] onto method [springfox.documentation.swagger2.web.Swagger2Controller#getDocumentation(String, HttpServletRequest)]
2021-05-30 09:57:14.956 [main] INFO  o.s.scheduling.concurrent.ThreadPoolTaskExecutor - Initializing ExecutorService 'applicationTaskExecutor'
2021-05-30 09:57:15.023 [main] WARN  org.thymeleaf.templatemode.TemplateMode - [THYMELEAF][main] Template Mode 'HTML5' is deprecated. Using Template Mode 'HTML' instead.
2021-05-30 09:57:15.079 [main] INFO  org.apache.coyote.http11.Http11NioProtocol - Starting ProtocolHandler ["http-nio-8080"]
2021-05-30 09:57:15.112 [main] INFO  o.s.boot.web.embedded.tomcat.TomcatWebServer - Tomcat started on port(s): 8080 (http) with context path '/amarpack'
2021-05-30 09:57:15.113 [main] INFO  s.d.s.web.plugins.DocumentationPluginsBootstrapper - Context refreshed
2021-05-30 09:57:15.123 [main] INFO  s.d.s.web.plugins.DocumentationPluginsBootstrapper - Found 1 custom documentation plugin(s)
2021-05-30 09:57:15.137 [main] INFO  s.d.spring.web.scanners.ApiListingReferenceScanner - Scanning for api listing references
2021-05-30 09:57:15.239 [main] INFO  com.amarsoft.App - Started App in 1.826 seconds (JVM running for 2.345)
2021-05-30 09:57:42.005 [main] INFO  com.amarsoft.AmarPackTest.TestExportDoc - Starting TestExportDoc using Java 15.0.2 on wangminjie151 with PID 13860 (started by mjwang in D:\workspace\ApiDoc)
2021-05-30 09:57:42.006 [main] INFO  com.amarsoft.AmarPackTest.TestExportDoc - The following profiles are active: test
2021-05-30 09:57:43.312 [main] WARN  org.mybatis.spring.SqlSessionFactoryBean - Property 'mapperLocations' was specified but matching resources are not found.
2021-05-30 09:57:43.366 [main] WARN  org.mybatis.spring.SqlSessionFactoryBean - Property 'mapperLocations' was specified but matching resources are not found.
2021-05-30 09:57:43.947 [main] INFO  s.d.s.w.PropertySourcedRequestMappingHandlerMapping - Mapped URL path [/v2/api-docs] onto method [springfox.documentation.swagger2.web.Swagger2Controller#getDocumentation(String, HttpServletRequest)]
2021-05-30 09:57:44.264 [main] INFO  o.s.scheduling.concurrent.ThreadPoolTaskExecutor - Initializing ExecutorService 'applicationTaskExecutor'
2021-05-30 09:57:44.462 [main] WARN  org.thymeleaf.templatemode.TemplateMode - [THYMELEAF][main] Template Mode 'HTML5' is deprecated. Using Template Mode 'HTML' instead.
2021-05-30 09:57:44.673 [main] INFO  s.d.s.web.plugins.DocumentationPluginsBootstrapper - Context refreshed
2021-05-30 09:57:44.694 [main] INFO  s.d.s.web.plugins.DocumentationPluginsBootstrapper - Found 1 custom documentation plugin(s)
2021-05-30 09:57:44.721 [main] INFO  s.d.spring.web.scanners.ApiListingReferenceScanner - Scanning for api listing references
2021-05-30 09:57:44.900 [main] INFO  com.amarsoft.AmarPackTest.TestExportDoc - Started TestExportDoc in 3.226 seconds (JVM running for 4.309)
2021-05-30 09:57:45.412 [main] INFO  com.zaxxer.hikari.HikariDataSource - HikariPool-1 - Starting...
2021-05-30 09:58:07.730 [main] ERROR com.zaxxer.hikari.pool.HikariPool - HikariPool-1 - Exception during pool initialization.
com.mysql.cj.jdbc.exceptions.CommunicationsException: Communications link failure

The last packet sent successfully to the server was 0 milliseconds ago. The driver has not received any packets from the server.
	at com.mysql.cj.jdbc.exceptions.SQLError.createCommunicationsException(SQLError.java:174)
	at com.mysql.cj.jdbc.exceptions.SQLExceptionsMapping.translateException(SQLExceptionsMapping.java:64)
	at com.mysql.cj.jdbc.ConnectionImpl.createNewIO(ConnectionImpl.java:836)
	at com.mysql.cj.jdbc.ConnectionImpl.<init>(ConnectionImpl.java:456)
	at com.mysql.cj.jdbc.ConnectionImpl.getInstance(ConnectionImpl.java:246)
	at com.mysql.cj.jdbc.NonRegisteringDriver.connect(NonRegisteringDriver.java:198)
	at com.zaxxer.hikari.util.DriverDataSource.getConnection(DriverDataSource.java:138)
	at com.zaxxer.hikari.pool.PoolBase.newConnection(PoolBase.java:358)
	at com.zaxxer.hikari.pool.PoolBase.newPoolEntry(PoolBase.java:206)
	at com.zaxxer.hikari.pool.HikariPool.createPoolEntry(HikariPool.java:477)
	at com.zaxxer.hikari.pool.HikariPool.checkFailFast(HikariPool.java:560)
	at com.zaxxer.hikari.pool.HikariPool.<init>(HikariPool.java:115)
	at com.zaxxer.hikari.HikariDataSource.getConnection(HikariDataSource.java:112)
	at org.springframework.jdbc.datasource.DataSourceUtils.fetchConnection(DataSourceUtils.java:158)
	at org.springframework.jdbc.datasource.DataSourceUtils.doGetConnection(DataSourceUtils.java:116)
	at org.springframework.jdbc.datasource.DataSourceUtils.getConnection(DataSourceUtils.java:79)
	at org.mybatis.spring.transaction.SpringManagedTransaction.openConnection(SpringManagedTransaction.java:80)
	at org.mybatis.spring.transaction.SpringManagedTransaction.getConnection(SpringManagedTransaction.java:67)
	at org.apache.ibatis.executor.BaseExecutor.getConnection(BaseExecutor.java:336)
	at org.apache.ibatis.executor.SimpleExecutor.prepareStatement(SimpleExecutor.java:86)
	at org.apache.ibatis.executor.SimpleExecutor.doQuery(SimpleExecutor.java:62)
	at org.apache.ibatis.executor.BaseExecutor.queryFromDatabase(BaseExecutor.java:324)
	at org.apache.ibatis.executor.BaseExecutor.query(BaseExecutor.java:156)
	at org.apache.ibatis.executor.CachingExecutor.query(CachingExecutor.java:109)
	at org.apache.ibatis.executor.CachingExecutor.query(CachingExecutor.java:83)
	at org.apache.ibatis.session.defaults.DefaultSqlSession.selectList(DefaultSqlSession.java:147)
	at org.apache.ibatis.session.defaults.DefaultSqlSession.selectList(DefaultSqlSession.java:140)
	at org.apache.ibatis.session.defaults.DefaultSqlSession.selectOne(DefaultSqlSession.java:76)
	at java.base/jdk.internal.reflect.NativeMethodAccessorImpl.invoke0(Native Method)
	at java.base/jdk.internal.reflect.NativeMethodAccessorImpl.invoke(NativeMethodAccessorImpl.java:64)
	at java.base/jdk.internal.reflect.DelegatingMethodAccessorImpl.invoke(DelegatingMethodAccessorImpl.java:43)
	at java.base/java.lang.reflect.Method.invoke(Method.java:564)
	at org.mybatis.spring.SqlSessionTemplate$SqlSessionInterceptor.invoke(SqlSessionTemplate.java:426)
	at com.sun.proxy.$Proxy79.selectOne(Unknown Source)
	at org.mybatis.spring.SqlSessionTemplate.selectOne(SqlSessionTemplate.java:159)
	at org.apache.ibatis.binding.MapperMethod.execute(MapperMethod.java:87)
	at org.apache.ibatis.binding.MapperProxy$PlainMethodInvoker.invoke(MapperProxy.java:144)
	at org.apache.ibatis.binding.MapperProxy.invoke(MapperProxy.java:85)
	at com.sun.proxy.$Proxy82.findApi(Unknown Source)
	at java.base/jdk.internal.reflect.NativeMethodAccessorImpl.invoke0(Native Method)
	at java.base/jdk.internal.reflect.NativeMethodAccessorImpl.invoke(NativeMethodAccessorImpl.java:64)
	at java.base/jdk.internal.reflect.DelegatingMethodAccessorImpl.invoke(DelegatingMethodAccessorImpl.java:43)
	at java.base/java.lang.reflect.Method.invoke(Method.java:564)
	at org.springframework.aop.support.AopUtils.invokeJoinpointUsingReflection(AopUtils.java:344)
	at org.springframework.aop.framework.ReflectiveMethodInvocation.invokeJoinpoint(ReflectiveMethodInvocation.java:198)
	at org.springframework.aop.framework.ReflectiveMethodInvocation.proceed(ReflectiveMethodInvocation.java:163)
	at org.springframework.dao.support.PersistenceExceptionTranslationInterceptor.invoke(PersistenceExceptionTranslationInterceptor.java:137)
	at org.springframework.aop.framework.ReflectiveMethodInvocation.proceed(ReflectiveMethodInvocation.java:186)
	at org.springframework.aop.framework.JdkDynamicAopProxy.invoke(JdkDynamicAopProxy.java:215)
	at com.sun.proxy.$Proxy83.findApi(Unknown Source)
	at com.amarsoft.service.impl.EdsDocServiceImpl.findApi(EdsDocServiceImpl.java:21)
	at com.amarsoft.exportdoc.inner.InnerMessageUtil.demoMessage(InnerMessageUtil.java:116)
	at com.amarsoft.exportdoc.ApiDocBuilder.buildApiDef(ApiDocBuilder.java:50)
	at com.amarsoft.exportdoc.ApiDocBuilder.build(ApiDocBuilder.java:36)
	at com.amarsoft.AmarPackTest.TestExportDoc.test(TestExportDoc.java:37)
	at java.base/jdk.internal.reflect.NativeMethodAccessorImpl.invoke0(Native Method)
	at java.base/jdk.internal.reflect.NativeMethodAccessorImpl.invoke(NativeMethodAccessorImpl.java:64)
	at java.base/jdk.internal.reflect.DelegatingMethodAccessorImpl.invoke(DelegatingMethodAccessorImpl.java:43)
	at java.base/java.lang.reflect.Method.invoke(Method.java:564)
	at org.junit.platform.commons.util.ReflectionUtils.invokeMethod(ReflectionUtils.java:688)
	at org.junit.jupiter.engine.execution.MethodInvocation.proceed(MethodInvocation.java:60)
	at org.junit.jupiter.engine.execution.InvocationInterceptorChain$ValidatingInvocation.proceed(InvocationInterceptorChain.java:131)
	at org.junit.jupiter.engine.extension.TimeoutExtension.intercept(TimeoutExtension.java:149)
	at org.junit.jupiter.engine.extension.TimeoutExtension.interceptTestableMethod(TimeoutExtension.java:140)
	at org.junit.jupiter.engine.extension.TimeoutExtension.interceptTestMethod(TimeoutExtension.java:84)
	at org.junit.jupiter.engine.execution.ExecutableInvoker$ReflectiveInterceptorCall.lambda$ofVoidMethod$0(ExecutableInvoker.java:115)
	at org.junit.jupiter.engine.execution.ExecutableInvoker.lambda$invoke$0(ExecutableInvoker.java:105)
	at org.junit.jupiter.engine.execution.InvocationInterceptorChain$InterceptedInvocation.proceed(InvocationInterceptorChain.java:106)
	at org.junit.jupiter.engine.execution.InvocationInterceptorChain.proceed(InvocationInterceptorChain.java:64)
	at org.junit.jupiter.engine.execution.InvocationInterceptorChain.chainAndInvoke(InvocationInterceptorChain.java:45)
	at org.junit.jupiter.engine.execution.InvocationInterceptorChain.invoke(InvocationInterceptorChain.java:37)
	at org.junit.jupiter.engine.execution.ExecutableInvoker.invoke(ExecutableInvoker.java:104)
	at org.junit.jupiter.engine.execution.ExecutableInvoker.invoke(ExecutableInvoker.java:98)
	at org.junit.jupiter.engine.descriptor.TestMethodTestDescriptor.lambda$invokeTestMethod$6(TestMethodTestDescriptor.java:210)
	at org.junit.platform.engine.support.hierarchical.ThrowableCollector.execute(ThrowableCollector.java:73)
	at org.junit.jupiter.engine.descriptor.TestMethodTestDescriptor.invokeTestMethod(TestMethodTestDescriptor.java:206)
	at org.junit.jupiter.engine.descriptor.TestMethodTestDescriptor.execute(TestMethodTestDescriptor.java:131)
	at org.junit.jupiter.engine.descriptor.TestMethodTestDescriptor.execute(TestMethodTestDescriptor.java:65)
	at org.junit.platform.engine.support.hierarchical.NodeTestTask.lambda$executeRecursively$5(NodeTestTask.java:139)
	at org.junit.platform.engine.support.hierarchical.ThrowableCollector.execute(ThrowableCollector.java:73)
	at org.junit.platform.engine.support.hierarchical.NodeTestTask.lambda$executeRecursively$7(NodeTestTask.java:129)
	at org.junit.platform.engine.support.hierarchical.Node.around(Node.java:137)
	at org.junit.platform.engine.support.hierarchical.NodeTestTask.lambda$executeRecursively$8(NodeTestTask.java:127)
	at org.junit.platform.engine.support.hierarchical.ThrowableCollector.execute(ThrowableCollector.java:73)
	at org.junit.platform.engine.support.hierarchical.NodeTestTask.executeRecursively(NodeTestTask.java:126)
	at org.junit.platform.engine.support.hierarchical.NodeTestTask.execute(NodeTestTask.java:84)
	at java.base/java.util.ArrayList.forEach(ArrayList.java:1511)
	at org.junit.platform.engine.support.hierarchical.SameThreadHierarchicalTestExecutorService.invokeAll(SameThreadHierarchicalTestExecutorService.java:38)
	at org.junit.platform.engine.support.hierarchical.NodeTestTask.lambda$executeRecursively$5(NodeTestTask.java:143)
	at org.junit.platform.engine.support.hierarchical.ThrowableCollector.execute(ThrowableCollector.java:73)
	at org.junit.platform.engine.support.hierarchical.NodeTestTask.lambda$executeRecursively$7(NodeTestTask.java:129)
	at org.junit.platform.engine.support.hierarchical.Node.around(Node.java:137)
	at org.junit.platform.engine.support.hierarchical.NodeTestTask.lambda$executeRecursively$8(NodeTestTask.java:127)
	at org.junit.platform.engine.support.hierarchical.ThrowableCollector.execute(ThrowableCollector.java:73)
	at org.junit.platform.engine.support.hierarchical.NodeTestTask.executeRecursively(NodeTestTask.java:126)
	at org.junit.platform.engine.support.hierarchical.NodeTestTask.execute(NodeTestTask.java:84)
	at java.base/java.util.ArrayList.forEach(ArrayList.java:1511)
	at org.junit.platform.engine.support.hierarchical.SameThreadHierarchicalTestExecutorService.invokeAll(SameThreadHierarchicalTestExecutorService.java:38)
	at org.junit.platform.engine.support.hierarchical.NodeTestTask.lambda$executeRecursively$5(NodeTestTask.java:143)
	at org.junit.platform.engine.support.hierarchical.ThrowableCollector.execute(ThrowableCollector.java:73)
	at org.junit.platform.engine.support.hierarchical.NodeTestTask.lambda$executeRecursively$7(NodeTestTask.java:129)
	at org.junit.platform.engine.support.hierarchical.Node.around(Node.java:137)
	at org.junit.platform.engine.support.hierarchical.NodeTestTask.lambda$executeRecursively$8(NodeTestTask.java:127)
	at org.junit.platform.engine.support.hierarchical.ThrowableCollector.execute(ThrowableCollector.java:73)
	at org.junit.platform.engine.support.hierarchical.NodeTestTask.executeRecursively(NodeTestTask.java:126)
	at org.junit.platform.engine.support.hierarchical.NodeTestTask.execute(NodeTestTask.java:84)
	at org.junit.platform.engine.support.hierarchical.SameThreadHierarchicalTestExecutorService.submit(SameThreadHierarchicalTestExecutorService.java:32)
	at org.junit.platform.engine.support.hierarchical.HierarchicalTestExecutor.execute(HierarchicalTestExecutor.java:57)
	at org.junit.platform.engine.support.hierarchical.HierarchicalTestEngine.execute(HierarchicalTestEngine.java:51)
	at org.junit.platform.launcher.core.EngineExecutionOrchestrator.execute(EngineExecutionOrchestrator.java:108)
	at org.junit.platform.launcher.core.EngineExecutionOrchestrator.execute(EngineExecutionOrchestrator.java:88)
	at org.junit.platform.launcher.core.EngineExecutionOrchestrator.lambda$execute$0(EngineExecutionOrchestrator.java:54)
	at org.junit.platform.launcher.core.EngineExecutionOrchestrator.withInterceptedStreams(EngineExecutionOrchestrator.java:67)
	at org.junit.platform.launcher.core.EngineExecutionOrchestrator.execute(EngineExecutionOrchestrator.java:52)
	at org.junit.platform.launcher.core.DefaultLauncher.execute(DefaultLauncher.java:96)
	at org.junit.platform.launcher.core.DefaultLauncher.execute(DefaultLauncher.java:75)
	at com.intellij.junit5.JUnit5IdeaTestRunner.startRunnerWithArgs(JUnit5IdeaTestRunner.java:69)
	at com.intellij.rt.junit.IdeaTestRunner$Repeater.startRunnerWithArgs(IdeaTestRunner.java:33)
	at com.intellij.rt.junit.JUnitStarter.prepareStreamsAndStart(JUnitStarter.java:230)
	at com.intellij.rt.junit.JUnitStarter.main(JUnitStarter.java:58)
Caused by: com.mysql.cj.exceptions.CJCommunicationsException: Communications link failure

The last packet sent successfully to the server was 0 milliseconds ago. The driver has not received any packets from the server.
	at java.base/jdk.internal.reflect.NativeConstructorAccessorImpl.newInstance0(Native Method)
	at java.base/jdk.internal.reflect.NativeConstructorAccessorImpl.newInstance(NativeConstructorAccessorImpl.java:64)
	at java.base/jdk.internal.reflect.DelegatingConstructorAccessorImpl.newInstance(DelegatingConstructorAccessorImpl.java:45)
	at java.base/java.lang.reflect.Constructor.newInstanceWithCaller(Constructor.java:500)
	at java.base/java.lang.reflect.Constructor.newInstance(Constructor.java:481)
	at com.mysql.cj.exceptions.ExceptionFactory.createException(ExceptionFactory.java:61)
	at com.mysql.cj.exceptions.ExceptionFactory.createException(ExceptionFactory.java:105)
	at com.mysql.cj.exceptions.ExceptionFactory.createException(ExceptionFactory.java:151)
	at com.mysql.cj.exceptions.ExceptionFactory.createCommunicationsException(ExceptionFactory.java:167)
	at com.mysql.cj.protocol.a.NativeSocketConnection.connect(NativeSocketConnection.java:89)
	at com.mysql.cj.NativeSession.connect(NativeSession.java:144)
	at com.mysql.cj.jdbc.ConnectionImpl.connectOneTryOnly(ConnectionImpl.java:956)
	at com.mysql.cj.jdbc.ConnectionImpl.createNewIO(ConnectionImpl.java:826)
	... 117 common frames omitted
Caused by: java.net.ConnectException: Connection timed out: no further information
	at java.base/sun.nio.ch.Net.pollConnect(Native Method)
	at java.base/sun.nio.ch.Net.pollConnectNow(Net.java:660)
	at java.base/sun.nio.ch.NioSocketImpl.timedFinishConnect(NioSocketImpl.java:549)
	at java.base/sun.nio.ch.NioSocketImpl.connect(NioSocketImpl.java:597)
	at java.base/java.net.SocksSocketImpl.connect(SocksSocketImpl.java:333)
	at java.base/java.net.Socket.connect(Socket.java:648)
	at com.mysql.cj.protocol.StandardSocketFactory.connect(StandardSocketFactory.java:155)
	at com.mysql.cj.protocol.a.NativeSocketConnection.connect(NativeSocketConnection.java:63)
	... 120 common frames omitted
2021-05-30 09:58:07.772 [SpringContextShutdownHook] INFO  o.s.scheduling.concurrent.ThreadPoolTaskExecutor - Shutting down ExecutorService 'applicationTaskExecutor'
2021-05-30 09:58:32.034 [main] INFO  com.amarsoft.AmarPackTest.TestExportDoc - Starting TestExportDoc using Java 15.0.2 on wangminjie151 with PID 20176 (started by mjwang in D:\workspace\ApiDoc)
2021-05-30 09:58:32.035 [main] INFO  com.amarsoft.AmarPackTest.TestExportDoc - The following profiles are active: test
2021-05-30 09:58:33.319 [main] WARN  org.mybatis.spring.SqlSessionFactoryBean - Property 'mapperLocations' was specified but matching resources are not found.
2021-05-30 09:58:33.372 [main] WARN  org.mybatis.spring.SqlSessionFactoryBean - Property 'mapperLocations' was specified but matching resources are not found.
2021-05-30 09:58:33.945 [main] INFO  s.d.s.w.PropertySourcedRequestMappingHandlerMapping - Mapped URL path [/v2/api-docs] onto method [springfox.documentation.swagger2.web.Swagger2Controller#getDocumentation(String, HttpServletRequest)]
2021-05-30 09:58:34.242 [main] INFO  o.s.scheduling.concurrent.ThreadPoolTaskExecutor - Initializing ExecutorService 'applicationTaskExecutor'
2021-05-30 09:58:34.405 [main] WARN  org.thymeleaf.templatemode.TemplateMode - [THYMELEAF][main] Template Mode 'HTML5' is deprecated. Using Template Mode 'HTML' instead.
2021-05-30 09:58:34.582 [main] INFO  s.d.s.web.plugins.DocumentationPluginsBootstrapper - Context refreshed
2021-05-30 09:58:34.602 [main] INFO  s.d.s.web.plugins.DocumentationPluginsBootstrapper - Found 1 custom documentation plugin(s)
2021-05-30 09:58:34.626 [main] INFO  s.d.spring.web.scanners.ApiListingReferenceScanner - Scanning for api listing references
2021-05-30 09:58:34.784 [main] INFO  com.amarsoft.AmarPackTest.TestExportDoc - Started TestExportDoc in 3.102 seconds (JVM running for 3.998)
2021-05-30 09:58:35.159 [main] INFO  com.zaxxer.hikari.HikariDataSource - HikariPool-1 - Starting...
2021-05-30 09:58:36.135 [main] INFO  com.zaxxer.hikari.HikariDataSource - HikariPool-1 - Start completed.
2021-05-30 09:58:37.490 [SpringContextShutdownHook] INFO  o.s.scheduling.concurrent.ThreadPoolTaskExecutor - Shutting down ExecutorService 'applicationTaskExecutor'
2021-05-30 09:58:37.493 [SpringContextShutdownHook] INFO  com.zaxxer.hikari.HikariDataSource - HikariPool-1 - Shutdown initiated...
2021-05-30 09:58:37.856 [SpringContextShutdownHook] INFO  com.zaxxer.hikari.HikariDataSource - HikariPool-1 - Shutdown completed.
2021-05-30 10:00:48.179 [main] INFO  com.amarsoft.AmarPackTest.TestExportDoc - Starting TestExportDoc using Java 15.0.2 on wangminjie151 with PID 19928 (started by mjwang in D:\workspace\ApiDoc)
2021-05-30 10:00:48.180 [main] INFO  com.amarsoft.AmarPackTest.TestExportDoc - The following profiles are active: test
2021-05-30 10:00:49.404 [main] WARN  org.mybatis.spring.SqlSessionFactoryBean - Property 'mapperLocations' was specified but matching resources are not found.
2021-05-30 10:00:49.457 [main] WARN  org.mybatis.spring.SqlSessionFactoryBean - Property 'mapperLocations' was specified but matching resources are not found.
2021-05-30 10:00:49.969 [main] INFO  s.d.s.w.PropertySourcedRequestMappingHandlerMapping - Mapped URL path [/v2/api-docs] onto method [springfox.documentation.swagger2.web.Swagger2Controller#getDocumentation(String, HttpServletRequest)]
2021-05-30 10:00:50.213 [main] INFO  o.s.scheduling.concurrent.ThreadPoolTaskExecutor - Initializing ExecutorService 'applicationTaskExecutor'
2021-05-30 10:00:50.373 [main] WARN  org.thymeleaf.templatemode.TemplateMode - [THYMELEAF][main] Template Mode 'HTML5' is deprecated. Using Template Mode 'HTML' instead.
2021-05-30 10:00:50.560 [main] INFO  s.d.s.web.plugins.DocumentationPluginsBootstrapper - Context refreshed
2021-05-30 10:00:50.576 [main] INFO  s.d.s.web.plugins.DocumentationPluginsBootstrapper - Found 1 custom documentation plugin(s)
2021-05-30 10:00:50.597 [main] INFO  s.d.spring.web.scanners.ApiListingReferenceScanner - Scanning for api listing references
2021-05-30 10:00:50.751 [main] INFO  com.amarsoft.AmarPackTest.TestExportDoc - Started TestExportDoc in 2.926 seconds (JVM running for 3.914)
2021-05-30 10:00:51.102 [main] INFO  com.zaxxer.hikari.HikariDataSource - HikariPool-1 - Starting...
2021-05-30 10:00:51.837 [main] INFO  com.zaxxer.hikari.HikariDataSource - HikariPool-1 - Start completed.
2021-05-30 10:00:52.636 [SpringContextShutdownHook] INFO  o.s.scheduling.concurrent.ThreadPoolTaskExecutor - Shutting down ExecutorService 'applicationTaskExecutor'
2021-05-30 10:00:52.639 [SpringContextShutdownHook] INFO  com.zaxxer.hikari.HikariDataSource - HikariPool-1 - Shutdown initiated...
2021-05-30 10:00:52.985 [SpringContextShutdownHook] INFO  com.zaxxer.hikari.HikariDataSource - HikariPool-1 - Shutdown completed.
2021-05-30 13:50:56.295 [main] INFO  com.amarsoft.AmarPackTest.TestExportDoc - Starting TestExportDoc using Java 15.0.2 on wangminjie151 with PID 12076 (started by mjwang in D:\workspace\ApiDoc)
2021-05-30 13:50:56.296 [main] INFO  com.amarsoft.AmarPackTest.TestExportDoc - The following profiles are active: test
2021-05-30 13:50:57.741 [main] WARN  org.mybatis.spring.SqlSessionFactoryBean - Property 'mapperLocations' was specified but matching resources are not found.
2021-05-30 13:50:57.789 [main] WARN  org.mybatis.spring.SqlSessionFactoryBean - Property 'mapperLocations' was specified but matching resources are not found.
2021-05-30 13:50:58.280 [main] INFO  s.d.s.w.PropertySourcedRequestMappingHandlerMapping - Mapped URL path [/v2/api-docs] onto method [springfox.documentation.swagger2.web.Swagger2Controller#getDocumentation(String, HttpServletRequest)]
2021-05-30 13:50:58.538 [main] INFO  o.s.scheduling.concurrent.ThreadPoolTaskExecutor - Initializing ExecutorService 'applicationTaskExecutor'
2021-05-30 13:50:58.694 [main] WARN  org.thymeleaf.templatemode.TemplateMode - [THYMELEAF][main] Template Mode 'HTML5' is deprecated. Using Template Mode 'HTML' instead.
2021-05-30 13:50:58.873 [main] INFO  s.d.s.web.plugins.DocumentationPluginsBootstrapper - Context refreshed
2021-05-30 13:50:58.890 [main] INFO  s.d.s.web.plugins.DocumentationPluginsBootstrapper - Found 1 custom documentation plugin(s)
2021-05-30 13:50:58.910 [main] INFO  s.d.spring.web.scanners.ApiListingReferenceScanner - Scanning for api listing references
2021-05-30 13:50:59.064 [main] INFO  com.amarsoft.AmarPackTest.TestExportDoc - Started TestExportDoc in 3.18 seconds (JVM running for 4.313)
2021-05-30 13:50:59.432 [main] INFO  com.zaxxer.hikari.HikariDataSource - HikariPool-1 - Starting...
2021-05-30 13:51:00.218 [main] INFO  com.zaxxer.hikari.HikariDataSource - HikariPool-1 - Start completed.
2021-05-30 13:51:01.381 [SpringContextShutdownHook] INFO  o.s.scheduling.concurrent.ThreadPoolTaskExecutor - Shutting down ExecutorService 'applicationTaskExecutor'
2021-05-30 13:51:01.384 [SpringContextShutdownHook] INFO  com.zaxxer.hikari.HikariDataSource - HikariPool-1 - Shutdown initiated...
2021-05-30 13:51:01.648 [SpringContextShutdownHook] INFO  com.zaxxer.hikari.HikariDataSource - HikariPool-1 - Shutdown completed.
2021-05-30 14:04:58.923 [main] INFO  com.amarsoft.AmarPackTest.TestExportDoc - Starting TestExportDoc using Java 15.0.2 on wangminjie151 with PID 1244 (started by mjwang in D:\workspace\ApiDoc)
2021-05-30 14:04:58.924 [main] INFO  com.amarsoft.AmarPackTest.TestExportDoc - The following profiles are active: test
2021-05-30 14:05:00.153 [main] WARN  org.mybatis.spring.SqlSessionFactoryBean - Property 'mapperLocations' was specified but matching resources are not found.
2021-05-30 14:05:00.200 [main] WARN  org.mybatis.spring.SqlSessionFactoryBean - Property 'mapperLocations' was specified but matching resources are not found.
2021-05-30 14:05:00.701 [main] INFO  s.d.s.w.PropertySourcedRequestMappingHandlerMapping - Mapped URL path [/v2/api-docs] onto method [springfox.documentation.swagger2.web.Swagger2Controller#getDocumentation(String, HttpServletRequest)]
2021-05-30 14:05:00.958 [main] INFO  o.s.scheduling.concurrent.ThreadPoolTaskExecutor - Initializing ExecutorService 'applicationTaskExecutor'
2021-05-30 14:05:01.106 [main] WARN  org.thymeleaf.templatemode.TemplateMode - [THYMELEAF][main] Template Mode 'HTML5' is deprecated. Using Template Mode 'HTML' instead.
2021-05-30 14:05:01.281 [main] INFO  s.d.s.web.plugins.DocumentationPluginsBootstrapper - Context refreshed
2021-05-30 14:05:01.297 [main] INFO  s.d.s.web.plugins.DocumentationPluginsBootstrapper - Found 1 custom documentation plugin(s)
2021-05-30 14:05:01.318 [main] INFO  s.d.spring.web.scanners.ApiListingReferenceScanner - Scanning for api listing references
2021-05-30 14:05:01.476 [main] INFO  com.amarsoft.AmarPackTest.TestExportDoc - Started TestExportDoc in 2.921 seconds (JVM running for 3.821)
2021-05-30 14:05:01.847 [main] INFO  com.zaxxer.hikari.HikariDataSource - HikariPool-1 - Starting...
2021-05-30 14:05:02.518 [main] INFO  com.zaxxer.hikari.HikariDataSource - HikariPool-1 - Start completed.
2021-05-30 14:05:03.375 [SpringContextShutdownHook] INFO  o.s.scheduling.concurrent.ThreadPoolTaskExecutor - Shutting down ExecutorService 'applicationTaskExecutor'
2021-05-30 14:05:03.377 [SpringContextShutdownHook] INFO  com.zaxxer.hikari.HikariDataSource - HikariPool-1 - Shutdown initiated...
2021-05-30 14:05:03.672 [SpringContextShutdownHook] INFO  com.zaxxer.hikari.HikariDataSource - HikariPool-1 - Shutdown completed.
2021-05-30 14:14:14.652 [main] INFO  com.amarsoft.AmarPackTest.TestExportDoc - Starting TestExportDoc using Java 15.0.2 on wangminjie151 with PID 5260 (started by mjwang in D:\workspace\ApiDoc)
2021-05-30 14:14:14.653 [main] INFO  com.amarsoft.AmarPackTest.TestExportDoc - The following profiles are active: test
2021-05-30 14:14:16.184 [main] WARN  org.mybatis.spring.SqlSessionFactoryBean - Property 'mapperLocations' was specified but matching resources are not found.
2021-05-30 14:14:16.240 [main] WARN  org.mybatis.spring.SqlSessionFactoryBean - Property 'mapperLocations' was specified but matching resources are not found.
2021-05-30 14:14:16.851 [main] INFO  s.d.s.w.PropertySourcedRequestMappingHandlerMapping - Mapped URL path [/v2/api-docs] onto method [springfox.documentation.swagger2.web.Swagger2Controller#getDocumentation(String, HttpServletRequest)]
2021-05-30 14:14:17.135 [main] INFO  o.s.scheduling.concurrent.ThreadPoolTaskExecutor - Initializing ExecutorService 'applicationTaskExecutor'
2021-05-30 14:14:17.314 [main] WARN  org.thymeleaf.templatemode.TemplateMode - [THYMELEAF][main] Template Mode 'HTML5' is deprecated. Using Template Mode 'HTML' instead.
2021-05-30 14:14:17.535 [main] INFO  s.d.s.web.plugins.DocumentationPluginsBootstrapper - Context refreshed
2021-05-30 14:14:17.554 [main] INFO  s.d.s.web.plugins.DocumentationPluginsBootstrapper - Found 1 custom documentation plugin(s)
2021-05-30 14:14:17.583 [main] INFO  s.d.spring.web.scanners.ApiListingReferenceScanner - Scanning for api listing references
2021-05-30 14:14:17.764 [main] INFO  com.amarsoft.AmarPackTest.TestExportDoc - Started TestExportDoc in 3.499 seconds (JVM running for 4.835)
2021-05-30 14:14:18.205 [main] INFO  com.zaxxer.hikari.HikariDataSource - HikariPool-1 - Starting...
2021-05-30 14:14:18.924 [main] INFO  com.zaxxer.hikari.HikariDataSource - HikariPool-1 - Start completed.
2021-05-30 14:14:20.092 [SpringContextShutdownHook] INFO  o.s.scheduling.concurrent.ThreadPoolTaskExecutor - Shutting down ExecutorService 'applicationTaskExecutor'
2021-05-30 14:14:20.096 [SpringContextShutdownHook] INFO  com.zaxxer.hikari.HikariDataSource - HikariPool-1 - Shutdown initiated...
2021-05-30 14:14:20.848 [SpringContextShutdownHook] INFO  com.zaxxer.hikari.HikariDataSource - HikariPool-1 - Shutdown completed.
2021-05-30 14:16:11.452 [main] INFO  com.amarsoft.AmarPackTest.TestExportDoc - Starting TestExportDoc using Java 15.0.2 on wangminjie151 with PID 14276 (started by mjwang in D:\workspace\ApiDoc)
2021-05-30 14:16:11.453 [main] INFO  com.amarsoft.AmarPackTest.TestExportDoc - The following profiles are active: test
2021-05-30 14:16:12.699 [main] WARN  org.mybatis.spring.SqlSessionFactoryBean - Property 'mapperLocations' was specified but matching resources are not found.
2021-05-30 14:16:12.744 [main] WARN  org.mybatis.spring.SqlSessionFactoryBean - Property 'mapperLocations' was specified but matching resources are not found.
2021-05-30 14:16:13.249 [main] INFO  s.d.s.w.PropertySourcedRequestMappingHandlerMapping - Mapped URL path [/v2/api-docs] onto method [springfox.documentation.swagger2.web.Swagger2Controller#getDocumentation(String, HttpServletRequest)]
2021-05-30 14:16:13.500 [main] INFO  o.s.scheduling.concurrent.ThreadPoolTaskExecutor - Initializing ExecutorService 'applicationTaskExecutor'
2021-05-30 14:16:13.655 [main] WARN  org.thymeleaf.templatemode.TemplateMode - [THYMELEAF][main] Template Mode 'HTML5' is deprecated. Using Template Mode 'HTML' instead.
2021-05-30 14:16:13.836 [main] INFO  s.d.s.web.plugins.DocumentationPluginsBootstrapper - Context refreshed
2021-05-30 14:16:13.853 [main] INFO  s.d.s.web.plugins.DocumentationPluginsBootstrapper - Found 1 custom documentation plugin(s)
2021-05-30 14:16:13.873 [main] INFO  s.d.spring.web.scanners.ApiListingReferenceScanner - Scanning for api listing references
2021-05-30 14:16:14.033 [main] INFO  com.amarsoft.AmarPackTest.TestExportDoc - Started TestExportDoc in 2.934 seconds (JVM running for 3.825)
2021-05-30 14:16:14.392 [main] INFO  com.zaxxer.hikari.HikariDataSource - HikariPool-1 - Starting...
2021-05-30 14:16:15.123 [main] INFO  com.zaxxer.hikari.HikariDataSource - HikariPool-1 - Start completed.
2021-05-30 14:16:15.990 [SpringContextShutdownHook] INFO  o.s.scheduling.concurrent.ThreadPoolTaskExecutor - Shutting down ExecutorService 'applicationTaskExecutor'
2021-05-30 14:16:15.992 [SpringContextShutdownHook] INFO  com.zaxxer.hikari.HikariDataSource - HikariPool-1 - Shutdown initiated...
2021-05-30 14:16:16.063 [SpringContextShutdownHook] INFO  com.zaxxer.hikari.HikariDataSource - HikariPool-1 - Shutdown completed.
2021-05-30 14:16:48.058 [main] INFO  com.amarsoft.AmarPackTest.TestExportDoc - Starting TestExportDoc using Java 15.0.2 on wangminjie151 with PID 9196 (started by mjwang in D:\workspace\ApiDoc)
2021-05-30 14:16:48.059 [main] INFO  com.amarsoft.AmarPackTest.TestExportDoc - The following profiles are active: test
2021-05-30 14:16:49.311 [main] WARN  org.mybatis.spring.SqlSessionFactoryBean - Property 'mapperLocations' was specified but matching resources are not found.
2021-05-30 14:16:49.353 [main] WARN  org.mybatis.spring.SqlSessionFactoryBean - Property 'mapperLocations' was specified but matching resources are not found.
2021-05-30 14:16:49.891 [main] INFO  s.d.s.w.PropertySourcedRequestMappingHandlerMapping - Mapped URL path [/v2/api-docs] onto method [springfox.documentation.swagger2.web.Swagger2Controller#getDocumentation(String, HttpServletRequest)]
2021-05-30 14:16:50.146 [main] INFO  o.s.scheduling.concurrent.ThreadPoolTaskExecutor - Initializing ExecutorService 'applicationTaskExecutor'
2021-05-30 14:16:50.297 [main] WARN  org.thymeleaf.templatemode.TemplateMode - [THYMELEAF][main] Template Mode 'HTML5' is deprecated. Using Template Mode 'HTML' instead.
2021-05-30 14:16:50.464 [main] INFO  s.d.s.web.plugins.DocumentationPluginsBootstrapper - Context refreshed
2021-05-30 14:16:50.481 [main] INFO  s.d.s.web.plugins.DocumentationPluginsBootstrapper - Found 1 custom documentation plugin(s)
2021-05-30 14:16:50.502 [main] INFO  s.d.spring.web.scanners.ApiListingReferenceScanner - Scanning for api listing references
2021-05-30 14:16:50.654 [main] INFO  com.amarsoft.AmarPackTest.TestExportDoc - Started TestExportDoc in 2.941 seconds (JVM running for 3.862)
2021-05-30 14:16:51.019 [main] INFO  com.zaxxer.hikari.HikariDataSource - HikariPool-1 - Starting...
2021-05-30 14:16:51.742 [main] INFO  com.zaxxer.hikari.HikariDataSource - HikariPool-1 - Start completed.
2021-05-30 14:16:52.575 [SpringContextShutdownHook] INFO  o.s.scheduling.concurrent.ThreadPoolTaskExecutor - Shutting down ExecutorService 'applicationTaskExecutor'
2021-05-30 14:16:52.578 [SpringContextShutdownHook] INFO  com.zaxxer.hikari.HikariDataSource - HikariPool-1 - Shutdown initiated...
2021-05-30 14:16:52.876 [SpringContextShutdownHook] INFO  com.zaxxer.hikari.HikariDataSource - HikariPool-1 - Shutdown completed.
2021-05-30 14:18:55.438 [main] INFO  com.amarsoft.AmarPackTest.TestExportDoc - Starting TestExportDoc using Java 15.0.2 on wangminjie151 with PID 8100 (started by mjwang in D:\workspace\ApiDoc)
2021-05-30 14:18:55.439 [main] INFO  com.amarsoft.AmarPackTest.TestExportDoc - The following profiles are active: test
2021-05-30 14:18:57.162 [main] WARN  org.mybatis.spring.SqlSessionFactoryBean - Property 'mapperLocations' was specified but matching resources are not found.
2021-05-30 14:18:57.221 [main] WARN  org.mybatis.spring.SqlSessionFactoryBean - Property 'mapperLocations' was specified but matching resources are not found.
2021-05-30 14:18:57.899 [main] INFO  s.d.s.w.PropertySourcedRequestMappingHandlerMapping - Mapped URL path [/v2/api-docs] onto method [springfox.documentation.swagger2.web.Swagger2Controller#getDocumentation(String, HttpServletRequest)]
2021-05-30 14:18:58.136 [main] INFO  o.s.scheduling.concurrent.ThreadPoolTaskExecutor - Initializing ExecutorService 'applicationTaskExecutor'
2021-05-30 14:18:58.295 [main] WARN  org.thymeleaf.templatemode.TemplateMode - [THYMELEAF][main] Template Mode 'HTML5' is deprecated. Using Template Mode 'HTML' instead.
2021-05-30 14:18:58.478 [main] INFO  s.d.s.web.plugins.DocumentationPluginsBootstrapper - Context refreshed
2021-05-30 14:18:58.495 [main] INFO  s.d.s.web.plugins.DocumentationPluginsBootstrapper - Found 1 custom documentation plugin(s)
2021-05-30 14:18:58.519 [main] INFO  s.d.spring.web.scanners.ApiListingReferenceScanner - Scanning for api listing references
2021-05-30 14:18:58.682 [main] INFO  com.amarsoft.AmarPackTest.TestExportDoc - Started TestExportDoc in 3.67 seconds (JVM running for 4.629)
2021-05-30 14:18:59.086 [main] INFO  com.zaxxer.hikari.HikariDataSource - HikariPool-1 - Starting...
2021-05-30 14:19:00.341 [main] INFO  com.zaxxer.hikari.HikariDataSource - HikariPool-1 - Start completed.
2021-05-30 14:19:01.325 [SpringContextShutdownHook] INFO  o.s.scheduling.concurrent.ThreadPoolTaskExecutor - Shutting down ExecutorService 'applicationTaskExecutor'
2021-05-30 14:19:01.327 [SpringContextShutdownHook] INFO  com.zaxxer.hikari.HikariDataSource - HikariPool-1 - Shutdown initiated...
2021-05-30 14:19:01.616 [SpringContextShutdownHook] INFO  com.zaxxer.hikari.HikariDataSource - HikariPool-1 - Shutdown completed.
2021-05-30 14:20:44.361 [main] INFO  com.amarsoft.AmarPackTest.TestExportDoc - Starting TestExportDoc using Java 15.0.2 on wangminjie151 with PID 9244 (started by mjwang in D:\workspace\ApiDoc)
2021-05-30 14:20:44.361 [main] INFO  com.amarsoft.AmarPackTest.TestExportDoc - The following profiles are active: test
2021-05-30 14:20:45.841 [main] WARN  org.mybatis.spring.SqlSessionFactoryBean - Property 'mapperLocations' was specified but matching resources are not found.
2021-05-30 14:20:45.902 [main] WARN  org.mybatis.spring.SqlSessionFactoryBean - Property 'mapperLocations' was specified but matching resources are not found.
2021-05-30 14:20:46.535 [main] INFO  s.d.s.w.PropertySourcedRequestMappingHandlerMapping - Mapped URL path [/v2/api-docs] onto method [springfox.documentation.swagger2.web.Swagger2Controller#getDocumentation(String, HttpServletRequest)]
2021-05-30 14:20:48.348 [main] INFO  o.s.scheduling.concurrent.ThreadPoolTaskExecutor - Initializing ExecutorService 'applicationTaskExecutor'
2021-05-30 14:20:48.584 [main] WARN  org.thymeleaf.templatemode.TemplateMode - [THYMELEAF][main] Template Mode 'HTML5' is deprecated. Using Template Mode 'HTML' instead.
2021-05-30 14:20:48.871 [main] INFO  s.d.s.web.plugins.DocumentationPluginsBootstrapper - Context refreshed
2021-05-30 14:20:48.895 [main] INFO  s.d.s.web.plugins.DocumentationPluginsBootstrapper - Found 1 custom documentation plugin(s)
2021-05-30 14:20:48.929 [main] INFO  s.d.spring.web.scanners.ApiListingReferenceScanner - Scanning for api listing references
2021-05-30 14:20:49.147 [main] INFO  com.amarsoft.AmarPackTest.TestExportDoc - Started TestExportDoc in 5.182 seconds (JVM running for 6.181)
2021-05-30 14:20:49.577 [main] INFO  com.zaxxer.hikari.HikariDataSource - HikariPool-1 - Starting...
2021-05-30 14:20:50.262 [main] INFO  com.zaxxer.hikari.HikariDataSource - HikariPool-1 - Start completed.
2021-05-30 14:20:51.181 [SpringContextShutdownHook] INFO  o.s.scheduling.concurrent.ThreadPoolTaskExecutor - Shutting down ExecutorService 'applicationTaskExecutor'
2021-05-30 14:20:51.184 [SpringContextShutdownHook] INFO  com.zaxxer.hikari.HikariDataSource - HikariPool-1 - Shutdown initiated...
2021-05-30 14:20:51.474 [SpringContextShutdownHook] INFO  com.zaxxer.hikari.HikariDataSource - HikariPool-1 - Shutdown completed.
2021-05-30 14:21:39.190 [main] INFO  com.amarsoft.AmarPackTest.TestExportDoc - Starting TestExportDoc using Java 15.0.2 on wangminjie151 with PID 12924 (started by mjwang in D:\workspace\ApiDoc)
2021-05-30 14:21:39.191 [main] INFO  com.amarsoft.AmarPackTest.TestExportDoc - The following profiles are active: test
2021-05-30 14:21:40.450 [main] WARN  org.mybatis.spring.SqlSessionFactoryBean - Property 'mapperLocations' was specified but matching resources are not found.
2021-05-30 14:21:40.503 [main] WARN  org.mybatis.spring.SqlSessionFactoryBean - Property 'mapperLocations' was specified but matching resources are not found.
2021-05-30 14:21:41.037 [main] INFO  s.d.s.w.PropertySourcedRequestMappingHandlerMapping - Mapped URL path [/v2/api-docs] onto method [springfox.documentation.swagger2.web.Swagger2Controller#getDocumentation(String, HttpServletRequest)]
2021-05-30 14:21:41.283 [main] INFO  o.s.scheduling.concurrent.ThreadPoolTaskExecutor - Initializing ExecutorService 'applicationTaskExecutor'
2021-05-30 14:21:41.456 [main] WARN  org.thymeleaf.templatemode.TemplateMode - [THYMELEAF][main] Template Mode 'HTML5' is deprecated. Using Template Mode 'HTML' instead.
2021-05-30 14:21:41.641 [main] INFO  s.d.s.web.plugins.DocumentationPluginsBootstrapper - Context refreshed
2021-05-30 14:21:41.659 [main] INFO  s.d.s.web.plugins.DocumentationPluginsBootstrapper - Found 1 custom documentation plugin(s)
2021-05-30 14:21:41.684 [main] INFO  s.d.spring.web.scanners.ApiListingReferenceScanner - Scanning for api listing references
2021-05-30 14:21:41.844 [main] INFO  com.amarsoft.AmarPackTest.TestExportDoc - Started TestExportDoc in 3.054 seconds (JVM running for 3.935)
2021-05-30 14:21:42.209 [main] INFO  com.zaxxer.hikari.HikariDataSource - HikariPool-1 - Starting...
2021-05-30 14:21:42.978 [main] INFO  com.zaxxer.hikari.HikariDataSource - HikariPool-1 - Start completed.
2021-05-30 14:21:43.828 [SpringContextShutdownHook] INFO  o.s.scheduling.concurrent.ThreadPoolTaskExecutor - Shutting down ExecutorService 'applicationTaskExecutor'
2021-05-30 14:21:43.831 [SpringContextShutdownHook] INFO  com.zaxxer.hikari.HikariDataSource - HikariPool-1 - Shutdown initiated...
2021-05-30 14:21:44.175 [SpringContextShutdownHook] INFO  com.zaxxer.hikari.HikariDataSource - HikariPool-1 - Shutdown completed.
2021-05-30 14:22:53.596 [main] INFO  com.amarsoft.AmarPackTest.TestExportDoc - Starting TestExportDoc using Java 15.0.2 on wangminjie151 with PID 17624 (started by mjwang in D:\workspace\ApiDoc)
2021-05-30 14:22:53.597 [main] INFO  com.amarsoft.AmarPackTest.TestExportDoc - The following profiles are active: test
2021-05-30 14:22:54.843 [main] WARN  org.mybatis.spring.SqlSessionFactoryBean - Property 'mapperLocations' was specified but matching resources are not found.
2021-05-30 14:22:54.896 [main] WARN  org.mybatis.spring.SqlSessionFactoryBean - Property 'mapperLocations' was specified but matching resources are not found.
2021-05-30 14:22:55.401 [main] INFO  s.d.s.w.PropertySourcedRequestMappingHandlerMapping - Mapped URL path [/v2/api-docs] onto method [springfox.documentation.swagger2.web.Swagger2Controller#getDocumentation(String, HttpServletRequest)]
2021-05-30 14:22:55.657 [main] INFO  o.s.scheduling.concurrent.ThreadPoolTaskExecutor - Initializing ExecutorService 'applicationTaskExecutor'
2021-05-30 14:22:55.803 [main] WARN  org.thymeleaf.templatemode.TemplateMode - [THYMELEAF][main] Template Mode 'HTML5' is deprecated. Using Template Mode 'HTML' instead.
2021-05-30 14:22:55.973 [main] INFO  s.d.s.web.plugins.DocumentationPluginsBootstrapper - Context refreshed
2021-05-30 14:22:55.989 [main] INFO  s.d.s.web.plugins.DocumentationPluginsBootstrapper - Found 1 custom documentation plugin(s)
2021-05-30 14:22:56.010 [main] INFO  s.d.spring.web.scanners.ApiListingReferenceScanner - Scanning for api listing references
2021-05-30 14:22:56.162 [main] INFO  com.amarsoft.AmarPackTest.TestExportDoc - Started TestExportDoc in 2.931 seconds (JVM running for 3.815)
2021-05-30 14:22:56.519 [main] INFO  com.zaxxer.hikari.HikariDataSource - HikariPool-1 - Starting...
2021-05-30 14:22:57.253 [main] INFO  com.zaxxer.hikari.HikariDataSource - HikariPool-1 - Start completed.
2021-05-30 14:22:58.141 [SpringContextShutdownHook] INFO  o.s.scheduling.concurrent.ThreadPoolTaskExecutor - Shutting down ExecutorService 'applicationTaskExecutor'
2021-05-30 14:22:58.144 [SpringContextShutdownHook] INFO  com.zaxxer.hikari.HikariDataSource - HikariPool-1 - Shutdown initiated...
2021-05-30 14:22:58.462 [SpringContextShutdownHook] INFO  com.zaxxer.hikari.HikariDataSource - HikariPool-1 - Shutdown completed.
2021-05-30 14:24:51.348 [main] INFO  com.amarsoft.AmarPackTest.TestExportDoc - Starting TestExportDoc using Java 15.0.2 on wangminjie151 with PID 12672 (started by mjwang in D:\workspace\ApiDoc)
2021-05-30 14:24:51.349 [main] INFO  com.amarsoft.AmarPackTest.TestExportDoc - The following profiles are active: test
2021-05-30 14:24:52.633 [main] WARN  org.mybatis.spring.SqlSessionFactoryBean - Property 'mapperLocations' was specified but matching resources are not found.
2021-05-30 14:24:52.687 [main] WARN  org.mybatis.spring.SqlSessionFactoryBean - Property 'mapperLocations' was specified but matching resources are not found.
2021-05-30 14:24:53.211 [main] INFO  s.d.s.w.PropertySourcedRequestMappingHandlerMapping - Mapped URL path [/v2/api-docs] onto method [springfox.documentation.swagger2.web.Swagger2Controller#getDocumentation(String, HttpServletRequest)]
2021-05-30 14:24:53.460 [main] INFO  o.s.scheduling.concurrent.ThreadPoolTaskExecutor - Initializing ExecutorService 'applicationTaskExecutor'
2021-05-30 14:24:53.627 [main] WARN  org.thymeleaf.templatemode.TemplateMode - [THYMELEAF][main] Template Mode 'HTML5' is deprecated. Using Template Mode 'HTML' instead.
2021-05-30 14:24:53.810 [main] INFO  s.d.s.web.plugins.DocumentationPluginsBootstrapper - Context refreshed
2021-05-30 14:24:53.829 [main] INFO  s.d.s.web.plugins.DocumentationPluginsBootstrapper - Found 1 custom documentation plugin(s)
2021-05-30 14:24:53.851 [main] INFO  s.d.spring.web.scanners.ApiListingReferenceScanner - Scanning for api listing references
2021-05-30 14:24:54.021 [main] INFO  com.amarsoft.AmarPackTest.TestExportDoc - Started TestExportDoc in 3.017 seconds (JVM running for 3.894)
2021-05-30 14:24:54.386 [main] INFO  com.zaxxer.hikari.HikariDataSource - HikariPool-1 - Starting...
2021-05-30 14:24:55.102 [main] INFO  com.zaxxer.hikari.HikariDataSource - HikariPool-1 - Start completed.
2021-05-30 14:24:55.909 [SpringContextShutdownHook] INFO  o.s.scheduling.concurrent.ThreadPoolTaskExecutor - Shutting down ExecutorService 'applicationTaskExecutor'
2021-05-30 14:24:55.913 [SpringContextShutdownHook] INFO  com.zaxxer.hikari.HikariDataSource - HikariPool-1 - Shutdown initiated...
2021-05-30 14:24:56.250 [SpringContextShutdownHook] INFO  com.zaxxer.hikari.HikariDataSource - HikariPool-1 - Shutdown completed.
2021-05-30 14:32:45.019 [main] INFO  com.amarsoft.AmarPackTest.TestExportDoc - Starting TestExportDoc using Java 15.0.2 on wangminjie151 with PID 11044 (started by mjwang in D:\workspace\ApiDoc)
2021-05-30 14:32:45.019 [main] INFO  com.amarsoft.AmarPackTest.TestExportDoc - The following profiles are active: test
2021-05-30 14:32:46.460 [main] WARN  org.mybatis.spring.SqlSessionFactoryBean - Property 'mapperLocations' was specified but matching resources are not found.
2021-05-30 14:32:46.521 [main] WARN  org.mybatis.spring.SqlSessionFactoryBean - Property 'mapperLocations' was specified but matching resources are not found.
2021-05-30 14:32:47.163 [main] INFO  s.d.s.w.PropertySourcedRequestMappingHandlerMapping - Mapped URL path [/v2/api-docs] onto method [springfox.documentation.swagger2.web.Swagger2Controller#getDocumentation(String, HttpServletRequest)]
2021-05-30 14:32:48.904 [main] INFO  o.s.scheduling.concurrent.ThreadPoolTaskExecutor - Initializing ExecutorService 'applicationTaskExecutor'
2021-05-30 14:32:49.190 [main] WARN  org.thymeleaf.templatemode.TemplateMode - [THYMELEAF][main] Template Mode 'HTML5' is deprecated. Using Template Mode 'HTML' instead.
2021-05-30 14:32:49.387 [main] INFO  s.d.s.web.plugins.DocumentationPluginsBootstrapper - Context refreshed
2021-05-30 14:32:49.407 [main] INFO  s.d.s.web.plugins.DocumentationPluginsBootstrapper - Found 1 custom documentation plugin(s)
2021-05-30 14:32:49.430 [main] INFO  s.d.spring.web.scanners.ApiListingReferenceScanner - Scanning for api listing references
2021-05-30 14:32:49.605 [main] INFO  com.amarsoft.AmarPackTest.TestExportDoc - Started TestExportDoc in 4.996 seconds (JVM running for 6.074)
2021-05-30 14:32:50.017 [SpringContextShutdownHook] INFO  o.s.scheduling.concurrent.ThreadPoolTaskExecutor - Shutting down ExecutorService 'applicationTaskExecutor'
2021-05-30 14:33:03.286 [main] INFO  com.amarsoft.AmarPackTest.TestExportDoc - Starting TestExportDoc using Java 15.0.2 on wangminjie151 with PID 3216 (started by mjwang in D:\workspace\ApiDoc)
2021-05-30 14:33:03.287 [main] INFO  com.amarsoft.AmarPackTest.TestExportDoc - The following profiles are active: test
2021-05-30 14:33:04.817 [main] WARN  org.mybatis.spring.SqlSessionFactoryBean - Property 'mapperLocations' was specified but matching resources are not found.
2021-05-30 14:33:04.877 [main] WARN  org.mybatis.spring.SqlSessionFactoryBean - Property 'mapperLocations' was specified but matching resources are not found.
2021-05-30 14:33:05.514 [main] INFO  s.d.s.w.PropertySourcedRequestMappingHandlerMapping - Mapped URL path [/v2/api-docs] onto method [springfox.documentation.swagger2.web.Swagger2Controller#getDocumentation(String, HttpServletRequest)]
2021-05-30 14:33:05.845 [main] INFO  o.s.scheduling.concurrent.ThreadPoolTaskExecutor - Initializing ExecutorService 'applicationTaskExecutor'
2021-05-30 14:33:06.052 [main] WARN  org.thymeleaf.templatemode.TemplateMode - [THYMELEAF][main] Template Mode 'HTML5' is deprecated. Using Template Mode 'HTML' instead.
2021-05-30 14:33:06.305 [main] INFO  s.d.s.web.plugins.DocumentationPluginsBootstrapper - Context refreshed
2021-05-30 14:33:06.326 [main] INFO  s.d.s.web.plugins.DocumentationPluginsBootstrapper - Found 1 custom documentation plugin(s)
2021-05-30 14:33:06.353 [main] INFO  s.d.spring.web.scanners.ApiListingReferenceScanner - Scanning for api listing references
2021-05-30 14:33:06.608 [main] INFO  com.amarsoft.AmarPackTest.TestExportDoc - Started TestExportDoc in 3.735 seconds (JVM running for 4.8)
2021-05-30 14:33:07.099 [main] INFO  com.zaxxer.hikari.HikariDataSource - HikariPool-1 - Starting...
2021-05-30 14:33:07.831 [main] INFO  com.zaxxer.hikari.HikariDataSource - HikariPool-1 - Start completed.
2021-05-30 14:33:08.765 [SpringContextShutdownHook] INFO  o.s.scheduling.concurrent.ThreadPoolTaskExecutor - Shutting down ExecutorService 'applicationTaskExecutor'
2021-05-30 14:33:08.768 [SpringContextShutdownHook] INFO  com.zaxxer.hikari.HikariDataSource - HikariPool-1 - Shutdown initiated...
2021-05-30 14:33:09.011 [SpringContextShutdownHook] INFO  com.zaxxer.hikari.HikariDataSource - HikariPool-1 - Shutdown completed.
2021-05-30 14:33:42.234 [main] INFO  com.amarsoft.AmarPackTest.TestExportDoc - Starting TestExportDoc using Java 15.0.2 on wangminjie151 with PID 6416 (started by mjwang in D:\workspace\ApiDoc)
2021-05-30 14:33:42.235 [main] INFO  com.amarsoft.AmarPackTest.TestExportDoc - The following profiles are active: test
2021-05-30 14:33:43.418 [main] WARN  org.mybatis.spring.SqlSessionFactoryBean - Property 'mapperLocations' was specified but matching resources are not found.
2021-05-30 14:33:43.466 [main] WARN  org.mybatis.spring.SqlSessionFactoryBean - Property 'mapperLocations' was specified but matching resources are not found.
2021-05-30 14:33:43.987 [main] INFO  s.d.s.w.PropertySourcedRequestMappingHandlerMapping - Mapped URL path [/v2/api-docs] onto method [springfox.documentation.swagger2.web.Swagger2Controller#getDocumentation(String, HttpServletRequest)]
2021-05-30 14:33:44.228 [main] INFO  o.s.scheduling.concurrent.ThreadPoolTaskExecutor - Initializing ExecutorService 'applicationTaskExecutor'
2021-05-30 14:33:44.379 [main] WARN  org.thymeleaf.templatemode.TemplateMode - [THYMELEAF][main] Template Mode 'HTML5' is deprecated. Using Template Mode 'HTML' instead.
2021-05-30 14:33:44.550 [main] INFO  s.d.s.web.plugins.DocumentationPluginsBootstrapper - Context refreshed
2021-05-30 14:33:44.570 [main] INFO  s.d.s.web.plugins.DocumentationPluginsBootstrapper - Found 1 custom documentation plugin(s)
2021-05-30 14:33:44.592 [main] INFO  s.d.spring.web.scanners.ApiListingReferenceScanner - Scanning for api listing references
2021-05-30 14:33:44.739 [main] INFO  com.amarsoft.AmarPackTest.TestExportDoc - Started TestExportDoc in 2.899 seconds (JVM running for 3.805)
2021-05-30 14:33:45.095 [main] INFO  com.zaxxer.hikari.HikariDataSource - HikariPool-1 - Starting...
2021-05-30 14:33:45.825 [main] INFO  com.zaxxer.hikari.HikariDataSource - HikariPool-1 - Start completed.
2021-05-30 14:33:46.650 [SpringContextShutdownHook] INFO  o.s.scheduling.concurrent.ThreadPoolTaskExecutor - Shutting down ExecutorService 'applicationTaskExecutor'
2021-05-30 14:33:46.654 [SpringContextShutdownHook] INFO  com.zaxxer.hikari.HikariDataSource - HikariPool-1 - Shutdown initiated...
2021-05-30 14:33:47.010 [SpringContextShutdownHook] INFO  com.zaxxer.hikari.HikariDataSource - HikariPool-1 - Shutdown completed.
